<?xml version="1.0" encoding="UTF-8"?>
<robot generator="Robot 7.1.1 (Python 3.12.5 on darwin)" generated="2025-09-25T13:48:05.940758" rpa="false" schemaversion="5">
<suite id="s1" name="Activity1" source="/Users/ivangonzales/VSCode Projects/robot/Tests/Activity1.robot">
<kw name="Prepare Test" type="SETUP">
<kw name="Launch browser" owner="CustomerPage">
<kw name="Evaluate" owner="BuiltIn">
<msg time="2025-09-25T13:48:06.073325" level="INFO">${options} = &lt;selenium.webdriver.chrome.options.Options object at 0x102f7b260&gt;</msg>
<var>${options}</var>
<arg>sys.modules['selenium.webdriver'].ChromeOptions()</arg>
<arg>sys, selenium.webdriver</arg>
<doc>Evaluates the given expression in Python and returns the result.</doc>
<status status="PASS" start="2025-09-25T13:48:06.073143" elapsed="0.001534"/>
</kw>
<kw name="Call Method" owner="BuiltIn">
<arg>${options}</arg>
<arg>add_argument</arg>
<arg>--disable-popup-blocking</arg>
<doc>Calls the named method of the given object with the provided arguments.</doc>
<status status="PASS" start="2025-09-25T13:48:06.074967" elapsed="0.000141"/>
</kw>
<kw name="Call Method" owner="BuiltIn">
<arg>${options}</arg>
<arg>add_argument</arg>
<arg>--disable-notifications</arg>
<doc>Calls the named method of the given object with the provided arguments.</doc>
<status status="PASS" start="2025-09-25T13:48:06.075209" elapsed="0.000140"/>
</kw>
<kw name="Call Method" owner="BuiltIn">
<arg>${options}</arg>
<arg>add_argument</arg>
<arg>--disable-save-password-bubble</arg>
<doc>Calls the named method of the given object with the provided arguments.</doc>
<status status="PASS" start="2025-09-25T13:48:06.075450" elapsed="0.000117"/>
</kw>
<kw name="Call Method" owner="BuiltIn">
<arg>${options}</arg>
<arg>add_argument</arg>
<arg>--start-maximized</arg>
<doc>Calls the named method of the given object with the provided arguments.</doc>
<status status="PASS" start="2025-09-25T13:48:06.075646" elapsed="0.000098"/>
</kw>
<kw name="Call Method" owner="BuiltIn">
<arg>${options}</arg>
<arg>add_argument</arg>
<arg>--disable-password-manager-reauthentication</arg>
<doc>Calls the named method of the given object with the provided arguments.</doc>
<status status="PASS" start="2025-09-25T13:48:06.075817" elapsed="0.000087"/>
</kw>
<kw name="Create Dictionary" owner="BuiltIn">
<msg time="2025-09-25T13:48:06.076179" level="INFO">${prefs} = {'credentials_enable_service': 'False', 'profile.password_manager_enabled': 'False', 'profile.default_content_setting_values.notifications': '2', 'safebrowsing.enabled': 'False', 'safebrowsing.disable...</msg>
<var>${prefs}</var>
<arg>credentials_enable_service=False</arg>
<arg>profile.password_manager_enabled=False</arg>
<arg>profile.default_content_setting_values.notifications=2</arg>
<arg>safebrowsing.enabled=False</arg>
<arg>safebrowsing.disable_download_protection=True</arg>
<doc>Creates and returns a dictionary based on the given ``items``.</doc>
<status status="PASS" start="2025-09-25T13:48:06.075983" elapsed="0.000259"/>
</kw>
<kw name="Call Method" owner="BuiltIn">
<arg>${options}</arg>
<arg>add_experimental_option</arg>
<arg>prefs</arg>
<arg>${prefs}</arg>
<doc>Calls the named method of the given object with the provided arguments.</doc>
<status status="PASS" start="2025-09-25T13:48:06.076313" elapsed="0.000093"/>
</kw>
<kw name="Open Browser" owner="SeleniumLibrary">
<msg time="2025-09-25T13:48:06.076711" level="INFO">Opening browser 'chrome' to base url 'https://marmelab.com/react-admin-demo/'.</msg>
<arg>${url}</arg>
<arg>chrome</arg>
<arg>options=${options}</arg>
<doc>Opens a new browser instance to the optional ``url``.</doc>
<status status="PASS" start="2025-09-25T13:48:06.076490" elapsed="2.270643"/>
</kw>
<kw name="Wait Until Keyword Succeeds" owner="BuiltIn">
<kw name="Wait Until Element Is Visible" owner="SeleniumLibrary">
<arg>${login_txt_username}</arg>
<doc>Waits until the element ``locator`` is visible.</doc>
<status status="PASS" start="2025-09-25T13:48:08.347938" elapsed="0.231394"/>
</kw>
<arg>5x</arg>
<arg>0.5s</arg>
<arg>Wait Until Element Is Visible</arg>
<arg>${login_txt_username}</arg>
<doc>Runs the specified keyword and retries if it fails.</doc>
<status status="PASS" start="2025-09-25T13:48:08.347644" elapsed="0.231795"/>
</kw>
<status status="PASS" start="2025-09-25T13:48:06.072753" elapsed="2.506765"/>
</kw>
<kw name="Login User" owner="CustomerPage">
<kw name="Input Text" owner="SeleniumLibrary">
<msg time="2025-09-25T13:48:08.580100" level="INFO">Typing text 'demo' into text field '//input[@name="username"]'.</msg>
<arg>${login_txt_username}</arg>
<arg>${username}</arg>
<doc>Types the given ``text`` into the text field identified by ``locator``.</doc>
<status status="PASS" start="2025-09-25T13:48:08.579930" elapsed="0.105622"/>
</kw>
<kw name="Input Text" owner="SeleniumLibrary">
<msg time="2025-09-25T13:48:08.685912" level="INFO">Typing text 'demo' into text field '//input[@name="password"]'.</msg>
<arg>${login_txt_password}</arg>
<arg>${password}</arg>
<doc>Types the given ``text`` into the text field identified by ``locator``.</doc>
<status status="PASS" start="2025-09-25T13:48:08.685728" elapsed="0.044094"/>
</kw>
<kw name="Click Button" owner="SeleniumLibrary">
<msg time="2025-09-25T13:48:08.730174" level="INFO">Clicking button '//*[@id="root"]/div/div/form/div/button'.</msg>
<arg>//*[@id="root"]/div/div/form/div/button</arg>
<doc>Clicks the button identified by ``locator``.</doc>
<status status="PASS" start="2025-09-25T13:48:08.730002" elapsed="0.079297"/>
</kw>
<status status="PASS" start="2025-09-25T13:48:08.579680" elapsed="0.229749"/>
</kw>
<status status="PASS" start="2025-09-25T13:48:06.072533" elapsed="2.736962"/>
</kw>
<test id="s1-t1" name="TEST_CASE_4" line="28">
<kw name="Analyze User Spending From Table">
<kw name="Go To Customers Page" owner="CustomerPage">
<kw name="Click Element" owner="SeleniumLibrary">
<msg time="2025-09-25T13:48:08.810854" level="INFO">Clicking element '(//p[text()="Customers"])[2]'.</msg>
<arg>${nav_btn_customers}</arg>
<doc>Click the element identified by ``locator``.</doc>
<status status="PASS" start="2025-09-25T13:48:08.810683" elapsed="0.113714"/>
</kw>
<kw name="Wait Until Element Is Visible" owner="SeleniumLibrary">
<arg>//table//tbody//tr</arg>
<doc>Waits until the element ``locator`` is visible.</doc>
<status status="PASS" start="2025-09-25T13:48:08.924580" elapsed="0.450473"/>
</kw>
<status status="PASS" start="2025-09-25T13:48:08.810533" elapsed="0.564635"/>
</kw>
<kw name="Create List" owner="BuiltIn">
<msg time="2025-09-25T13:48:09.375395" level="INFO">${users_with_spent} = []</msg>
<var>${users_with_spent}</var>
<doc>Returns a list containing given items.</doc>
<status status="PASS" start="2025-09-25T13:48:09.375263" elapsed="0.000386"/>
</kw>
<kw name="Set Variable" owner="BuiltIn">
<msg time="2025-09-25T13:48:09.375878" level="INFO">${total_spent} = 0</msg>
<var>${total_spent}</var>
<arg>0</arg>
<doc>Returns the given values which can then be assigned to a variables.</doc>
<status status="PASS" start="2025-09-25T13:48:09.375759" elapsed="0.000171"/>
</kw>
<kw name="Get Element Count" owner="SeleniumLibrary">
<msg time="2025-09-25T13:48:09.384342" level="INFO">${row_count} = 25</msg>
<var>${row_count}</var>
<arg>${table_row}</arg>
<doc>Returns the number of elements matching ``locator``.</doc>
<status status="PASS" start="2025-09-25T13:48:09.376018" elapsed="0.008455"/>
</kw>
<for flavor="IN RANGE">
<iter>
<kw name="Set Variable" owner="BuiltIn">
<msg time="2025-09-25T13:48:09.385157" level="INFO">${current_row_locator} = (//table//tbody//tr)[1]</msg>
<var>${current_row_locator}</var>
<arg>(${table_row})[${i}]</arg>
<doc>Returns the given values which can then be assigned to a variables.</doc>
<status status="PASS" start="2025-09-25T13:48:09.385008" elapsed="0.000209"/>
</kw>
<kw name="Set Variable" owner="BuiltIn">
<msg time="2025-09-25T13:48:09.385402" level="INFO">${name_locator} = (//table//tbody//tr)[1]/td[2]//a/div</msg>
<var>${name_locator}</var>
<arg>${current_row_locator}/td[2]//a/div</arg>
<doc>Returns the given values which can then be assigned to a variables.</doc>
<status status="PASS" start="2025-09-25T13:48:09.385299" elapsed="0.000147"/>
</kw>
<kw name="Get Text" owner="SeleniumLibrary">
<msg time="2025-09-25T13:48:09.429895" level="INFO">${raw_name} = Halie O'Reilly</msg>
<var>${raw_name}</var>
<arg>${name_locator}</arg>
<doc>Returns the text value of the element identified by ``locator``.</doc>
<status status="PASS" start="2025-09-25T13:48:09.385616" elapsed="0.044394"/>
</kw>
<kw name="Evaluate" owner="BuiltIn">
<msg time="2025-09-25T13:48:09.430564" level="INFO">${name} = O'Reilly</msg>
<var>${name}</var>
<arg>" ".join("""${raw_name}""".split()[1:])</arg>
<doc>Evaluates the given expression in Python and returns the result.</doc>
<status status="PASS" start="2025-09-25T13:48:09.430287" elapsed="0.000352"/>
</kw>
<kw name="Log To Console" owner="BuiltIn">
<arg>\n${name}:</arg>
<doc>Logs the given message to the console.</doc>
<status status="PASS" start="2025-09-25T13:48:09.430756" elapsed="0.000208"/>
</kw>
<kw name="Set Variable" owner="BuiltIn">
<msg time="2025-09-25T13:48:09.431265" level="INFO">${spent_locator} = (//table//tbody//tr)[1]/td[5]</msg>
<var>${spent_locator}</var>
<arg>${current_row_locator}/td[5]</arg>
<doc>Returns the given values which can then be assigned to a variables.</doc>
<status status="PASS" start="2025-09-25T13:48:09.431115" elapsed="0.000208"/>
</kw>
<kw name="Get Text" owner="SeleniumLibrary">
<msg time="2025-09-25T13:48:09.443207" level="INFO">${spent_text} = $1,086.47</msg>
<var>${spent_text}</var>
<arg>${spent_locator}</arg>
<doc>Returns the text value of the element identified by ``locator``.</doc>
<status status="PASS" start="2025-09-25T13:48:09.431416" elapsed="0.011901"/>
</kw>
<kw name="Evaluate" owner="BuiltIn">
<msg time="2025-09-25T13:48:09.443687" level="INFO">${spent_text} = 1086.47</msg>
<var>${spent_text}</var>
<arg>"""${spent_text}""".replace("$","").replace(",","").strip()</arg>
<doc>Evaluates the given expression in Python and returns the result.</doc>
<status status="PASS" start="2025-09-25T13:48:09.443454" elapsed="0.000283"/>
</kw>
<kw name="Evaluate" owner="BuiltIn">
<msg time="2025-09-25T13:48:09.443964" level="INFO">${spent} = 1086</msg>
<var>${spent}</var>
<arg>int(${spent_text}) if ${spent_text} else 0</arg>
<doc>Evaluates the given expression in Python and returns the result.</doc>
<status status="PASS" start="2025-09-25T13:48:09.443816" elapsed="0.000320"/>
</kw>
<kw name="Log To Console" owner="BuiltIn">
<arg>$${spent}</arg>
<doc>Logs the given message to the console.</doc>
<status status="PASS" start="2025-09-25T13:48:09.444209" elapsed="0.000114"/>
</kw>
<if>
<branch type="IF" condition="${spent} &gt; 0">
<kw name="Create Dictionary" owner="BuiltIn">
<msg time="2025-09-25T13:48:09.444711" level="INFO">${user} = {'name': "O'Reilly", 'spent': 1086}</msg>
<var>${user}</var>
<arg>name=${name}</arg>
<arg>spent=${spent}</arg>
<doc>Creates and returns a dictionary based on the given ``items``.</doc>
<status status="PASS" start="2025-09-25T13:48:09.444533" elapsed="0.000227"/>
</kw>
<kw name="Append To List" owner="Collections">
<arg>${users_with_spent}</arg>
<arg>${user}</arg>
<doc>Adds ``values`` to the end of ``list``.</doc>
<status status="PASS" start="2025-09-25T13:48:09.444826" elapsed="0.000099"/>
</kw>
<kw name="Evaluate" owner="BuiltIn">
<msg time="2025-09-25T13:48:09.445095" level="INFO">${total_spent} = 1086</msg>
<var>${total_spent}</var>
<arg>${total_spent} + ${spent}</arg>
<doc>Evaluates the given expression in Python and returns the result.</doc>
<status status="PASS" start="2025-09-25T13:48:09.444989" elapsed="0.000145"/>
</kw>
<status status="PASS" start="2025-09-25T13:48:09.444401" elapsed="0.000770"/>
</branch>
<status status="PASS" start="2025-09-25T13:48:09.444382" elapsed="0.000834"/>
</if>
<var name="${i}">1</var>
<status status="PASS" start="2025-09-25T13:48:09.384880" elapsed="0.060349"/>
</iter>
<iter>
<kw name="Set Variable" owner="BuiltIn">
<msg time="2025-09-25T13:48:09.445501" level="INFO">${current_row_locator} = (//table//tbody//tr)[2]</msg>
<var>${current_row_locator}</var>
<arg>(${table_row})[${i}]</arg>
<doc>Returns the given values which can then be assigned to a variables.</doc>
<status status="PASS" start="2025-09-25T13:48:09.445407" elapsed="0.000136"/>
</kw>
<kw name="Set Variable" owner="BuiltIn">
<msg time="2025-09-25T13:48:09.445685" level="INFO">${name_locator} = (//table//tbody//tr)[2]/td[2]//a/div</msg>
<var>${name_locator}</var>
<arg>${current_row_locator}/td[2]//a/div</arg>
<doc>Returns the given values which can then be assigned to a variables.</doc>
<status status="PASS" start="2025-09-25T13:48:09.445605" elapsed="0.000115"/>
</kw>
<kw name="Get Text" owner="SeleniumLibrary">
<msg time="2025-09-25T13:48:09.458191" level="INFO">${raw_name} = Maryjane Heller</msg>
<var>${raw_name}</var>
<arg>${name_locator}</arg>
<doc>Returns the text value of the element identified by ``locator``.</doc>
<status status="PASS" start="2025-09-25T13:48:09.445783" elapsed="0.012512"/>
</kw>
<kw name="Evaluate" owner="BuiltIn">
<msg time="2025-09-25T13:48:09.458973" level="INFO">${name} = Heller</msg>
<var>${name}</var>
<arg>" ".join("""${raw_name}""".split()[1:])</arg>
<doc>Evaluates the given expression in Python and returns the result.</doc>
<status status="PASS" start="2025-09-25T13:48:09.458427" elapsed="0.000651"/>
</kw>
<kw name="Log To Console" owner="BuiltIn">
<arg>\n${name}:</arg>
<doc>Logs the given message to the console.</doc>
<status status="PASS" start="2025-09-25T13:48:09.459201" elapsed="0.000223"/>
</kw>
<kw name="Set Variable" owner="BuiltIn">
<msg time="2025-09-25T13:48:09.459654" level="INFO">${spent_locator} = (//table//tbody//tr)[2]/td[5]</msg>
<var>${spent_locator}</var>
<arg>${current_row_locator}/td[5]</arg>
<doc>Returns the given values which can then be assigned to a variables.</doc>
<status status="PASS" start="2025-09-25T13:48:09.459531" elapsed="0.000178"/>
</kw>
<kw name="Get Text" owner="SeleniumLibrary">
<msg time="2025-09-25T13:48:09.470485" level="INFO">${spent_text} = $0.00</msg>
<var>${spent_text}</var>
<arg>${spent_locator}</arg>
<doc>Returns the text value of the element identified by ``locator``.</doc>
<status status="PASS" start="2025-09-25T13:48:09.459848" elapsed="0.010745"/>
</kw>
<kw name="Evaluate" owner="BuiltIn">
<msg time="2025-09-25T13:48:09.470950" level="INFO">${spent_text} = 0.00</msg>
<var>${spent_text}</var>
<arg>"""${spent_text}""".replace("$","").replace(",","").strip()</arg>
<doc>Evaluates the given expression in Python and returns the result.</doc>
<status status="PASS" start="2025-09-25T13:48:09.470725" elapsed="0.000275"/>
</kw>
<kw name="Evaluate" owner="BuiltIn">
<msg time="2025-09-25T13:48:09.471239" level="INFO">${spent} = 0</msg>
<var>${spent}</var>
<arg>int(${spent_text}) if ${spent_text} else 0</arg>
<doc>Evaluates the given expression in Python and returns the result.</doc>
<status status="PASS" start="2025-09-25T13:48:09.471076" elapsed="0.000207"/>
</kw>
<kw name="Log To Console" owner="BuiltIn">
<arg>$${spent}</arg>
<doc>Logs the given message to the console.</doc>
<status status="PASS" start="2025-09-25T13:48:09.471355" elapsed="0.000147"/>
</kw>
<if>
<branch type="IF" condition="${spent} &gt; 0">
<kw name="Create Dictionary" owner="BuiltIn">
<var>${user}</var>
<arg>name=${name}</arg>
<arg>spent=${spent}</arg>
<doc>Creates and returns a dictionary based on the given ``items``.</doc>
<status status="NOT RUN" start="2025-09-25T13:48:09.471778" elapsed="0.000047"/>
</kw>
<kw name="Append To List" owner="Collections">
<arg>${users_with_spent}</arg>
<arg>${user}</arg>
<doc>Adds ``values`` to the end of ``list``.</doc>
<status status="NOT RUN" start="2025-09-25T13:48:09.471903" elapsed="0.000037"/>
</kw>
<kw name="Evaluate" owner="BuiltIn">
<var>${total_spent}</var>
<arg>${total_spent} + ${spent}</arg>
<doc>Evaluates the given expression in Python and returns the result.</doc>
<status status="NOT RUN" start="2025-09-25T13:48:09.472070" elapsed="0.000072"/>
</kw>
<status status="NOT RUN" start="2025-09-25T13:48:09.471624" elapsed="0.000636"/>
</branch>
<status status="PASS" start="2025-09-25T13:48:09.471604" elapsed="0.000741"/>
</if>
<var name="${i}">2</var>
<status status="PASS" start="2025-09-25T13:48:09.445342" elapsed="0.027019"/>
</iter>
<iter>
<kw name="Set Variable" owner="BuiltIn">
<msg time="2025-09-25T13:48:09.472865" level="INFO">${current_row_locator} = (//table//tbody//tr)[3]</msg>
<var>${current_row_locator}</var>
<arg>(${table_row})[${i}]</arg>
<doc>Returns the given values which can then be assigned to a variables.</doc>
<status status="PASS" start="2025-09-25T13:48:09.472691" elapsed="0.000242"/>
</kw>
<kw name="Set Variable" owner="BuiltIn">
<msg time="2025-09-25T13:48:09.473113" level="INFO">${name_locator} = (//table//tbody//tr)[3]/td[2]//a/div</msg>
<var>${name_locator}</var>
<arg>${current_row_locator}/td[2]//a/div</arg>
<doc>Returns the given values which can then be assigned to a variables.</doc>
<status status="PASS" start="2025-09-25T13:48:09.473011" elapsed="0.000147"/>
</kw>
<kw name="Get Text" owner="SeleniumLibrary">
<msg time="2025-09-25T13:48:09.488028" level="INFO">${raw_name} = Destin Doyle</msg>
<var>${raw_name}</var>
<arg>${name_locator}</arg>
<doc>Returns the text value of the element identified by ``locator``.</doc>
<status status="PASS" start="2025-09-25T13:48:09.473236" elapsed="0.014906"/>
</kw>
<kw name="Evaluate" owner="BuiltIn">
<msg time="2025-09-25T13:48:09.488454" level="INFO">${name} = Doyle</msg>
<var>${name}</var>
<arg>" ".join("""${raw_name}""".split()[1:])</arg>
<doc>Evaluates the given expression in Python and returns the result.</doc>
<status status="PASS" start="2025-09-25T13:48:09.488276" elapsed="0.000222"/>
</kw>
<kw name="Log To Console" owner="BuiltIn">
<arg>\n${name}:</arg>
<doc>Logs the given message to the console.</doc>
<status status="PASS" start="2025-09-25T13:48:09.488569" elapsed="0.000115"/>
</kw>
<kw name="Set Variable" owner="BuiltIn">
<msg time="2025-09-25T13:48:09.488921" level="INFO">${spent_locator} = (//table//tbody//tr)[3]/td[5]</msg>
<var>${spent_locator}</var>
<arg>${current_row_locator}/td[5]</arg>
<doc>Returns the given values which can then be assigned to a variables.</doc>
<status status="PASS" start="2025-09-25T13:48:09.488758" elapsed="0.000232"/>
</kw>
<kw name="Get Text" owner="SeleniumLibrary">
<msg time="2025-09-25T13:48:09.533736" level="INFO">${spent_text} = $1,768.76</msg>
<var>${spent_text}</var>
<arg>${spent_locator}</arg>
<doc>Returns the text value of the element identified by ``locator``.</doc>
<status status="PASS" start="2025-09-25T13:48:09.489085" elapsed="0.044832"/>
</kw>
<kw name="Evaluate" owner="BuiltIn">
<msg time="2025-09-25T13:48:09.536672" level="INFO">${spent_text} = 1768.76</msg>
<var>${spent_text}</var>
<arg>"""${spent_text}""".replace("$","").replace(",","").strip()</arg>
<doc>Evaluates the given expression in Python and returns the result.</doc>
<status status="PASS" start="2025-09-25T13:48:09.535635" elapsed="0.001288"/>
</kw>
<kw name="Evaluate" owner="BuiltIn">
<msg time="2025-09-25T13:48:09.537754" level="INFO">${spent} = 1768</msg>
<var>${spent}</var>
<arg>int(${spent_text}) if ${spent_text} else 0</arg>
<doc>Evaluates the given expression in Python and returns the result.</doc>
<status status="PASS" start="2025-09-25T13:48:09.537230" elapsed="0.000671"/>
</kw>
<kw name="Log To Console" owner="BuiltIn">
<arg>$${spent}</arg>
<doc>Logs the given message to the console.</doc>
<status status="PASS" start="2025-09-25T13:48:09.538133" elapsed="0.000429"/>
</kw>
<if>
<branch type="IF" condition="${spent} &gt; 0">
<kw name="Create Dictionary" owner="BuiltIn">
<msg time="2025-09-25T13:48:09.539320" level="INFO">${user} = {'name': 'Doyle', 'spent': 1768}</msg>
<var>${user}</var>
<arg>name=${name}</arg>
<arg>spent=${spent}</arg>
<doc>Creates and returns a dictionary based on the given ``items``.</doc>
<status status="PASS" start="2025-09-25T13:48:09.538987" elapsed="0.000425"/>
</kw>
<kw name="Append To List" owner="Collections">
<arg>${users_with_spent}</arg>
<arg>${user}</arg>
<doc>Adds ``values`` to the end of ``list``.</doc>
<status status="PASS" start="2025-09-25T13:48:09.539509" elapsed="0.000116"/>
</kw>
<kw name="Evaluate" owner="BuiltIn">
<msg time="2025-09-25T13:48:09.539827" level="INFO">${total_spent} = 2854</msg>
<var>${total_spent}</var>
<arg>${total_spent} + ${spent}</arg>
<doc>Evaluates the given expression in Python and returns the result.</doc>
<status status="PASS" start="2025-09-25T13:48:09.539700" elapsed="0.000172"/>
</kw>
<status status="PASS" start="2025-09-25T13:48:09.538696" elapsed="0.001217"/>
</branch>
<status status="PASS" start="2025-09-25T13:48:09.538678" elapsed="0.001279"/>
</if>
<var name="${i}">3</var>
<status status="PASS" start="2025-09-25T13:48:09.472587" elapsed="0.067384"/>
</iter>
<iter>
<kw name="Set Variable" owner="BuiltIn">
<msg time="2025-09-25T13:48:09.540266" level="INFO">${current_row_locator} = (//table//tbody//tr)[4]</msg>
<var>${current_row_locator}</var>
<arg>(${table_row})[${i}]</arg>
<doc>Returns the given values which can then be assigned to a variables.</doc>
<status status="PASS" start="2025-09-25T13:48:09.540166" elapsed="0.000230"/>
</kw>
<kw name="Set Variable" owner="BuiltIn">
<msg time="2025-09-25T13:48:09.540543" level="INFO">${name_locator} = (//table//tbody//tr)[4]/td[2]//a/div</msg>
<var>${name_locator}</var>
<arg>${current_row_locator}/td[2]//a/div</arg>
<doc>Returns the given values which can then be assigned to a variables.</doc>
<status status="PASS" start="2025-09-25T13:48:09.540460" elapsed="0.000120"/>
</kw>
<kw name="Get Text" owner="SeleniumLibrary">
<msg time="2025-09-25T13:48:09.551712" level="INFO">${raw_name} = Robb Price</msg>
<var>${raw_name}</var>
<arg>${name_locator}</arg>
<doc>Returns the text value of the element identified by ``locator``.</doc>
<status status="PASS" start="2025-09-25T13:48:09.540649" elapsed="0.011182"/>
</kw>
<kw name="Evaluate" owner="BuiltIn">
<msg time="2025-09-25T13:48:09.552171" level="INFO">${name} = Price</msg>
<var>${name}</var>
<arg>" ".join("""${raw_name}""".split()[1:])</arg>
<doc>Evaluates the given expression in Python and returns the result.</doc>
<status status="PASS" start="2025-09-25T13:48:09.551971" elapsed="0.000248"/>
</kw>
<kw name="Log To Console" owner="BuiltIn">
<arg>\n${name}:</arg>
<doc>Logs the given message to the console.</doc>
<status status="PASS" start="2025-09-25T13:48:09.552288" elapsed="0.000120"/>
</kw>
<kw name="Set Variable" owner="BuiltIn">
<msg time="2025-09-25T13:48:09.552572" level="INFO">${spent_locator} = (//table//tbody//tr)[4]/td[5]</msg>
<var>${spent_locator}</var>
<arg>${current_row_locator}/td[5]</arg>
<doc>Returns the given values which can then be assigned to a variables.</doc>
<status status="PASS" start="2025-09-25T13:48:09.552476" elapsed="0.000136"/>
</kw>
<kw name="Get Text" owner="SeleniumLibrary">
<msg time="2025-09-25T13:48:09.563005" level="INFO">${spent_text} = $0.00</msg>
<var>${spent_text}</var>
<arg>${spent_locator}</arg>
<doc>Returns the text value of the element identified by ``locator``.</doc>
<status status="PASS" start="2025-09-25T13:48:09.552678" elapsed="0.010436"/>
</kw>
<kw name="Evaluate" owner="BuiltIn">
<msg time="2025-09-25T13:48:09.563493" level="INFO">${spent_text} = 0.00</msg>
<var>${spent_text}</var>
<arg>"""${spent_text}""".replace("$","").replace(",","").strip()</arg>
<doc>Evaluates the given expression in Python and returns the result.</doc>
<status status="PASS" start="2025-09-25T13:48:09.563260" elapsed="0.000282"/>
</kw>
<kw name="Evaluate" owner="BuiltIn">
<msg time="2025-09-25T13:48:09.563758" level="INFO">${spent} = 0</msg>
<var>${spent}</var>
<arg>int(${spent_text}) if ${spent_text} else 0</arg>
<doc>Evaluates the given expression in Python and returns the result.</doc>
<status status="PASS" start="2025-09-25T13:48:09.563622" elapsed="0.000176"/>
</kw>
<kw name="Log To Console" owner="BuiltIn">
<arg>$${spent}</arg>
<doc>Logs the given message to the console.</doc>
<status status="PASS" start="2025-09-25T13:48:09.563873" elapsed="0.000119"/>
</kw>
<if>
<branch type="IF" condition="${spent} &gt; 0">
<kw name="Create Dictionary" owner="BuiltIn">
<var>${user}</var>
<arg>name=${name}</arg>
<arg>spent=${spent}</arg>
<doc>Creates and returns a dictionary based on the given ``items``.</doc>
<status status="NOT RUN" start="2025-09-25T13:48:09.564175" elapsed="0.000039"/>
</kw>
<kw name="Append To List" owner="Collections">
<arg>${users_with_spent}</arg>
<arg>${user}</arg>
<doc>Adds ``values`` to the end of ``list``.</doc>
<status status="NOT RUN" start="2025-09-25T13:48:09.564373" elapsed="0.000107"/>
</kw>
<kw name="Evaluate" owner="BuiltIn">
<var>${total_spent}</var>
<arg>${total_spent} + ${spent}</arg>
<doc>Evaluates the given expression in Python and returns the result.</doc>
<status status="NOT RUN" start="2025-09-25T13:48:09.564583" elapsed="0.000044"/>
</kw>
<status status="NOT RUN" start="2025-09-25T13:48:09.564062" elapsed="0.000619"/>
</branch>
<status status="PASS" start="2025-09-25T13:48:09.564046" elapsed="0.000684"/>
</if>
<var name="${i}">4</var>
<status status="PASS" start="2025-09-25T13:48:09.540091" elapsed="0.024672"/>
</iter>
<iter>
<kw name="Set Variable" owner="BuiltIn">
<msg time="2025-09-25T13:48:09.565128" level="INFO">${current_row_locator} = (//table//tbody//tr)[5]</msg>
<var>${current_row_locator}</var>
<arg>(${table_row})[${i}]</arg>
<doc>Returns the given values which can then be assigned to a variables.</doc>
<status status="PASS" start="2025-09-25T13:48:09.564994" elapsed="0.000187"/>
</kw>
<kw name="Set Variable" owner="BuiltIn">
<msg time="2025-09-25T13:48:09.565346" level="INFO">${name_locator} = (//table//tbody//tr)[5]/td[2]//a/div</msg>
<var>${name_locator}</var>
<arg>${current_row_locator}/td[2]//a/div</arg>
<doc>Returns the given values which can then be assigned to a variables.</doc>
<status status="PASS" start="2025-09-25T13:48:09.565253" elapsed="0.000135"/>
</kw>
<kw name="Get Text" owner="SeleniumLibrary">
<msg time="2025-09-25T13:48:09.576530" level="INFO">${raw_name} = Jan Wyman</msg>
<var>${raw_name}</var>
<arg>${name_locator}</arg>
<doc>Returns the text value of the element identified by ``locator``.</doc>
<status status="PASS" start="2025-09-25T13:48:09.565460" elapsed="0.011205"/>
</kw>
<kw name="Evaluate" owner="BuiltIn">
<msg time="2025-09-25T13:48:09.577023" level="INFO">${name} = Wyman</msg>
<var>${name}</var>
<arg>" ".join("""${raw_name}""".split()[1:])</arg>
<doc>Evaluates the given expression in Python and returns the result.</doc>
<status status="PASS" start="2025-09-25T13:48:09.576806" elapsed="0.000261"/>
</kw>
<kw name="Log To Console" owner="BuiltIn">
<arg>\n${name}:</arg>
<doc>Logs the given message to the console.</doc>
<status status="PASS" start="2025-09-25T13:48:09.577139" elapsed="0.000116"/>
</kw>
<kw name="Set Variable" owner="BuiltIn">
<msg time="2025-09-25T13:48:09.577413" level="INFO">${spent_locator} = (//table//tbody//tr)[5]/td[5]</msg>
<var>${spent_locator}</var>
<arg>${current_row_locator}/td[5]</arg>
<doc>Returns the given values which can then be assigned to a variables.</doc>
<status status="PASS" start="2025-09-25T13:48:09.577323" elapsed="0.000130"/>
</kw>
<kw name="Get Text" owner="SeleniumLibrary">
<msg time="2025-09-25T13:48:09.587637" level="INFO">${spent_text} = $236.07</msg>
<var>${spent_text}</var>
<arg>${spent_locator}</arg>
<doc>Returns the text value of the element identified by ``locator``.</doc>
<status status="PASS" start="2025-09-25T13:48:09.577518" elapsed="0.010229"/>
</kw>
<kw name="Evaluate" owner="BuiltIn">
<msg time="2025-09-25T13:48:09.588115" level="INFO">${spent_text} = 236.07</msg>
<var>${spent_text}</var>
<arg>"""${spent_text}""".replace("$","").replace(",","").strip()</arg>
<doc>Evaluates the given expression in Python and returns the result.</doc>
<status status="PASS" start="2025-09-25T13:48:09.587876" elapsed="0.000284"/>
</kw>
<kw name="Evaluate" owner="BuiltIn">
<msg time="2025-09-25T13:48:09.588365" level="INFO">${spent} = 236</msg>
<var>${spent}</var>
<arg>int(${spent_text}) if ${spent_text} else 0</arg>
<doc>Evaluates the given expression in Python and returns the result.</doc>
<status status="PASS" start="2025-09-25T13:48:09.588233" elapsed="0.000174"/>
</kw>
<kw name="Log To Console" owner="BuiltIn">
<arg>$${spent}</arg>
<doc>Logs the given message to the console.</doc>
<status status="PASS" start="2025-09-25T13:48:09.588475" elapsed="0.000110"/>
</kw>
<if>
<branch type="IF" condition="${spent} &gt; 0">
<kw name="Create Dictionary" owner="BuiltIn">
<msg time="2025-09-25T13:48:09.588992" level="INFO">${user} = {'name': 'Wyman', 'spent': 236}</msg>
<var>${user}</var>
<arg>name=${name}</arg>
<arg>spent=${spent}</arg>
<doc>Creates and returns a dictionary based on the given ``items``.</doc>
<status status="PASS" start="2025-09-25T13:48:09.588761" elapsed="0.000295"/>
</kw>
<kw name="Append To List" owner="Collections">
<arg>${users_with_spent}</arg>
<arg>${user}</arg>
<doc>Adds ``values`` to the end of ``list``.</doc>
<status status="PASS" start="2025-09-25T13:48:09.589147" elapsed="0.000117"/>
</kw>
<kw name="Evaluate" owner="BuiltIn">
<msg time="2025-09-25T13:48:09.589475" level="INFO">${total_spent} = 3090</msg>
<var>${total_spent}</var>
<arg>${total_spent} + ${spent}</arg>
<doc>Evaluates the given expression in Python and returns the result.</doc>
<status status="PASS" start="2025-09-25T13:48:09.589339" elapsed="0.000181"/>
</kw>
<status status="PASS" start="2025-09-25T13:48:09.588650" elapsed="0.000911"/>
</branch>
<status status="PASS" start="2025-09-25T13:48:09.588636" elapsed="0.000972"/>
</if>
<var name="${i}">5</var>
<status status="PASS" start="2025-09-25T13:48:09.564911" elapsed="0.024711"/>
</iter>
<iter>
<kw name="Set Variable" owner="BuiltIn">
<msg time="2025-09-25T13:48:09.589954" level="INFO">${current_row_locator} = (//table//tbody//tr)[6]</msg>
<var>${current_row_locator}</var>
<arg>(${table_row})[${i}]</arg>
<doc>Returns the given values which can then be assigned to a variables.</doc>
<status status="PASS" start="2025-09-25T13:48:09.589815" elapsed="0.000225"/>
</kw>
<kw name="Set Variable" owner="BuiltIn">
<msg time="2025-09-25T13:48:09.590382" level="INFO">${name_locator} = (//table//tbody//tr)[6]/td[2]//a/div</msg>
<var>${name_locator}</var>
<arg>${current_row_locator}/td[2]//a/div</arg>
<doc>Returns the given values which can then be assigned to a variables.</doc>
<status status="PASS" start="2025-09-25T13:48:09.590174" elapsed="0.000262"/>
</kw>
<kw name="Get Text" owner="SeleniumLibrary">
<msg time="2025-09-25T13:48:09.602245" level="INFO">${raw_name} = Thurman Parker</msg>
<var>${raw_name}</var>
<arg>${name_locator}</arg>
<doc>Returns the text value of the element identified by ``locator``.</doc>
<status status="PASS" start="2025-09-25T13:48:09.590553" elapsed="0.011800"/>
</kw>
<kw name="Evaluate" owner="BuiltIn">
<msg time="2025-09-25T13:48:09.602665" level="INFO">${name} = Parker</msg>
<var>${name}</var>
<arg>" ".join("""${raw_name}""".split()[1:])</arg>
<doc>Evaluates the given expression in Python and returns the result.</doc>
<status status="PASS" start="2025-09-25T13:48:09.602485" elapsed="0.000229"/>
</kw>
<kw name="Log To Console" owner="BuiltIn">
<arg>\n${name}:</arg>
<doc>Logs the given message to the console.</doc>
<status status="PASS" start="2025-09-25T13:48:09.602784" elapsed="0.000113"/>
</kw>
<kw name="Set Variable" owner="BuiltIn">
<msg time="2025-09-25T13:48:09.603065" level="INFO">${spent_locator} = (//table//tbody//tr)[6]/td[5]</msg>
<var>${spent_locator}</var>
<arg>${current_row_locator}/td[5]</arg>
<doc>Returns the given values which can then be assigned to a variables.</doc>
<status status="PASS" start="2025-09-25T13:48:09.602968" elapsed="0.000137"/>
</kw>
<kw name="Get Text" owner="SeleniumLibrary">
<msg time="2025-09-25T13:48:09.613256" level="INFO">${spent_text} = $235.14</msg>
<var>${spent_text}</var>
<arg>${spent_locator}</arg>
<doc>Returns the text value of the element identified by ``locator``.</doc>
<status status="PASS" start="2025-09-25T13:48:09.603174" elapsed="0.010182"/>
</kw>
<kw name="Evaluate" owner="BuiltIn">
<msg time="2025-09-25T13:48:09.613685" level="INFO">${spent_text} = 235.14</msg>
<var>${spent_text}</var>
<arg>"""${spent_text}""".replace("$","").replace(",","").strip()</arg>
<doc>Evaluates the given expression in Python and returns the result.</doc>
<status status="PASS" start="2025-09-25T13:48:09.613477" elapsed="0.000255"/>
</kw>
<kw name="Evaluate" owner="BuiltIn">
<msg time="2025-09-25T13:48:09.613937" level="INFO">${spent} = 235</msg>
<var>${spent}</var>
<arg>int(${spent_text}) if ${spent_text} else 0</arg>
<doc>Evaluates the given expression in Python and returns the result.</doc>
<status status="PASS" start="2025-09-25T13:48:09.613807" elapsed="0.000280"/>
</kw>
<kw name="Log To Console" owner="BuiltIn">
<arg>$${spent}</arg>
<doc>Logs the given message to the console.</doc>
<status status="PASS" start="2025-09-25T13:48:09.614169" elapsed="0.000113"/>
</kw>
<if>
<branch type="IF" condition="${spent} &gt; 0">
<kw name="Create Dictionary" owner="BuiltIn">
<msg time="2025-09-25T13:48:09.615149" level="INFO">${user} = {'name': 'Parker', 'spent': 235}</msg>
<var>${user}</var>
<arg>name=${name}</arg>
<arg>spent=${spent}</arg>
<doc>Creates and returns a dictionary based on the given ``items``.</doc>
<status status="PASS" start="2025-09-25T13:48:09.614633" elapsed="0.000581"/>
</kw>
<kw name="Append To List" owner="Collections">
<arg>${users_with_spent}</arg>
<arg>${user}</arg>
<doc>Adds ``values`` to the end of ``list``.</doc>
<status status="PASS" start="2025-09-25T13:48:09.615306" elapsed="0.000115"/>
</kw>
<kw name="Evaluate" owner="BuiltIn">
<msg time="2025-09-25T13:48:09.615624" level="INFO">${total_spent} = 3325</msg>
<var>${total_spent}</var>
<arg>${total_spent} + ${spent}</arg>
<doc>Evaluates the given expression in Python and returns the result.</doc>
<status status="PASS" start="2025-09-25T13:48:09.615494" elapsed="0.000174"/>
</kw>
<status status="PASS" start="2025-09-25T13:48:09.614378" elapsed="0.001330"/>
</branch>
<status status="PASS" start="2025-09-25T13:48:09.614338" elapsed="0.001410"/>
</if>
<var name="${i}">6</var>
<status status="PASS" start="2025-09-25T13:48:09.589741" elapsed="0.026021"/>
</iter>
<iter>
<kw name="Set Variable" owner="BuiltIn">
<msg time="2025-09-25T13:48:09.616066" level="INFO">${current_row_locator} = (//table//tbody//tr)[7]</msg>
<var>${current_row_locator}</var>
<arg>(${table_row})[${i}]</arg>
<doc>Returns the given values which can then be assigned to a variables.</doc>
<status status="PASS" start="2025-09-25T13:48:09.615957" elapsed="0.000160"/>
</kw>
<kw name="Set Variable" owner="BuiltIn">
<msg time="2025-09-25T13:48:09.616274" level="INFO">${name_locator} = (//table//tbody//tr)[7]/td[2]//a/div</msg>
<var>${name_locator}</var>
<arg>${current_row_locator}/td[2]//a/div</arg>
<doc>Returns the given values which can then be assigned to a variables.</doc>
<status status="PASS" start="2025-09-25T13:48:09.616183" elapsed="0.000129"/>
</kw>
<kw name="Get Text" owner="SeleniumLibrary">
<msg time="2025-09-25T13:48:09.627072" level="INFO">${raw_name} = Gertrude Bechtelar</msg>
<var>${raw_name}</var>
<arg>${name_locator}</arg>
<doc>Returns the text value of the element identified by ``locator``.</doc>
<status status="PASS" start="2025-09-25T13:48:09.616378" elapsed="0.010808"/>
</kw>
<kw name="Evaluate" owner="BuiltIn">
<msg time="2025-09-25T13:48:09.627489" level="INFO">${name} = Bechtelar</msg>
<var>${name}</var>
<arg>" ".join("""${raw_name}""".split()[1:])</arg>
<doc>Evaluates the given expression in Python and returns the result.</doc>
<status status="PASS" start="2025-09-25T13:48:09.627309" elapsed="0.000226"/>
</kw>
<kw name="Log To Console" owner="BuiltIn">
<arg>\n${name}:</arg>
<doc>Logs the given message to the console.</doc>
<status status="PASS" start="2025-09-25T13:48:09.627605" elapsed="0.000121"/>
</kw>
<kw name="Set Variable" owner="BuiltIn">
<msg time="2025-09-25T13:48:09.627899" level="INFO">${spent_locator} = (//table//tbody//tr)[7]/td[5]</msg>
<var>${spent_locator}</var>
<arg>${current_row_locator}/td[5]</arg>
<doc>Returns the given values which can then be assigned to a variables.</doc>
<status status="PASS" start="2025-09-25T13:48:09.627798" elapsed="0.000142"/>
</kw>
<kw name="Get Text" owner="SeleniumLibrary">
<msg time="2025-09-25T13:48:09.638231" level="INFO">${spent_text} = $0.00</msg>
<var>${spent_text}</var>
<arg>${spent_locator}</arg>
<doc>Returns the text value of the element identified by ``locator``.</doc>
<status status="PASS" start="2025-09-25T13:48:09.628009" elapsed="0.010318"/>
</kw>
<kw name="Evaluate" owner="BuiltIn">
<msg time="2025-09-25T13:48:09.638634" level="INFO">${spent_text} = 0.00</msg>
<var>${spent_text}</var>
<arg>"""${spent_text}""".replace("$","").replace(",","").strip()</arg>
<doc>Evaluates the given expression in Python and returns the result.</doc>
<status status="PASS" start="2025-09-25T13:48:09.638444" elapsed="0.000233"/>
</kw>
<kw name="Evaluate" owner="BuiltIn">
<msg time="2025-09-25T13:48:09.638923" level="INFO">${spent} = 0</msg>
<var>${spent}</var>
<arg>int(${spent_text}) if ${spent_text} else 0</arg>
<doc>Evaluates the given expression in Python and returns the result.</doc>
<status status="PASS" start="2025-09-25T13:48:09.638748" elapsed="0.000218"/>
</kw>
<kw name="Log To Console" owner="BuiltIn">
<arg>$${spent}</arg>
<doc>Logs the given message to the console.</doc>
<status status="PASS" start="2025-09-25T13:48:09.639037" elapsed="0.000116"/>
</kw>
<if>
<branch type="IF" condition="${spent} &gt; 0">
<kw name="Create Dictionary" owner="BuiltIn">
<var>${user}</var>
<arg>name=${name}</arg>
<arg>spent=${spent}</arg>
<doc>Creates and returns a dictionary based on the given ``items``.</doc>
<status status="NOT RUN" start="2025-09-25T13:48:09.639339" elapsed="0.000040"/>
</kw>
<kw name="Append To List" owner="Collections">
<arg>${users_with_spent}</arg>
<arg>${user}</arg>
<doc>Adds ``values`` to the end of ``list``.</doc>
<status status="NOT RUN" start="2025-09-25T13:48:09.639444" elapsed="0.000037"/>
</kw>
<kw name="Evaluate" owner="BuiltIn">
<var>${total_spent}</var>
<arg>${total_spent} + ${spent}</arg>
<doc>Evaluates the given expression in Python and returns the result.</doc>
<status status="NOT RUN" start="2025-09-25T13:48:09.639553" elapsed="0.000194"/>
</kw>
<status status="NOT RUN" start="2025-09-25T13:48:09.639223" elapsed="0.000697"/>
</branch>
<status status="PASS" start="2025-09-25T13:48:09.639206" elapsed="0.000921"/>
</if>
<var name="${i}">7</var>
<status status="PASS" start="2025-09-25T13:48:09.615882" elapsed="0.024362"/>
</iter>
<iter>
<kw name="Set Variable" owner="BuiltIn">
<msg time="2025-09-25T13:48:09.641207" level="INFO">${current_row_locator} = (//table//tbody//tr)[8]</msg>
<var>${current_row_locator}</var>
<arg>(${table_row})[${i}]</arg>
<doc>Returns the given values which can then be assigned to a variables.</doc>
<status status="PASS" start="2025-09-25T13:48:09.640979" elapsed="0.000319"/>
</kw>
<kw name="Set Variable" owner="BuiltIn">
<msg time="2025-09-25T13:48:09.641552" level="INFO">${name_locator} = (//table//tbody//tr)[8]/td[2]//a/div</msg>
<var>${name_locator}</var>
<arg>${current_row_locator}/td[2]//a/div</arg>
<doc>Returns the given values which can then be assigned to a variables.</doc>
<status status="PASS" start="2025-09-25T13:48:09.641432" elapsed="0.000170"/>
</kw>
<kw name="Get Text" owner="SeleniumLibrary">
<msg time="2025-09-25T13:48:09.686404" level="INFO">${raw_name} = A
Alford O'Connell</msg>
<var>${raw_name}</var>
<arg>${name_locator}</arg>
<doc>Returns the text value of the element identified by ``locator``.</doc>
<status status="PASS" start="2025-09-25T13:48:09.641677" elapsed="0.044859"/>
</kw>
<kw name="Evaluate" owner="BuiltIn">
<msg time="2025-09-25T13:48:09.686893" level="INFO">${name} = Alford O'Connell</msg>
<var>${name}</var>
<arg>" ".join("""${raw_name}""".split()[1:])</arg>
<doc>Evaluates the given expression in Python and returns the result.</doc>
<status status="PASS" start="2025-09-25T13:48:09.686686" elapsed="0.000259"/>
</kw>
<kw name="Log To Console" owner="BuiltIn">
<arg>\n${name}:</arg>
<doc>Logs the given message to the console.</doc>
<status status="PASS" start="2025-09-25T13:48:09.687025" elapsed="0.000132"/>
</kw>
<kw name="Set Variable" owner="BuiltIn">
<msg time="2025-09-25T13:48:09.687332" level="INFO">${spent_locator} = (//table//tbody//tr)[8]/td[5]</msg>
<var>${spent_locator}</var>
<arg>${current_row_locator}/td[5]</arg>
<doc>Returns the given values which can then be assigned to a variables.</doc>
<status status="PASS" start="2025-09-25T13:48:09.687232" elapsed="0.000146"/>
</kw>
<kw name="Get Text" owner="SeleniumLibrary">
<msg time="2025-09-25T13:48:09.700291" level="INFO">${spent_text} = $0.00</msg>
<var>${spent_text}</var>
<arg>${spent_locator}</arg>
<doc>Returns the text value of the element identified by ``locator``.</doc>
<status status="PASS" start="2025-09-25T13:48:09.687456" elapsed="0.012939"/>
</kw>
<kw name="Evaluate" owner="BuiltIn">
<msg time="2025-09-25T13:48:09.700729" level="INFO">${spent_text} = 0.00</msg>
<var>${spent_text}</var>
<arg>"""${spent_text}""".replace("$","").replace(",","").strip()</arg>
<doc>Evaluates the given expression in Python and returns the result.</doc>
<status status="PASS" start="2025-09-25T13:48:09.700522" elapsed="0.000250"/>
</kw>
<kw name="Evaluate" owner="BuiltIn">
<msg time="2025-09-25T13:48:09.700968" level="INFO">${spent} = 0</msg>
<var>${spent}</var>
<arg>int(${spent_text}) if ${spent_text} else 0</arg>
<doc>Evaluates the given expression in Python and returns the result.</doc>
<status status="PASS" start="2025-09-25T13:48:09.700844" elapsed="0.000162"/>
</kw>
<kw name="Log To Console" owner="BuiltIn">
<arg>$${spent}</arg>
<doc>Logs the given message to the console.</doc>
<status status="PASS" start="2025-09-25T13:48:09.701072" elapsed="0.000113"/>
</kw>
<if>
<branch type="IF" condition="${spent} &gt; 0">
<kw name="Create Dictionary" owner="BuiltIn">
<var>${user}</var>
<arg>name=${name}</arg>
<arg>spent=${spent}</arg>
<doc>Creates and returns a dictionary based on the given ``items``.</doc>
<status status="NOT RUN" start="2025-09-25T13:48:09.701367" elapsed="0.000036"/>
</kw>
<kw name="Append To List" owner="Collections">
<arg>${users_with_spent}</arg>
<arg>${user}</arg>
<doc>Adds ``values`` to the end of ``list``.</doc>
<status status="NOT RUN" start="2025-09-25T13:48:09.701466" elapsed="0.000033"/>
</kw>
<kw name="Evaluate" owner="BuiltIn">
<var>${total_spent}</var>
<arg>${total_spent} + ${spent}</arg>
<doc>Evaluates the given expression in Python and returns the result.</doc>
<status status="NOT RUN" start="2025-09-25T13:48:09.701556" elapsed="0.000031"/>
</kw>
<status status="NOT RUN" start="2025-09-25T13:48:09.701249" elapsed="0.000371"/>
</branch>
<status status="PASS" start="2025-09-25T13:48:09.701235" elapsed="0.000419"/>
</if>
<var name="${i}">8</var>
<status status="PASS" start="2025-09-25T13:48:09.640674" elapsed="0.060992"/>
</iter>
<iter>
<kw name="Set Variable" owner="BuiltIn">
<msg time="2025-09-25T13:48:09.701941" level="INFO">${current_row_locator} = (//table//tbody//tr)[9]</msg>
<var>${current_row_locator}</var>
<arg>(${table_row})[${i}]</arg>
<doc>Returns the given values which can then be assigned to a variables.</doc>
<status status="PASS" start="2025-09-25T13:48:09.701842" elapsed="0.000140"/>
</kw>
<kw name="Set Variable" owner="BuiltIn">
<msg time="2025-09-25T13:48:09.702135" level="INFO">${name_locator} = (//table//tbody//tr)[9]/td[2]//a/div</msg>
<var>${name_locator}</var>
<arg>${current_row_locator}/td[2]//a/div</arg>
<doc>Returns the given values which can then be assigned to a variables.</doc>
<status status="PASS" start="2025-09-25T13:48:09.702044" elapsed="0.000130"/>
</kw>
<kw name="Get Text" owner="SeleniumLibrary">
<msg time="2025-09-25T13:48:09.712578" level="INFO">${raw_name} = R
Reyes Lowe</msg>
<var>${raw_name}</var>
<arg>${name_locator}</arg>
<doc>Returns the text value of the element identified by ``locator``.</doc>
<status status="PASS" start="2025-09-25T13:48:09.702238" elapsed="0.010444"/>
</kw>
<kw name="Evaluate" owner="BuiltIn">
<msg time="2025-09-25T13:48:09.712980" level="INFO">${name} = Reyes Lowe</msg>
<var>${name}</var>
<arg>" ".join("""${raw_name}""".split()[1:])</arg>
<doc>Evaluates the given expression in Python and returns the result.</doc>
<status status="PASS" start="2025-09-25T13:48:09.712804" elapsed="0.000220"/>
</kw>
<kw name="Log To Console" owner="BuiltIn">
<arg>\n${name}:</arg>
<doc>Logs the given message to the console.</doc>
<status status="PASS" start="2025-09-25T13:48:09.713107" elapsed="0.000117"/>
</kw>
<kw name="Set Variable" owner="BuiltIn">
<msg time="2025-09-25T13:48:09.713397" level="INFO">${spent_locator} = (//table//tbody//tr)[9]/td[5]</msg>
<var>${spent_locator}</var>
<arg>${current_row_locator}/td[5]</arg>
<doc>Returns the given values which can then be assigned to a variables.</doc>
<status status="PASS" start="2025-09-25T13:48:09.713295" elapsed="0.000146"/>
</kw>
<kw name="Get Text" owner="SeleniumLibrary">
<msg time="2025-09-25T13:48:09.724555" level="INFO">${spent_text} = $0.00</msg>
<var>${spent_text}</var>
<arg>${spent_locator}</arg>
<doc>Returns the text value of the element identified by ``locator``.</doc>
<status status="PASS" start="2025-09-25T13:48:09.713514" elapsed="0.011143"/>
</kw>
<kw name="Evaluate" owner="BuiltIn">
<msg time="2025-09-25T13:48:09.724985" level="INFO">${spent_text} = 0.00</msg>
<var>${spent_text}</var>
<arg>"""${spent_text}""".replace("$","").replace(",","").strip()</arg>
<doc>Evaluates the given expression in Python and returns the result.</doc>
<status status="PASS" start="2025-09-25T13:48:09.724778" elapsed="0.000250"/>
</kw>
<kw name="Evaluate" owner="BuiltIn">
<msg time="2025-09-25T13:48:09.725232" level="INFO">${spent} = 0</msg>
<var>${spent}</var>
<arg>int(${spent_text}) if ${spent_text} else 0</arg>
<doc>Evaluates the given expression in Python and returns the result.</doc>
<status status="PASS" start="2025-09-25T13:48:09.725100" elapsed="0.000170"/>
</kw>
<kw name="Log To Console" owner="BuiltIn">
<arg>$${spent}</arg>
<doc>Logs the given message to the console.</doc>
<status status="PASS" start="2025-09-25T13:48:09.725337" elapsed="0.000102"/>
</kw>
<if>
<branch type="IF" condition="${spent} &gt; 0">
<kw name="Create Dictionary" owner="BuiltIn">
<var>${user}</var>
<arg>name=${name}</arg>
<arg>spent=${spent}</arg>
<doc>Creates and returns a dictionary based on the given ``items``.</doc>
<status status="NOT RUN" start="2025-09-25T13:48:09.725618" elapsed="0.000041"/>
</kw>
<kw name="Append To List" owner="Collections">
<arg>${users_with_spent}</arg>
<arg>${user}</arg>
<doc>Adds ``values`` to the end of ``list``.</doc>
<status status="NOT RUN" start="2025-09-25T13:48:09.726431" elapsed="0.000046"/>
</kw>
<kw name="Evaluate" owner="BuiltIn">
<var>${total_spent}</var>
<arg>${total_spent} + ${spent}</arg>
<doc>Evaluates the given expression in Python and returns the result.</doc>
<status status="NOT RUN" start="2025-09-25T13:48:09.726546" elapsed="0.000035"/>
</kw>
<status status="NOT RUN" start="2025-09-25T13:48:09.725508" elapsed="0.001108"/>
</branch>
<status status="PASS" start="2025-09-25T13:48:09.725493" elapsed="0.001160"/>
</if>
<var name="${i}">9</var>
<status status="PASS" start="2025-09-25T13:48:09.701777" elapsed="0.024888"/>
</iter>
<iter>
<kw name="Set Variable" owner="BuiltIn">
<msg time="2025-09-25T13:48:09.726950" level="INFO">${current_row_locator} = (//table//tbody//tr)[10]</msg>
<var>${current_row_locator}</var>
<arg>(${table_row})[${i}]</arg>
<doc>Returns the given values which can then be assigned to a variables.</doc>
<status status="PASS" start="2025-09-25T13:48:09.726846" elapsed="0.000148"/>
</kw>
<kw name="Set Variable" owner="BuiltIn">
<msg time="2025-09-25T13:48:09.727139" level="INFO">${name_locator} = (//table//tbody//tr)[10]/td[2]//a/div</msg>
<var>${name_locator}</var>
<arg>${current_row_locator}/td[2]//a/div</arg>
<doc>Returns the given values which can then be assigned to a variables.</doc>
<status status="PASS" start="2025-09-25T13:48:09.727056" elapsed="0.000121"/>
</kw>
<kw name="Get Text" owner="SeleniumLibrary">
<msg time="2025-09-25T13:48:09.738214" level="INFO">${raw_name} = V
Vernice Leuschke</msg>
<var>${raw_name}</var>
<arg>${name_locator}</arg>
<doc>Returns the text value of the element identified by ``locator``.</doc>
<status status="PASS" start="2025-09-25T13:48:09.727243" elapsed="0.011068"/>
</kw>
<kw name="Evaluate" owner="BuiltIn">
<msg time="2025-09-25T13:48:09.738606" level="INFO">${name} = Vernice Leuschke</msg>
<var>${name}</var>
<arg>" ".join("""${raw_name}""".split()[1:])</arg>
<doc>Evaluates the given expression in Python and returns the result.</doc>
<status status="PASS" start="2025-09-25T13:48:09.738431" elapsed="0.000218"/>
</kw>
<kw name="Log To Console" owner="BuiltIn">
<arg>\n${name}:</arg>
<doc>Logs the given message to the console.</doc>
<status status="PASS" start="2025-09-25T13:48:09.738947" elapsed="0.000196"/>
</kw>
<kw name="Set Variable" owner="BuiltIn">
<msg time="2025-09-25T13:48:09.739483" level="INFO">${spent_locator} = (//table//tbody//tr)[10]/td[5]</msg>
<var>${spent_locator}</var>
<arg>${current_row_locator}/td[5]</arg>
<doc>Returns the given values which can then be assigned to a variables.</doc>
<status status="PASS" start="2025-09-25T13:48:09.739304" elapsed="0.000227"/>
</kw>
<kw name="Get Text" owner="SeleniumLibrary">
<msg time="2025-09-25T13:48:09.750081" level="INFO">${spent_text} = $0.00</msg>
<var>${spent_text}</var>
<arg>${spent_locator}</arg>
<doc>Returns the text value of the element identified by ``locator``.</doc>
<status status="PASS" start="2025-09-25T13:48:09.739616" elapsed="0.010557"/>
</kw>
<kw name="Evaluate" owner="BuiltIn">
<msg time="2025-09-25T13:48:09.750511" level="INFO">${spent_text} = 0.00</msg>
<var>${spent_text}</var>
<arg>"""${spent_text}""".replace("$","").replace(",","").strip()</arg>
<doc>Evaluates the given expression in Python and returns the result.</doc>
<status status="PASS" start="2025-09-25T13:48:09.750302" elapsed="0.000259"/>
</kw>
<kw name="Evaluate" owner="BuiltIn">
<msg time="2025-09-25T13:48:09.750751" level="INFO">${spent} = 0</msg>
<var>${spent}</var>
<arg>int(${spent_text}) if ${spent_text} else 0</arg>
<doc>Evaluates the given expression in Python and returns the result.</doc>
<status status="PASS" start="2025-09-25T13:48:09.750632" elapsed="0.000161"/>
</kw>
<kw name="Log To Console" owner="BuiltIn">
<arg>$${spent}</arg>
<doc>Logs the given message to the console.</doc>
<status status="PASS" start="2025-09-25T13:48:09.750858" elapsed="0.000105"/>
</kw>
<if>
<branch type="IF" condition="${spent} &gt; 0">
<kw name="Create Dictionary" owner="BuiltIn">
<var>${user}</var>
<arg>name=${name}</arg>
<arg>spent=${spent}</arg>
<doc>Creates and returns a dictionary based on the given ``items``.</doc>
<status status="NOT RUN" start="2025-09-25T13:48:09.751138" elapsed="0.000036"/>
</kw>
<kw name="Append To List" owner="Collections">
<arg>${users_with_spent}</arg>
<arg>${user}</arg>
<doc>Adds ``values`` to the end of ``list``.</doc>
<status status="NOT RUN" start="2025-09-25T13:48:09.751236" elapsed="0.000046"/>
</kw>
<kw name="Evaluate" owner="BuiltIn">
<var>${total_spent}</var>
<arg>${total_spent} + ${spent}</arg>
<doc>Evaluates the given expression in Python and returns the result.</doc>
<status status="NOT RUN" start="2025-09-25T13:48:09.751343" elapsed="0.000032"/>
</kw>
<status status="NOT RUN" start="2025-09-25T13:48:09.751031" elapsed="0.000379"/>
</branch>
<status status="PASS" start="2025-09-25T13:48:09.751018" elapsed="0.000432"/>
</if>
<var name="${i}">10</var>
<status status="PASS" start="2025-09-25T13:48:09.726782" elapsed="0.024680"/>
</iter>
<iter>
<kw name="Set Variable" owner="BuiltIn">
<msg time="2025-09-25T13:48:09.751754" level="INFO">${current_row_locator} = (//table//tbody//tr)[11]</msg>
<var>${current_row_locator}</var>
<arg>(${table_row})[${i}]</arg>
<doc>Returns the given values which can then be assigned to a variables.</doc>
<status status="PASS" start="2025-09-25T13:48:09.751651" elapsed="0.000148"/>
</kw>
<kw name="Set Variable" owner="BuiltIn">
<msg time="2025-09-25T13:48:09.751956" level="INFO">${name_locator} = (//table//tbody//tr)[11]/td[2]//a/div</msg>
<var>${name_locator}</var>
<arg>${current_row_locator}/td[2]//a/div</arg>
<doc>Returns the given values which can then be assigned to a variables.</doc>
<status status="PASS" start="2025-09-25T13:48:09.751866" elapsed="0.000130"/>
</kw>
<kw name="Get Text" owner="SeleniumLibrary">
<msg time="2025-09-25T13:48:09.762892" level="INFO">${raw_name} = M
Marianne Hilpert</msg>
<var>${raw_name}</var>
<arg>${name_locator}</arg>
<doc>Returns the text value of the element identified by ``locator``.</doc>
<status status="PASS" start="2025-09-25T13:48:09.752068" elapsed="0.010927"/>
</kw>
<kw name="Evaluate" owner="BuiltIn">
<msg time="2025-09-25T13:48:09.763303" level="INFO">${name} = Marianne Hilpert</msg>
<var>${name}</var>
<arg>" ".join("""${raw_name}""".split()[1:])</arg>
<doc>Evaluates the given expression in Python and returns the result.</doc>
<status status="PASS" start="2025-09-25T13:48:09.763128" elapsed="0.000232"/>
</kw>
<kw name="Log To Console" owner="BuiltIn">
<arg>\n${name}:</arg>
<doc>Logs the given message to the console.</doc>
<status status="PASS" start="2025-09-25T13:48:09.763437" elapsed="0.000140"/>
</kw>
<kw name="Set Variable" owner="BuiltIn">
<msg time="2025-09-25T13:48:09.763820" level="INFO">${spent_locator} = (//table//tbody//tr)[11]/td[5]</msg>
<var>${spent_locator}</var>
<arg>${current_row_locator}/td[5]</arg>
<doc>Returns the given values which can then be assigned to a variables.</doc>
<status status="PASS" start="2025-09-25T13:48:09.763716" elapsed="0.000146"/>
</kw>
<kw name="Get Text" owner="SeleniumLibrary">
<msg time="2025-09-25T13:48:09.800195" level="INFO">${spent_text} = $0.00</msg>
<var>${spent_text}</var>
<arg>${spent_locator}</arg>
<doc>Returns the text value of the element identified by ``locator``.</doc>
<status status="PASS" start="2025-09-25T13:48:09.763939" elapsed="0.036407"/>
</kw>
<kw name="Evaluate" owner="BuiltIn">
<msg time="2025-09-25T13:48:09.800736" level="INFO">${spent_text} = 0.00</msg>
<var>${spent_text}</var>
<arg>"""${spent_text}""".replace("$","").replace(",","").strip()</arg>
<doc>Evaluates the given expression in Python and returns the result.</doc>
<status status="PASS" start="2025-09-25T13:48:09.800491" elapsed="0.000295"/>
</kw>
<kw name="Evaluate" owner="BuiltIn">
<msg time="2025-09-25T13:48:09.801000" level="INFO">${spent} = 0</msg>
<var>${spent}</var>
<arg>int(${spent_text}) if ${spent_text} else 0</arg>
<doc>Evaluates the given expression in Python and returns the result.</doc>
<status status="PASS" start="2025-09-25T13:48:09.800866" elapsed="0.000174"/>
</kw>
<kw name="Log To Console" owner="BuiltIn">
<arg>$${spent}</arg>
<doc>Logs the given message to the console.</doc>
<status status="PASS" start="2025-09-25T13:48:09.801112" elapsed="0.001710"/>
</kw>
<if>
<branch type="IF" condition="${spent} &gt; 0">
<kw name="Create Dictionary" owner="BuiltIn">
<var>${user}</var>
<arg>name=${name}</arg>
<arg>spent=${spent}</arg>
<doc>Creates and returns a dictionary based on the given ``items``.</doc>
<status status="NOT RUN" start="2025-09-25T13:48:09.803551" elapsed="0.000054"/>
</kw>
<kw name="Append To List" owner="Collections">
<arg>${users_with_spent}</arg>
<arg>${user}</arg>
<doc>Adds ``values`` to the end of ``list``.</doc>
<status status="NOT RUN" start="2025-09-25T13:48:09.803691" elapsed="0.000041"/>
</kw>
<kw name="Evaluate" owner="BuiltIn">
<var>${total_spent}</var>
<arg>${total_spent} + ${spent}</arg>
<doc>Evaluates the given expression in Python and returns the result.</doc>
<status status="NOT RUN" start="2025-09-25T13:48:09.803800" elapsed="0.000036"/>
</kw>
<status status="NOT RUN" start="2025-09-25T13:48:09.803332" elapsed="0.000544"/>
</branch>
<status status="PASS" start="2025-09-25T13:48:09.803308" elapsed="0.000608"/>
</if>
<var name="${i}">11</var>
<status status="PASS" start="2025-09-25T13:48:09.751580" elapsed="0.052351"/>
</iter>
<iter>
<kw name="Set Variable" owner="BuiltIn">
<msg time="2025-09-25T13:48:09.804302" level="INFO">${current_row_locator} = (//table//tbody//tr)[12]</msg>
<var>${current_row_locator}</var>
<arg>(${table_row})[${i}]</arg>
<doc>Returns the given values which can then be assigned to a variables.</doc>
<status status="PASS" start="2025-09-25T13:48:09.804141" elapsed="0.000232"/>
</kw>
<kw name="Set Variable" owner="BuiltIn">
<msg time="2025-09-25T13:48:09.804592" level="INFO">${name_locator} = (//table//tbody//tr)[12]/td[2]//a/div</msg>
<var>${name_locator}</var>
<arg>${current_row_locator}/td[2]//a/div</arg>
<doc>Returns the given values which can then be assigned to a variables.</doc>
<status status="PASS" start="2025-09-25T13:48:09.804446" elapsed="0.000192"/>
</kw>
<kw name="Get Text" owner="SeleniumLibrary">
<msg time="2025-09-25T13:48:09.818368" level="INFO">${raw_name} = J
Joshua McCullough</msg>
<var>${raw_name}</var>
<arg>${name_locator}</arg>
<doc>Returns the text value of the element identified by ``locator``.</doc>
<status status="PASS" start="2025-09-25T13:48:09.804715" elapsed="0.013857"/>
</kw>
<kw name="Evaluate" owner="BuiltIn">
<msg time="2025-09-25T13:48:09.818920" level="INFO">${name} = Joshua McCullough</msg>
<var>${name}</var>
<arg>" ".join("""${raw_name}""".split()[1:])</arg>
<doc>Evaluates the given expression in Python and returns the result.</doc>
<status status="PASS" start="2025-09-25T13:48:09.818724" elapsed="0.000252"/>
</kw>
<kw name="Log To Console" owner="BuiltIn">
<arg>\n${name}:</arg>
<doc>Logs the given message to the console.</doc>
<status status="PASS" start="2025-09-25T13:48:09.819056" elapsed="0.000128"/>
</kw>
<kw name="Set Variable" owner="BuiltIn">
<msg time="2025-09-25T13:48:09.819499" level="INFO">${spent_locator} = (//table//tbody//tr)[12]/td[5]</msg>
<var>${spent_locator}</var>
<arg>${current_row_locator}/td[5]</arg>
<doc>Returns the given values which can then be assigned to a variables.</doc>
<status status="PASS" start="2025-09-25T13:48:09.819339" elapsed="0.000209"/>
</kw>
<kw name="Get Text" owner="SeleniumLibrary">
<msg time="2025-09-25T13:48:09.829563" level="INFO">${spent_text} = $0.00</msg>
<var>${spent_text}</var>
<arg>${spent_locator}</arg>
<doc>Returns the text value of the element identified by ``locator``.</doc>
<status status="PASS" start="2025-09-25T13:48:09.819633" elapsed="0.010029"/>
</kw>
<kw name="Evaluate" owner="BuiltIn">
<msg time="2025-09-25T13:48:09.829993" level="INFO">${spent_text} = 0.00</msg>
<var>${spent_text}</var>
<arg>"""${spent_text}""".replace("$","").replace(",","").strip()</arg>
<doc>Evaluates the given expression in Python and returns the result.</doc>
<status status="PASS" start="2025-09-25T13:48:09.829795" elapsed="0.000240"/>
</kw>
<kw name="Evaluate" owner="BuiltIn">
<msg time="2025-09-25T13:48:09.830239" level="INFO">${spent} = 0</msg>
<var>${spent}</var>
<arg>int(${spent_text}) if ${spent_text} else 0</arg>
<doc>Evaluates the given expression in Python and returns the result.</doc>
<status status="PASS" start="2025-09-25T13:48:09.830110" elapsed="0.000168"/>
</kw>
<kw name="Log To Console" owner="BuiltIn">
<arg>$${spent}</arg>
<doc>Logs the given message to the console.</doc>
<status status="PASS" start="2025-09-25T13:48:09.830350" elapsed="0.000115"/>
</kw>
<if>
<branch type="IF" condition="${spent} &gt; 0">
<kw name="Create Dictionary" owner="BuiltIn">
<var>${user}</var>
<arg>name=${name}</arg>
<arg>spent=${spent}</arg>
<doc>Creates and returns a dictionary based on the given ``items``.</doc>
<status status="NOT RUN" start="2025-09-25T13:48:09.830648" elapsed="0.000039"/>
</kw>
<kw name="Append To List" owner="Collections">
<arg>${users_with_spent}</arg>
<arg>${user}</arg>
<doc>Adds ``values`` to the end of ``list``.</doc>
<status status="NOT RUN" start="2025-09-25T13:48:09.830752" elapsed="0.000035"/>
</kw>
<kw name="Evaluate" owner="BuiltIn">
<var>${total_spent}</var>
<arg>${total_spent} + ${spent}</arg>
<doc>Evaluates the given expression in Python and returns the result.</doc>
<status status="NOT RUN" start="2025-09-25T13:48:09.830950" elapsed="0.000037"/>
</kw>
<status status="NOT RUN" start="2025-09-25T13:48:09.830536" elapsed="0.000487"/>
</branch>
<status status="PASS" start="2025-09-25T13:48:09.830520" elapsed="0.000541"/>
</if>
<var name="${i}">12</var>
<status status="PASS" start="2025-09-25T13:48:09.804065" elapsed="0.027010"/>
</iter>
<iter>
<kw name="Set Variable" owner="BuiltIn">
<msg time="2025-09-25T13:48:09.831365" level="INFO">${current_row_locator} = (//table//tbody//tr)[13]</msg>
<var>${current_row_locator}</var>
<arg>(${table_row})[${i}]</arg>
<doc>Returns the given values which can then be assigned to a variables.</doc>
<status status="PASS" start="2025-09-25T13:48:09.831260" elapsed="0.000151"/>
</kw>
<kw name="Set Variable" owner="BuiltIn">
<msg time="2025-09-25T13:48:09.831564" level="INFO">${name_locator} = (//table//tbody//tr)[13]/td[2]//a/div</msg>
<var>${name_locator}</var>
<arg>${current_row_locator}/td[2]//a/div</arg>
<doc>Returns the given values which can then be assigned to a variables.</doc>
<status status="PASS" start="2025-09-25T13:48:09.831478" elapsed="0.000125"/>
</kw>
<kw name="Get Text" owner="SeleniumLibrary">
<msg time="2025-09-25T13:48:09.842858" level="INFO">${raw_name} = K
Kyra Marvin</msg>
<var>${raw_name}</var>
<arg>${name_locator}</arg>
<doc>Returns the text value of the element identified by ``locator``.</doc>
<status status="PASS" start="2025-09-25T13:48:09.831669" elapsed="0.011294"/>
</kw>
<kw name="Evaluate" owner="BuiltIn">
<msg time="2025-09-25T13:48:09.843270" level="INFO">${name} = Kyra Marvin</msg>
<var>${name}</var>
<arg>" ".join("""${raw_name}""".split()[1:])</arg>
<doc>Evaluates the given expression in Python and returns the result.</doc>
<status status="PASS" start="2025-09-25T13:48:09.843091" elapsed="0.000225"/>
</kw>
<kw name="Log To Console" owner="BuiltIn">
<arg>\n${name}:</arg>
<doc>Logs the given message to the console.</doc>
<status status="PASS" start="2025-09-25T13:48:09.843389" elapsed="0.000117"/>
</kw>
<kw name="Set Variable" owner="BuiltIn">
<msg time="2025-09-25T13:48:09.843672" level="INFO">${spent_locator} = (//table//tbody//tr)[13]/td[5]</msg>
<var>${spent_locator}</var>
<arg>${current_row_locator}/td[5]</arg>
<doc>Returns the given values which can then be assigned to a variables.</doc>
<status status="PASS" start="2025-09-25T13:48:09.843578" elapsed="0.000135"/>
</kw>
<kw name="Get Text" owner="SeleniumLibrary">
<msg time="2025-09-25T13:48:09.853848" level="INFO">${spent_text} = $0.00</msg>
<var>${spent_text}</var>
<arg>${spent_locator}</arg>
<doc>Returns the text value of the element identified by ``locator``.</doc>
<status status="PASS" start="2025-09-25T13:48:09.843780" elapsed="0.010169"/>
</kw>
<kw name="Evaluate" owner="BuiltIn">
<msg time="2025-09-25T13:48:09.854265" level="INFO">${spent_text} = 0.00</msg>
<var>${spent_text}</var>
<arg>"""${spent_text}""".replace("$","").replace(",","").strip()</arg>
<doc>Evaluates the given expression in Python and returns the result.</doc>
<status status="PASS" start="2025-09-25T13:48:09.854068" elapsed="0.000239"/>
</kw>
<kw name="Evaluate" owner="BuiltIn">
<msg time="2025-09-25T13:48:09.854499" level="INFO">${spent} = 0</msg>
<var>${spent}</var>
<arg>int(${spent_text}) if ${spent_text} else 0</arg>
<doc>Evaluates the given expression in Python and returns the result.</doc>
<status status="PASS" start="2025-09-25T13:48:09.854378" elapsed="0.000160"/>
</kw>
<kw name="Log To Console" owner="BuiltIn">
<arg>$${spent}</arg>
<doc>Logs the given message to the console.</doc>
<status status="PASS" start="2025-09-25T13:48:09.854606" elapsed="0.000101"/>
</kw>
<if>
<branch type="IF" condition="${spent} &gt; 0">
<kw name="Create Dictionary" owner="BuiltIn">
<var>${user}</var>
<arg>name=${name}</arg>
<arg>spent=${spent}</arg>
<doc>Creates and returns a dictionary based on the given ``items``.</doc>
<status status="NOT RUN" start="2025-09-25T13:48:09.854878" elapsed="0.000036"/>
</kw>
<kw name="Append To List" owner="Collections">
<arg>${users_with_spent}</arg>
<arg>${user}</arg>
<doc>Adds ``values`` to the end of ``list``.</doc>
<status status="NOT RUN" start="2025-09-25T13:48:09.854974" elapsed="0.000035"/>
</kw>
<kw name="Evaluate" owner="BuiltIn">
<var>${total_spent}</var>
<arg>${total_spent} + ${spent}</arg>
<doc>Evaluates the given expression in Python and returns the result.</doc>
<status status="NOT RUN" start="2025-09-25T13:48:09.855069" elapsed="0.000031"/>
</kw>
<status status="NOT RUN" start="2025-09-25T13:48:09.854772" elapsed="0.000362"/>
</branch>
<status status="PASS" start="2025-09-25T13:48:09.854758" elapsed="0.000411"/>
</if>
<var name="${i}">13</var>
<status status="PASS" start="2025-09-25T13:48:09.831193" elapsed="0.023988"/>
</iter>
<iter>
<kw name="Set Variable" owner="BuiltIn">
<msg time="2025-09-25T13:48:09.855465" level="INFO">${current_row_locator} = (//table//tbody//tr)[14]</msg>
<var>${current_row_locator}</var>
<arg>(${table_row})[${i}]</arg>
<doc>Returns the given values which can then be assigned to a variables.</doc>
<status status="PASS" start="2025-09-25T13:48:09.855364" elapsed="0.000146"/>
</kw>
<kw name="Set Variable" owner="BuiltIn">
<msg time="2025-09-25T13:48:09.855987" level="INFO">${name_locator} = (//table//tbody//tr)[14]/td[2]//a/div</msg>
<var>${name_locator}</var>
<arg>${current_row_locator}/td[2]//a/div</arg>
<doc>Returns the given values which can then be assigned to a variables.</doc>
<status status="PASS" start="2025-09-25T13:48:09.855842" elapsed="0.000199"/>
</kw>
<kw name="Get Text" owner="SeleniumLibrary">
<msg time="2025-09-25T13:48:09.900096" level="INFO">${raw_name} = B
Bonita Greenholt</msg>
<var>${raw_name}</var>
<arg>${name_locator}</arg>
<doc>Returns the text value of the element identified by ``locator``.</doc>
<status status="PASS" start="2025-09-25T13:48:09.856160" elapsed="0.044076"/>
</kw>
<kw name="Evaluate" owner="BuiltIn">
<msg time="2025-09-25T13:48:09.900594" level="INFO">${name} = Bonita Greenholt</msg>
<var>${name}</var>
<arg>" ".join("""${raw_name}""".split()[1:])</arg>
<doc>Evaluates the given expression in Python and returns the result.</doc>
<status status="PASS" start="2025-09-25T13:48:09.900392" elapsed="0.000253"/>
</kw>
<kw name="Log To Console" owner="BuiltIn">
<arg>\n${name}:</arg>
<doc>Logs the given message to the console.</doc>
<status status="PASS" start="2025-09-25T13:48:09.900726" elapsed="0.000864"/>
</kw>
<kw name="Set Variable" owner="BuiltIn">
<msg time="2025-09-25T13:48:09.901964" level="INFO">${spent_locator} = (//table//tbody//tr)[14]/td[5]</msg>
<var>${spent_locator}</var>
<arg>${current_row_locator}/td[5]</arg>
<doc>Returns the given values which can then be assigned to a variables.</doc>
<status status="PASS" start="2025-09-25T13:48:09.901838" elapsed="0.000216"/>
</kw>
<kw name="Get Text" owner="SeleniumLibrary">
<msg time="2025-09-25T13:48:09.917837" level="INFO">${spent_text} = $0.00</msg>
<var>${spent_text}</var>
<arg>${spent_locator}</arg>
<doc>Returns the text value of the element identified by ``locator``.</doc>
<status status="PASS" start="2025-09-25T13:48:09.902144" elapsed="0.015800"/>
</kw>
<kw name="Evaluate" owner="BuiltIn">
<msg time="2025-09-25T13:48:09.918272" level="INFO">${spent_text} = 0.00</msg>
<var>${spent_text}</var>
<arg>"""${spent_text}""".replace("$","").replace(",","").strip()</arg>
<doc>Evaluates the given expression in Python and returns the result.</doc>
<status status="PASS" start="2025-09-25T13:48:09.918074" elapsed="0.000239"/>
</kw>
<kw name="Evaluate" owner="BuiltIn">
<msg time="2025-09-25T13:48:09.918518" level="INFO">${spent} = 0</msg>
<var>${spent}</var>
<arg>int(${spent_text}) if ${spent_text} else 0</arg>
<doc>Evaluates the given expression in Python and returns the result.</doc>
<status status="PASS" start="2025-09-25T13:48:09.918383" elapsed="0.000173"/>
</kw>
<kw name="Log To Console" owner="BuiltIn">
<arg>$${spent}</arg>
<doc>Logs the given message to the console.</doc>
<status status="PASS" start="2025-09-25T13:48:09.918621" elapsed="0.000106"/>
</kw>
<if>
<branch type="IF" condition="${spent} &gt; 0">
<kw name="Create Dictionary" owner="BuiltIn">
<var>${user}</var>
<arg>name=${name}</arg>
<arg>spent=${spent}</arg>
<doc>Creates and returns a dictionary based on the given ``items``.</doc>
<status status="NOT RUN" start="2025-09-25T13:48:09.918902" elapsed="0.000043"/>
</kw>
<kw name="Append To List" owner="Collections">
<arg>${users_with_spent}</arg>
<arg>${user}</arg>
<doc>Adds ``values`` to the end of ``list``.</doc>
<status status="NOT RUN" start="2025-09-25T13:48:09.919008" elapsed="0.000034"/>
</kw>
<kw name="Evaluate" owner="BuiltIn">
<var>${total_spent}</var>
<arg>${total_spent} + ${spent}</arg>
<doc>Evaluates the given expression in Python and returns the result.</doc>
<status status="NOT RUN" start="2025-09-25T13:48:09.919099" elapsed="0.000031"/>
</kw>
<status status="NOT RUN" start="2025-09-25T13:48:09.918794" elapsed="0.000368"/>
</branch>
<status status="PASS" start="2025-09-25T13:48:09.918778" elapsed="0.000420"/>
</if>
<var name="${i}">14</var>
<status status="PASS" start="2025-09-25T13:48:09.855299" elapsed="0.063912"/>
</iter>
<iter>
<kw name="Set Variable" owner="BuiltIn">
<msg time="2025-09-25T13:48:09.919487" level="INFO">${current_row_locator} = (//table//tbody//tr)[15]</msg>
<var>${current_row_locator}</var>
<arg>(${table_row})[${i}]</arg>
<doc>Returns the given values which can then be assigned to a variables.</doc>
<status status="PASS" start="2025-09-25T13:48:09.919383" elapsed="0.000154"/>
</kw>
<kw name="Set Variable" owner="BuiltIn">
<msg time="2025-09-25T13:48:09.919691" level="INFO">${name_locator} = (//table//tbody//tr)[15]/td[2]//a/div</msg>
<var>${name_locator}</var>
<arg>${current_row_locator}/td[2]//a/div</arg>
<doc>Returns the given values which can then be assigned to a variables.</doc>
<status status="PASS" start="2025-09-25T13:48:09.919601" elapsed="0.000126"/>
</kw>
<kw name="Get Text" owner="SeleniumLibrary">
<msg time="2025-09-25T13:48:09.930381" level="INFO">${raw_name} = Reba Fisher</msg>
<var>${raw_name}</var>
<arg>${name_locator}</arg>
<doc>Returns the text value of the element identified by ``locator``.</doc>
<status status="PASS" start="2025-09-25T13:48:09.919790" elapsed="0.010699"/>
</kw>
<kw name="Evaluate" owner="BuiltIn">
<msg time="2025-09-25T13:48:09.930811" level="INFO">${name} = Fisher</msg>
<var>${name}</var>
<arg>" ".join("""${raw_name}""".split()[1:])</arg>
<doc>Evaluates the given expression in Python and returns the result.</doc>
<status status="PASS" start="2025-09-25T13:48:09.930624" elapsed="0.000233"/>
</kw>
<kw name="Log To Console" owner="BuiltIn">
<arg>\n${name}:</arg>
<doc>Logs the given message to the console.</doc>
<status status="PASS" start="2025-09-25T13:48:09.930932" elapsed="0.000119"/>
</kw>
<kw name="Set Variable" owner="BuiltIn">
<msg time="2025-09-25T13:48:09.931216" level="INFO">${spent_locator} = (//table//tbody//tr)[15]/td[5]</msg>
<var>${spent_locator}</var>
<arg>${current_row_locator}/td[5]</arg>
<doc>Returns the given values which can then be assigned to a variables.</doc>
<status status="PASS" start="2025-09-25T13:48:09.931123" elapsed="0.000135"/>
</kw>
<kw name="Get Text" owner="SeleniumLibrary">
<msg time="2025-09-25T13:48:09.941935" level="INFO">${spent_text} = $262.40</msg>
<var>${spent_text}</var>
<arg>${spent_locator}</arg>
<doc>Returns the text value of the element identified by ``locator``.</doc>
<status status="PASS" start="2025-09-25T13:48:09.931332" elapsed="0.010703"/>
</kw>
<kw name="Evaluate" owner="BuiltIn">
<msg time="2025-09-25T13:48:09.942374" level="INFO">${spent_text} = 262.40</msg>
<var>${spent_text}</var>
<arg>"""${spent_text}""".replace("$","").replace(",","").strip()</arg>
<doc>Evaluates the given expression in Python and returns the result.</doc>
<status status="PASS" start="2025-09-25T13:48:09.942168" elapsed="0.000252"/>
</kw>
<kw name="Evaluate" owner="BuiltIn">
<msg time="2025-09-25T13:48:09.942612" level="INFO">${spent} = 262</msg>
<var>${spent}</var>
<arg>int(${spent_text}) if ${spent_text} else 0</arg>
<doc>Evaluates the given expression in Python and returns the result.</doc>
<status status="PASS" start="2025-09-25T13:48:09.942490" elapsed="0.000160"/>
</kw>
<kw name="Log To Console" owner="BuiltIn">
<arg>$${spent}</arg>
<doc>Logs the given message to the console.</doc>
<status status="PASS" start="2025-09-25T13:48:09.942714" elapsed="0.000106"/>
</kw>
<if>
<branch type="IF" condition="${spent} &gt; 0">
<kw name="Create Dictionary" owner="BuiltIn">
<msg time="2025-09-25T13:48:09.943240" level="INFO">${user} = {'name': 'Fisher', 'spent': 262}</msg>
<var>${user}</var>
<arg>name=${name}</arg>
<arg>spent=${spent}</arg>
<doc>Creates and returns a dictionary based on the given ``items``.</doc>
<status status="PASS" start="2025-09-25T13:48:09.942992" elapsed="0.000293"/>
</kw>
<kw name="Append To List" owner="Collections">
<arg>${users_with_spent}</arg>
<arg>${user}</arg>
<doc>Adds ``values`` to the end of ``list``.</doc>
<status status="PASS" start="2025-09-25T13:48:09.943354" elapsed="0.000085"/>
</kw>
<kw name="Evaluate" owner="BuiltIn">
<msg time="2025-09-25T13:48:09.943603" level="INFO">${total_spent} = 3587</msg>
<var>${total_spent}</var>
<arg>${total_spent} + ${spent}</arg>
<doc>Evaluates the given expression in Python and returns the result.</doc>
<status status="PASS" start="2025-09-25T13:48:09.943502" elapsed="0.000139"/>
</kw>
<status status="PASS" start="2025-09-25T13:48:09.942884" elapsed="0.000937"/>
</branch>
<status status="PASS" start="2025-09-25T13:48:09.942870" elapsed="0.001012"/>
</if>
<var name="${i}">15</var>
<status status="PASS" start="2025-09-25T13:48:09.919319" elapsed="0.024578"/>
</iter>
<iter>
<kw name="Set Variable" owner="BuiltIn">
<msg time="2025-09-25T13:48:09.944235" level="INFO">${current_row_locator} = (//table//tbody//tr)[16]</msg>
<var>${current_row_locator}</var>
<arg>(${table_row})[${i}]</arg>
<doc>Returns the given values which can then be assigned to a variables.</doc>
<status status="PASS" start="2025-09-25T13:48:09.944108" elapsed="0.000185"/>
</kw>
<kw name="Set Variable" owner="BuiltIn">
<msg time="2025-09-25T13:48:09.944472" level="INFO">${name_locator} = (//table//tbody//tr)[16]/td[2]//a/div</msg>
<var>${name_locator}</var>
<arg>${current_row_locator}/td[2]//a/div</arg>
<doc>Returns the given values which can then be assigned to a variables.</doc>
<status status="PASS" start="2025-09-25T13:48:09.944369" elapsed="0.000145"/>
</kw>
<kw name="Get Text" owner="SeleniumLibrary">
<msg time="2025-09-25T13:48:09.956132" level="INFO">${raw_name} = Conner Heller</msg>
<var>${raw_name}</var>
<arg>${name_locator}</arg>
<doc>Returns the text value of the element identified by ``locator``.</doc>
<status status="PASS" start="2025-09-25T13:48:09.944589" elapsed="0.011658"/>
</kw>
<kw name="Evaluate" owner="BuiltIn">
<msg time="2025-09-25T13:48:09.956571" level="INFO">${name} = Heller</msg>
<var>${name}</var>
<arg>" ".join("""${raw_name}""".split()[1:])</arg>
<doc>Evaluates the given expression in Python and returns the result.</doc>
<status status="PASS" start="2025-09-25T13:48:09.956379" elapsed="0.000239"/>
</kw>
<kw name="Log To Console" owner="BuiltIn">
<arg>\n${name}:</arg>
<doc>Logs the given message to the console.</doc>
<status status="PASS" start="2025-09-25T13:48:09.956745" elapsed="0.000292"/>
</kw>
<kw name="Set Variable" owner="BuiltIn">
<msg time="2025-09-25T13:48:09.957306" level="INFO">${spent_locator} = (//table//tbody//tr)[16]/td[5]</msg>
<var>${spent_locator}</var>
<arg>${current_row_locator}/td[5]</arg>
<doc>Returns the given values which can then be assigned to a variables.</doc>
<status status="PASS" start="2025-09-25T13:48:09.957156" elapsed="0.000225"/>
</kw>
<kw name="Get Text" owner="SeleniumLibrary">
<msg time="2025-09-25T13:48:09.967597" level="INFO">${spent_text} = $0.00</msg>
<var>${spent_text}</var>
<arg>${spent_locator}</arg>
<doc>Returns the text value of the element identified by ``locator``.</doc>
<status status="PASS" start="2025-09-25T13:48:09.957553" elapsed="0.010136"/>
</kw>
<kw name="Evaluate" owner="BuiltIn">
<msg time="2025-09-25T13:48:09.967995" level="INFO">${spent_text} = 0.00</msg>
<var>${spent_text}</var>
<arg>"""${spent_text}""".replace("$","").replace(",","").strip()</arg>
<doc>Evaluates the given expression in Python and returns the result.</doc>
<status status="PASS" start="2025-09-25T13:48:09.967804" elapsed="0.000232"/>
</kw>
<kw name="Evaluate" owner="BuiltIn">
<msg time="2025-09-25T13:48:09.968229" level="INFO">${spent} = 0</msg>
<var>${spent}</var>
<arg>int(${spent_text}) if ${spent_text} else 0</arg>
<doc>Evaluates the given expression in Python and returns the result.</doc>
<status status="PASS" start="2025-09-25T13:48:09.968107" elapsed="0.000159"/>
</kw>
<kw name="Log To Console" owner="BuiltIn">
<arg>$${spent}</arg>
<doc>Logs the given message to the console.</doc>
<status status="PASS" start="2025-09-25T13:48:09.968332" elapsed="0.000108"/>
</kw>
<if>
<branch type="IF" condition="${spent} &gt; 0">
<kw name="Create Dictionary" owner="BuiltIn">
<var>${user}</var>
<arg>name=${name}</arg>
<arg>spent=${spent}</arg>
<doc>Creates and returns a dictionary based on the given ``items``.</doc>
<status status="NOT RUN" start="2025-09-25T13:48:09.968612" elapsed="0.000035"/>
</kw>
<kw name="Append To List" owner="Collections">
<arg>${users_with_spent}</arg>
<arg>${user}</arg>
<doc>Adds ``values`` to the end of ``list``.</doc>
<status status="NOT RUN" start="2025-09-25T13:48:09.968707" elapsed="0.000033"/>
</kw>
<kw name="Evaluate" owner="BuiltIn">
<var>${total_spent}</var>
<arg>${total_spent} + ${spent}</arg>
<doc>Evaluates the given expression in Python and returns the result.</doc>
<status status="NOT RUN" start="2025-09-25T13:48:09.968798" elapsed="0.000031"/>
</kw>
<status status="NOT RUN" start="2025-09-25T13:48:09.968504" elapsed="0.000357"/>
</branch>
<status status="PASS" start="2025-09-25T13:48:09.968491" elapsed="0.000406"/>
</if>
<var name="${i}">16</var>
<status status="PASS" start="2025-09-25T13:48:09.944022" elapsed="0.024888"/>
</iter>
<iter>
<kw name="Set Variable" owner="BuiltIn">
<msg time="2025-09-25T13:48:09.969189" level="INFO">${current_row_locator} = (//table//tbody//tr)[17]</msg>
<var>${current_row_locator}</var>
<arg>(${table_row})[${i}]</arg>
<doc>Returns the given values which can then be assigned to a variables.</doc>
<status status="PASS" start="2025-09-25T13:48:09.969086" elapsed="0.000146"/>
</kw>
<kw name="Set Variable" owner="BuiltIn">
<msg time="2025-09-25T13:48:09.969383" level="INFO">${name_locator} = (//table//tbody//tr)[17]/td[2]//a/div</msg>
<var>${name_locator}</var>
<arg>${current_row_locator}/td[2]//a/div</arg>
<doc>Returns the given values which can then be assigned to a variables.</doc>
<status status="PASS" start="2025-09-25T13:48:09.969297" elapsed="0.000122"/>
</kw>
<kw name="Get Text" owner="SeleniumLibrary">
<msg time="2025-09-25T13:48:10.008380" level="INFO">${raw_name} = A
Alexandrea Price</msg>
<var>${raw_name}</var>
<arg>${name_locator}</arg>
<doc>Returns the text value of the element identified by ``locator``.</doc>
<status status="PASS" start="2025-09-25T13:48:09.969482" elapsed="0.039022"/>
</kw>
[...]
<arg>${users_with_spent}</arg>
<arg>${user}</arg>
<doc>Adds ``values`` to the end of ``list``.</doc>
<status status="NOT RUN" start="2025-09-25T13:48:10.212482" elapsed="0.000036"/>
</kw>
<kw name="Evaluate" owner="BuiltIn">
<var>${total_spent}</var>
<arg>${total_spent} + ${spent}</arg>
<doc>Evaluates the given expression in Python and returns the result.</doc>
<status status="NOT RUN" start="2025-09-25T13:48:10.212584" elapsed="0.000036"/>
</kw>
<status status="NOT RUN" start="2025-09-25T13:48:10.212199" elapsed="0.000456"/>
</branch>
<status status="PASS" start="2025-09-25T13:48:10.212183" elapsed="0.000509"/>
</if>
<var name="${i}">22</var>
<status status="PASS" start="2025-09-25T13:48:10.155461" elapsed="0.057244"/>
</iter>
<iter>
<kw name="Set Variable" owner="BuiltIn">
<msg time="2025-09-25T13:48:10.212997" level="INFO">${current_row_locator} = (//table//tbody//tr)[23]</msg>
<var>${current_row_locator}</var>
<arg>(${table_row})[${i}]</arg>
<doc>Returns the given values which can then be assigned to a variables.</doc>
<status status="PASS" start="2025-09-25T13:48:10.212887" elapsed="0.000155"/>
</kw>
<kw name="Set Variable" owner="BuiltIn">
<msg time="2025-09-25T13:48:10.213191" level="INFO">${name_locator} = (//table//tbody//tr)[23]/td[2]//a/div</msg>
<var>${name_locator}</var>
<arg>${current_row_locator}/td[2]//a/div</arg>
<doc>Returns the given values which can then be assigned to a variables.</doc>
<status status="PASS" start="2025-09-25T13:48:10.213105" elapsed="0.000127"/>
</kw>
<kw name="Get Text" owner="SeleniumLibrary">
<msg time="2025-09-25T13:48:10.224249" level="INFO">${raw_name} = Roman Ratke</msg>
<var>${raw_name}</var>
<arg>${name_locator}</arg>
<doc>Returns the text value of the element identified by ``locator``.</doc>
<status status="PASS" start="2025-09-25T13:48:10.213300" elapsed="0.011055"/>
</kw>
<kw name="Evaluate" owner="BuiltIn">
<msg time="2025-09-25T13:48:10.224791" level="INFO">${name} = Ratke</msg>
<var>${name}</var>
<arg>" ".join("""${raw_name}""".split()[1:])</arg>
<doc>Evaluates the given expression in Python and returns the result.</doc>
<status status="PASS" start="2025-09-25T13:48:10.224583" elapsed="0.000263"/>
</kw>
<kw name="Log To Console" owner="BuiltIn">
<arg>\n${name}:</arg>
<doc>Logs the given message to the console.</doc>
<status status="PASS" start="2025-09-25T13:48:10.224930" elapsed="0.000167"/>
</kw>
<kw name="Set Variable" owner="BuiltIn">
<msg time="2025-09-25T13:48:10.225314" level="INFO">${spent_locator} = (//table//tbody//tr)[23]/td[5]</msg>
<var>${spent_locator}</var>
<arg>${current_row_locator}/td[5]</arg>
<doc>Returns the given values which can then be assigned to a variables.</doc>
<status status="PASS" start="2025-09-25T13:48:10.225209" elapsed="0.000152"/>
</kw>
<kw name="Get Text" owner="SeleniumLibrary">
<msg time="2025-09-25T13:48:10.234920" level="INFO">${spent_text} = $642.25</msg>
<var>${spent_text}</var>
<arg>${spent_locator}</arg>
<doc>Returns the text value of the element identified by ``locator``.</doc>
<status status="PASS" start="2025-09-25T13:48:10.225437" elapsed="0.009581"/>
</kw>
<kw name="Evaluate" owner="BuiltIn">
<msg time="2025-09-25T13:48:10.235350" level="INFO">${spent_text} = 642.25</msg>
<var>${spent_text}</var>
<arg>"""${spent_text}""".replace("$","").replace(",","").strip()</arg>
<doc>Evaluates the given expression in Python and returns the result.</doc>
<status status="PASS" start="2025-09-25T13:48:10.235150" elapsed="0.000243"/>
</kw>
<kw name="Evaluate" owner="BuiltIn">
<msg time="2025-09-25T13:48:10.235592" level="INFO">${spent} = 642</msg>
<var>${spent}</var>
<arg>int(${spent_text}) if ${spent_text} else 0</arg>
<doc>Evaluates the given expression in Python and returns the result.</doc>
<status status="PASS" start="2025-09-25T13:48:10.235469" elapsed="0.000175"/>
</kw>
<kw name="Log To Console" owner="BuiltIn">
<arg>$${spent}</arg>
<doc>Logs the given message to the console.</doc>
<status status="PASS" start="2025-09-25T13:48:10.235710" elapsed="0.000106"/>
</kw>
<if>
<branch type="IF" condition="${spent} &gt; 0">
<kw name="Create Dictionary" owner="BuiltIn">
<msg time="2025-09-25T13:48:10.236129" level="INFO">${user} = {'name': 'Ratke', 'spent': 642}</msg>
<var>${user}</var>
<arg>name=${name}</arg>
<arg>spent=${spent}</arg>
<doc>Creates and returns a dictionary based on the given ``items``.</doc>
<status status="PASS" start="2025-09-25T13:48:10.235989" elapsed="0.000181"/>
</kw>
<kw name="Append To List" owner="Collections">
<arg>${users_with_spent}</arg>
<arg>${user}</arg>
<doc>Adds ``values`` to the end of ``list``.</doc>
<status status="PASS" start="2025-09-25T13:48:10.236235" elapsed="0.000088"/>
</kw>
<kw name="Evaluate" owner="BuiltIn">
<msg time="2025-09-25T13:48:10.236488" level="INFO">${total_spent} = 5816</msg>
<var>${total_spent}</var>
<arg>${total_spent} + ${spent}</arg>
<doc>Evaluates the given expression in Python and returns the result.</doc>
<status status="PASS" start="2025-09-25T13:48:10.236386" elapsed="0.000142"/>
</kw>
<status status="PASS" start="2025-09-25T13:48:10.235880" elapsed="0.000685"/>
</branch>
<status status="PASS" start="2025-09-25T13:48:10.235866" elapsed="0.000736"/>
</if>
<var name="${i}">23</var>
<status status="PASS" start="2025-09-25T13:48:10.212820" elapsed="0.023795"/>
</iter>
<iter>
<kw name="Set Variable" owner="BuiltIn">
<msg time="2025-09-25T13:48:10.236877" level="INFO">${current_row_locator} = (//table//tbody//tr)[24]</msg>
<var>${current_row_locator}</var>
<arg>(${table_row})[${i}]</arg>
<doc>Returns the given values which can then be assigned to a variables.</doc>
<status status="PASS" start="2025-09-25T13:48:10.236784" elapsed="0.000132"/>
</kw>
<kw name="Set Variable" owner="BuiltIn">
<msg time="2025-09-25T13:48:10.237057" level="INFO">${name_locator} = (//table//tbody//tr)[24]/td[2]//a/div</msg>
<var>${name_locator}</var>
<arg>${current_row_locator}/td[2]//a/div</arg>
<doc>Returns the given values which can then be assigned to a variables.</doc>
<status status="PASS" start="2025-09-25T13:48:10.236976" elapsed="0.000116"/>
</kw>
<kw name="Get Text" owner="SeleniumLibrary">
<msg time="2025-09-25T13:48:10.248178" level="INFO">${raw_name} = A
Amari Casper</msg>
<var>${raw_name}</var>
<arg>${name_locator}</arg>
<doc>Returns the text value of the element identified by ``locator``.</doc>
<status status="PASS" start="2025-09-25T13:48:10.237156" elapsed="0.011119"/>
</kw>
<kw name="Evaluate" owner="BuiltIn">
<msg time="2025-09-25T13:48:10.248564" level="INFO">${name} = Amari Casper</msg>
<var>${name}</var>
<arg>" ".join("""${raw_name}""".split()[1:])</arg>
<doc>Evaluates the given expression in Python and returns the result.</doc>
<status status="PASS" start="2025-09-25T13:48:10.248394" elapsed="0.000213"/>
</kw>
<kw name="Log To Console" owner="BuiltIn">
<arg>\n${name}:</arg>
<doc>Logs the given message to the console.</doc>
<status status="PASS" start="2025-09-25T13:48:10.248682" elapsed="0.000118"/>
</kw>
<kw name="Set Variable" owner="BuiltIn">
<msg time="2025-09-25T13:48:10.248969" level="INFO">${spent_locator} = (//table//tbody//tr)[24]/td[5]</msg>
<var>${spent_locator}</var>
<arg>${current_row_locator}/td[5]</arg>
<doc>Returns the given values which can then be assigned to a variables.</doc>
<status status="PASS" start="2025-09-25T13:48:10.248873" elapsed="0.000137"/>
</kw>
<kw name="Get Text" owner="SeleniumLibrary">
<msg time="2025-09-25T13:48:10.284590" level="INFO">${spent_text} = $0.00</msg>
<var>${spent_text}</var>
<arg>${spent_locator}</arg>
<doc>Returns the text value of the element identified by ``locator``.</doc>
<status status="PASS" start="2025-09-25T13:48:10.249075" elapsed="0.035639"/>
</kw>
<kw name="Evaluate" owner="BuiltIn">
<msg time="2025-09-25T13:48:10.285104" level="INFO">${spent_text} = 0.00</msg>
<var>${spent_text}</var>
<arg>"""${spent_text}""".replace("$","").replace(",","").strip()</arg>
<doc>Evaluates the given expression in Python and returns the result.</doc>
<status status="PASS" start="2025-09-25T13:48:10.284857" elapsed="0.000297"/>
</kw>
<kw name="Evaluate" owner="BuiltIn">
<msg time="2025-09-25T13:48:10.285378" level="INFO">${spent} = 0</msg>
<var>${spent}</var>
<arg>int(${spent_text}) if ${spent_text} else 0</arg>
<doc>Evaluates the given expression in Python and returns the result.</doc>
<status status="PASS" start="2025-09-25T13:48:10.285233" elapsed="0.000185"/>
</kw>
<kw name="Log To Console" owner="BuiltIn">
<arg>$${spent}</arg>
<doc>Logs the given message to the console.</doc>
<status status="PASS" start="2025-09-25T13:48:10.285490" elapsed="0.000966"/>
</kw>
<if>
<branch type="IF" condition="${spent} &gt; 0">
<kw name="Create Dictionary" owner="BuiltIn">
<var>${user}</var>
<arg>name=${name}</arg>
<arg>spent=${spent}</arg>
<doc>Creates and returns a dictionary based on the given ``items``.</doc>
<status status="NOT RUN" start="2025-09-25T13:48:10.286990" elapsed="0.000052"/>
</kw>
<kw name="Append To List" owner="Collections">
<arg>${users_with_spent}</arg>
<arg>${user}</arg>
<doc>Adds ``values`` to the end of ``list``.</doc>
<status status="NOT RUN" start="2025-09-25T13:48:10.287119" elapsed="0.000040"/>
</kw>
<kw name="Evaluate" owner="BuiltIn">
<var>${total_spent}</var>
<arg>${total_spent} + ${spent}</arg>
<doc>Evaluates the given expression in Python and returns the result.</doc>
<status status="NOT RUN" start="2025-09-25T13:48:10.287225" elapsed="0.000036"/>
</kw>
<status status="NOT RUN" start="2025-09-25T13:48:10.286676" elapsed="0.000621"/>
</branch>
<status status="PASS" start="2025-09-25T13:48:10.286661" elapsed="0.000677"/>
</if>
<var name="${i}">24</var>
<status status="PASS" start="2025-09-25T13:48:10.236720" elapsed="0.050633"/>
</iter>
<iter>
<kw name="Set Variable" owner="BuiltIn">
<msg time="2025-09-25T13:48:10.287698" level="INFO">${current_row_locator} = (//table//tbody//tr)[25]</msg>
<var>${current_row_locator}</var>
<arg>(${table_row})[${i}]</arg>
<doc>Returns the given values which can then be assigned to a variables.</doc>
<status status="PASS" start="2025-09-25T13:48:10.287561" elapsed="0.000203"/>
</kw>
<kw name="Set Variable" owner="BuiltIn">
<msg time="2025-09-25T13:48:10.288205" level="INFO">${name_locator} = (//table//tbody//tr)[25]/td[2]//a/div</msg>
<var>${name_locator}</var>
<arg>${current_row_locator}/td[2]//a/div</arg>
<doc>Returns the given values which can then be assigned to a variables.</doc>
<status status="PASS" start="2025-09-25T13:48:10.287894" elapsed="0.000499"/>
</kw>
<kw name="Get Text" owner="SeleniumLibrary">
<msg time="2025-09-25T13:48:10.302416" level="INFO">${raw_name} = K
Kian Kulas</msg>
<var>${raw_name}</var>
<arg>${name_locator}</arg>
<doc>Returns the text value of the element identified by ``locator``.</doc>
<status status="PASS" start="2025-09-25T13:48:10.288906" elapsed="0.013604"/>
</kw>
<kw name="Evaluate" owner="BuiltIn">
<msg time="2025-09-25T13:48:10.302805" level="INFO">${name} = Kian Kulas</msg>
<var>${name}</var>
<arg>" ".join("""${raw_name}""".split()[1:])</arg>
<doc>Evaluates the given expression in Python and returns the result.</doc>
<status status="PASS" start="2025-09-25T13:48:10.302629" elapsed="0.000220"/>
</kw>
<kw name="Log To Console" owner="BuiltIn">
<arg>\n${name}:</arg>
<doc>Logs the given message to the console.</doc>
<status status="PASS" start="2025-09-25T13:48:10.302921" elapsed="0.000120"/>
</kw>
<kw name="Set Variable" owner="BuiltIn">
<msg time="2025-09-25T13:48:10.303206" level="INFO">${spent_locator} = (//table//tbody//tr)[25]/td[5]</msg>
<var>${spent_locator}</var>
<arg>${current_row_locator}/td[5]</arg>
<doc>Returns the given values which can then be assigned to a variables.</doc>
<status status="PASS" start="2025-09-25T13:48:10.303113" elapsed="0.000132"/>
</kw>
<kw name="Get Text" owner="SeleniumLibrary">
<msg time="2025-09-25T13:48:10.313555" level="INFO">${spent_text} = $0.00</msg>
<var>${spent_text}</var>
<arg>${spent_locator}</arg>
<doc>Returns the text value of the element identified by ``locator``.</doc>
<status status="PASS" start="2025-09-25T13:48:10.303310" elapsed="0.010338"/>
</kw>
<kw name="Evaluate" owner="BuiltIn">
<msg time="2025-09-25T13:48:10.313962" level="INFO">${spent_text} = 0.00</msg>
<var>${spent_text}</var>
<arg>"""${spent_text}""".replace("$","").replace(",","").strip()</arg>
<doc>Evaluates the given expression in Python and returns the result.</doc>
<status status="PASS" start="2025-09-25T13:48:10.313768" elapsed="0.000235"/>
</kw>
<kw name="Evaluate" owner="BuiltIn">
<msg time="2025-09-25T13:48:10.314199" level="INFO">${spent} = 0</msg>
<var>${spent}</var>
<arg>int(${spent_text}) if ${spent_text} else 0</arg>
<doc>Evaluates the given expression in Python and returns the result.</doc>
<status status="PASS" start="2025-09-25T13:48:10.314075" elapsed="0.000161"/>
</kw>
<kw name="Log To Console" owner="BuiltIn">
<arg>$${spent}</arg>
<doc>Logs the given message to the console.</doc>
<status status="PASS" start="2025-09-25T13:48:10.314303" elapsed="0.000103"/>
</kw>
<if>
<branch type="IF" condition="${spent} &gt; 0">
<kw name="Create Dictionary" owner="BuiltIn">
<var>${user}</var>
<arg>name=${name}</arg>
<arg>spent=${spent}</arg>
<doc>Creates and returns a dictionary based on the given ``items``.</doc>
<status status="NOT RUN" start="2025-09-25T13:48:10.314582" elapsed="0.000036"/>
</kw>
<kw name="Append To List" owner="Collections">
<arg>${users_with_spent}</arg>
<arg>${user}</arg>
<doc>Adds ``values`` to the end of ``list``.</doc>
<status status="NOT RUN" start="2025-09-25T13:48:10.314680" elapsed="0.000032"/>
</kw>
<kw name="Evaluate" owner="BuiltIn">
<var>${total_spent}</var>
<arg>${total_spent} + ${spent}</arg>
<doc>Evaluates the given expression in Python and returns the result.</doc>
<status status="NOT RUN" start="2025-09-25T13:48:10.314771" elapsed="0.000030"/>
</kw>
<status status="NOT RUN" start="2025-09-25T13:48:10.314470" elapsed="0.000364"/>
</branch>
<status status="PASS" start="2025-09-25T13:48:10.314457" elapsed="0.000413"/>
</if>
<var name="${i}">25</var>
<status status="PASS" start="2025-09-25T13:48:10.287486" elapsed="0.027397"/>
</iter>
<var>${i}</var>
<value>1</value>
<value>${row_count}+1</value>
<status status="PASS" start="2025-09-25T13:48:09.384579" elapsed="0.930345"/>
</for>
<kw name="Log To Console" owner="BuiltIn">
<arg>\n--- Users with Spending ---</arg>
<doc>Logs the given message to the console.</doc>
<status status="PASS" start="2025-09-25T13:48:10.314999" elapsed="0.000084"/>
</kw>
<for flavor="IN">
<iter>
<kw name="Log To Console" owner="BuiltIn">
<arg>${user['name']}: $${user['spent']}</arg>
<doc>Logs the given message to the console.</doc>
<status status="PASS" start="2025-09-25T13:48:10.315292" elapsed="0.000575"/>
</kw>
<var name="${user}">{'name': "O'Reilly", 'spent': 1086}</var>
<status status="PASS" start="2025-09-25T13:48:10.315231" elapsed="0.000685"/>
</iter>
<iter>
<kw name="Log To Console" owner="BuiltIn">
<arg>${user['name']}: $${user['spent']}</arg>
<doc>Logs the given message to the console.</doc>
<status status="PASS" start="2025-09-25T13:48:10.316037" elapsed="0.000445"/>
</kw>
<var name="${user}">{'name': 'Doyle', 'spent': 1768}</var>
<status status="PASS" start="2025-09-25T13:48:10.315980" elapsed="0.000544"/>
</iter>
<iter>
<kw name="Log To Console" owner="BuiltIn">
<arg>${user['name']}: $${user['spent']}</arg>
<doc>Logs the given message to the console.</doc>
<status status="PASS" start="2025-09-25T13:48:10.316643" elapsed="0.000430"/>
</kw>
<var name="${user}">{'name': 'Wyman', 'spent': 236}</var>
<status status="PASS" start="2025-09-25T13:48:10.316587" elapsed="0.000529"/>
</iter>
<iter>
<kw name="Log To Console" owner="BuiltIn">
<arg>${user['name']}: $${user['spent']}</arg>
<doc>Logs the given message to the console.</doc>
<status status="PASS" start="2025-09-25T13:48:10.317231" elapsed="0.000417"/>
</kw>
<var name="${user}">{'name': 'Parker', 'spent': 235}</var>
<status status="PASS" start="2025-09-25T13:48:10.317177" elapsed="0.000511"/>
</iter>
<iter>
<kw name="Log To Console" owner="BuiltIn">
<arg>${user['name']}: $${user['spent']}</arg>
<doc>Logs the given message to the console.</doc>
<status status="PASS" start="2025-09-25T13:48:10.317801" elapsed="0.000422"/>
</kw>
<var name="${user}">{'name': 'Fisher', 'spent': 262}</var>
<status status="PASS" start="2025-09-25T13:48:10.317747" elapsed="0.000516"/>
</iter>
<iter>
<kw name="Log To Console" owner="BuiltIn">
<arg>${user['name']}: $${user['spent']}</arg>
<doc>Logs the given message to the console.</doc>
<status status="PASS" start="2025-09-25T13:48:10.318374" elapsed="0.000429"/>
</kw>
<var name="${user}">{'name': 'Heller', 'spent': 1322}</var>
<status status="PASS" start="2025-09-25T13:48:10.318321" elapsed="0.000528"/>
</iter>
<iter>
<kw name="Log To Console" owner="BuiltIn">
<arg>${user['name']}: $${user['spent']}</arg>
<doc>Logs the given message to the console.</doc>
<status status="PASS" start="2025-09-25T13:48:10.318986" elapsed="0.000557"/>
</kw>
<var name="${user}">{'name': 'Legros', 'spent': 265}</var>
<status status="PASS" start="2025-09-25T13:48:10.318906" elapsed="0.000694"/>
</iter>
<iter>
<kw name="Log To Console" owner="BuiltIn">
<arg>${user['name']}: $${user['spent']}</arg>
<doc>Logs the given message to the console.</doc>
<status status="PASS" start="2025-09-25T13:48:10.319742" elapsed="0.000456"/>
</kw>
<var name="${user}">{'name': 'Ratke', 'spent': 642}</var>
<status status="PASS" start="2025-09-25T13:48:10.319675" elapsed="0.000571"/>
</iter>
<var>${user}</var>
<value>@{users_with_spent}</value>
<status status="PASS" start="2025-09-25T13:48:10.315135" elapsed="0.005153"/>
</for>
<kw name="Log To Console" owner="BuiltIn">
<arg>\n=========================</arg>
<doc>Logs the given message to the console.</doc>
<status status="PASS" start="2025-09-25T13:48:10.320365" elapsed="0.000094"/>
</kw>
<kw name="Log To Console" owner="BuiltIn">
<arg>Total Customer Spending: $${total_spent}</arg>
<doc>Logs the given message to the console.</doc>
<status status="PASS" start="2025-09-25T13:48:10.320530" elapsed="0.000091"/>
</kw>
<kw name="Log To Console" owner="BuiltIn">
<arg>=========================</arg>
<doc>Logs the given message to the console.</doc>
<status status="PASS" start="2025-09-25T13:48:10.320686" elapsed="0.000076"/>
</kw>
<if>
<branch type="IF" condition="${total_spent} &lt; ${MIN_TOTAL_SPENDING}">
<kw name="Log To Console" owner="BuiltIn">
<arg>FAIL: Total spending ($${total_spent}) is below minimum threshold ($${MIN_TOTAL_SPENDING})</arg>
<doc>Logs the given message to the console.</doc>
<status status="NOT RUN" start="2025-09-25T13:48:10.321171" elapsed="0.000046"/>
</kw>
<kw name="Fail" owner="BuiltIn">
<arg>Total spending below minimum threshold</arg>
<doc>Fails the test with the given message and optionally alters its tags.</doc>
<status status="NOT RUN" start="2025-09-25T13:48:10.321293" elapsed="0.000040"/>
</kw>
<status status="NOT RUN" start="2025-09-25T13:48:10.321016" elapsed="0.000356"/>
</branch>
<branch type="ELSE">
<kw name="Log To Console" owner="BuiltIn">
<arg>PASS: Total spending ($${total_spent}) meets minimum threshold ($${MIN_TOTAL_SPENDING})</arg>
<doc>Logs the given message to the console.</doc>
<status status="PASS" start="2025-09-25T13:48:10.321478" elapsed="0.000312"/>
</kw>
<status status="PASS" start="2025-09-25T13:48:10.321410" elapsed="0.000517"/>
</branch>
<status status="PASS" start="2025-09-25T13:48:10.320999" elapsed="0.001013"/>
</if>
<status status="PASS" start="2025-09-25T13:48:08.810314" elapsed="1.511789"/>
</kw>
<status status="PASS" start="2025-09-25T13:48:08.809628" elapsed="1.512851"/>
</test>
<status status="PASS" start="2025-09-25T13:48:05.942730" elapsed="4.381342"/>
</suite>
<statistics>
<total>
<stat pass="1" fail="0" skip="0">All Tests</stat>
</total>
<tag>
</tag>
<suite>
<stat pass="1" fail="0" skip="0" id="s1" name="Activity1">Activity1</stat>
</suite>
</statistics>
<errors>
</errors>
</robot>
