<?xml version="1.0" encoding="UTF-8"?>
<robot generator="Robot 7.1.1 (Python 3.12.5 on darwin)" generated="2025-09-25T12:36:57.355578" rpa="false" schemaversion="5">
<suite id="s1" name="Activity1" source="/Users/ivangonzales/VSCode Projects/robot/Tests/Activity1.robot">
<test id="s1-t1" name="TEST_CASE_4" line="28">
<kw name="Prepare Test" type="SETUP">
<kw name="Launch browser" owner="CustomerPage">
<kw name="Evaluate" owner="BuiltIn">
<msg time="2025-09-25T12:36:57.483233" level="INFO">${options} = &lt;selenium.webdriver.chrome.options.Options object at 0x1029d3560&gt;</msg>
<var>${options}</var>
<arg>sys.modules['selenium.webdriver'].ChromeOptions()</arg>
<arg>sys, selenium.webdriver</arg>
<doc>Evaluates the given expression in Python and returns the result.</doc>
<status status="PASS" start="2025-09-25T12:36:57.483037" elapsed="0.001375"/>
</kw>
<kw name="Call Method" owner="BuiltIn">
<arg>${options}</arg>
<arg>add_argument</arg>
<arg>--disable-popup-blocking</arg>
<doc>Calls the named method of the given object with the provided arguments.</doc>
<status status="PASS" start="2025-09-25T12:36:57.484679" elapsed="0.000208"/>
</kw>
<kw name="Call Method" owner="BuiltIn">
<arg>${options}</arg>
<arg>add_argument</arg>
<arg>--disable-notifications</arg>
<doc>Calls the named method of the given object with the provided arguments.</doc>
<status status="PASS" start="2025-09-25T12:36:57.485078" elapsed="0.000099"/>
</kw>
<kw name="Call Method" owner="BuiltIn">
<arg>${options}</arg>
<arg>add_argument</arg>
<arg>--disable-save-password-bubble</arg>
<doc>Calls the named method of the given object with the provided arguments.</doc>
<status status="PASS" start="2025-09-25T12:36:57.485253" elapsed="0.000112"/>
</kw>
<kw name="Call Method" owner="BuiltIn">
<arg>${options}</arg>
<arg>add_argument</arg>
<arg>--start-maximized</arg>
<doc>Calls the named method of the given object with the provided arguments.</doc>
<status status="PASS" start="2025-09-25T12:36:57.485434" elapsed="0.000084"/>
</kw>
<kw name="Call Method" owner="BuiltIn">
<arg>${options}</arg>
<arg>add_argument</arg>
<arg>--disable-password-manager-reauthentication</arg>
<doc>Calls the named method of the given object with the provided arguments.</doc>
<status status="PASS" start="2025-09-25T12:36:57.485588" elapsed="0.000079"/>
</kw>
<kw name="Create Dictionary" owner="BuiltIn">
<msg time="2025-09-25T12:36:57.485933" level="INFO">${prefs} = {'credentials_enable_service': 'False', 'profile.password_manager_enabled': 'False', 'profile.default_content_setting_values.notifications': '2', 'safebrowsing.enabled': 'False', 'safebrowsing.disable...</msg>
<var>${prefs}</var>
<arg>credentials_enable_service=False</arg>
<arg>profile.password_manager_enabled=False</arg>
<arg>profile.default_content_setting_values.notifications=2</arg>
<arg>safebrowsing.enabled=False</arg>
<arg>safebrowsing.disable_download_protection=True</arg>
<doc>Creates and returns a dictionary based on the given ``items``.</doc>
<status status="PASS" start="2025-09-25T12:36:57.485749" elapsed="0.000250"/>
</kw>
<kw name="Call Method" owner="BuiltIn">
<arg>${options}</arg>
<arg>add_experimental_option</arg>
<arg>prefs</arg>
<arg>${prefs}</arg>
<doc>Calls the named method of the given object with the provided arguments.</doc>
<status status="PASS" start="2025-09-25T12:36:57.486066" elapsed="0.000145"/>
</kw>
<kw name="Open Browser" owner="SeleniumLibrary">
<msg time="2025-09-25T12:36:57.486445" level="INFO">Opening browser 'chrome' to base url 'https://marmelab.com/react-admin-demo/'.</msg>
<arg>${url}</arg>
<arg>chrome</arg>
<arg>options=${options}</arg>
<doc>Opens a new browser instance to the optional ``url``.</doc>
<status status="PASS" start="2025-09-25T12:36:57.486289" elapsed="1.994809"/>
</kw>
<kw name="Wait Until Keyword Succeeds" owner="BuiltIn">
<kw name="Wait Until Element Is Visible" owner="SeleniumLibrary">
<arg>${login_txt_username}</arg>
<doc>Waits until the element ``locator`` is visible.</doc>
<status status="PASS" start="2025-09-25T12:36:59.482196" elapsed="0.238170"/>
</kw>
<arg>5x</arg>
<arg>0.5s</arg>
<arg>Wait Until Element Is Visible</arg>
<arg>${login_txt_username}</arg>
<doc>Runs the specified keyword and retries if it fails.</doc>
<status status="PASS" start="2025-09-25T12:36:59.481844" elapsed="0.238658"/>
</kw>
<status status="PASS" start="2025-09-25T12:36:57.482604" elapsed="2.238002"/>
</kw>
<kw name="Login User" owner="CustomerPage">
<kw name="Input Text" owner="SeleniumLibrary">
<msg time="2025-09-25T12:36:59.721357" level="INFO">Typing text 'demo' into text field '//input[@name="username"]'.</msg>
<arg>${login_txt_username}</arg>
<arg>${username}</arg>
<doc>Types the given ``text`` into the text field identified by ``locator``.</doc>
<status status="PASS" start="2025-09-25T12:36:59.721168" elapsed="0.124827"/>
</kw>
<kw name="Input Text" owner="SeleniumLibrary">
<msg time="2025-09-25T12:36:59.846527" level="INFO">Typing text 'demo' into text field '//input[@name="password"]'.</msg>
<arg>${login_txt_password}</arg>
<arg>${password}</arg>
<doc>Types the given ``text`` into the text field identified by ``locator``.</doc>
<status status="PASS" start="2025-09-25T12:36:59.846253" elapsed="0.048735"/>
</kw>
<kw name="Click Button" owner="SeleniumLibrary">
<msg time="2025-09-25T12:36:59.895393" level="INFO">Clicking button '//*[@id="root"]/div/div/form/div/button'.</msg>
<arg>//*[@id="root"]/div/div/form/div/button</arg>
<doc>Clicks the button identified by ``locator``.</doc>
<status status="PASS" start="2025-09-25T12:36:59.895183" elapsed="0.058991"/>
</kw>
<status status="PASS" start="2025-09-25T12:36:59.720821" elapsed="0.233512"/>
</kw>
<status status="PASS" start="2025-09-25T12:36:57.482368" elapsed="2.472025"/>
</kw>
<kw name="Analyze User Spending From Table">
<kw name="Go To Customers Page" owner="CustomerPage">
<kw name="Click Element" owner="SeleniumLibrary">
<msg time="2025-09-25T12:36:59.956992" level="INFO">Clicking element '(//p[text()="Customers"])[2]'.</msg>
<arg>${nav_btn_customers}</arg>
<doc>Click the element identified by ``locator``.</doc>
<status status="PASS" start="2025-09-25T12:36:59.956411" elapsed="0.125235"/>
</kw>
<kw name="Wait Until Element Is Visible" owner="SeleniumLibrary">
<arg>//table//tbody//tr</arg>
<doc>Waits until the element ``locator`` is visible.</doc>
<status status="PASS" start="2025-09-25T12:37:00.084904" elapsed="0.464740"/>
</kw>
<status status="PASS" start="2025-09-25T12:36:59.955942" elapsed="0.593829"/>
</kw>
<kw name="Create List" owner="BuiltIn">
<msg time="2025-09-25T12:37:00.550133" level="INFO">${users_with_spent} = []</msg>
<var>${users_with_spent}</var>
<doc>Returns a list containing given items.</doc>
<status status="PASS" start="2025-09-25T12:37:00.549888" elapsed="0.000717"/>
</kw>
<kw name="Set Variable" owner="BuiltIn">
<msg time="2025-09-25T12:37:00.551047" level="INFO">${total_spent} = 0</msg>
<var>${total_spent}</var>
<arg>0</arg>
<doc>Returns the given values which can then be assigned to a variables.</doc>
<status status="PASS" start="2025-09-25T12:37:00.550878" elapsed="0.000232"/>
</kw>
<kw name="Get Element Count" owner="SeleniumLibrary">
<msg time="2025-09-25T12:37:00.559309" level="INFO">${row_count} = 25</msg>
<var>${row_count}</var>
<arg>${table_row}</arg>
<doc>Returns the number of elements matching ``locator``.</doc>
<status status="PASS" start="2025-09-25T12:37:00.551222" elapsed="0.008208"/>
</kw>
<for flavor="IN RANGE">
<iter>
<kw name="Set Variable" owner="BuiltIn">
<msg time="2025-09-25T12:37:00.560068" level="INFO">${current_row_locator} = (//table//tbody//tr)[1]</msg>
<var>${current_row_locator}</var>
<arg>(${table_row})[${i}]</arg>
<doc>Returns the given values which can then be assigned to a variables.</doc>
<status status="PASS" start="2025-09-25T12:37:00.559924" elapsed="0.000199"/>
</kw>
<kw name="Set Variable" owner="BuiltIn">
<msg time="2025-09-25T12:37:00.560304" level="INFO">${name_locator} = (//table//tbody//tr)[1]/td[2]//a/div</msg>
<var>${name_locator}</var>
<arg>${current_row_locator}/td[2]//a/div</arg>
<doc>Returns the given values which can then be assigned to a variables.</doc>
<status status="PASS" start="2025-09-25T12:37:00.560204" elapsed="0.000142"/>
</kw>
<kw name="Get Text" owner="SeleniumLibrary">
<msg time="2025-09-25T12:37:00.574516" level="INFO">${raw_name} = Cade Ullrich</msg>
<var>${raw_name}</var>
<arg>${name_locator}</arg>
<doc>Returns the text value of the element identified by ``locator``.</doc>
<status status="PASS" start="2025-09-25T12:37:00.560494" elapsed="0.014158"/>
</kw>
<kw name="Evaluate" owner="BuiltIn">
<msg time="2025-09-25T12:37:00.575024" level="INFO">${name} = Ullrich</msg>
<var>${name}</var>
<arg>" ".join("""${raw_name}""".split()[1:])</arg>
<doc>Evaluates the given expression in Python and returns the result.</doc>
<status status="PASS" start="2025-09-25T12:37:00.574805" elapsed="0.000268"/>
</kw>
<kw name="Log To Console" owner="BuiltIn">
<arg>\n====== User ${i} ======</arg>
<doc>Logs the given message to the console.</doc>
<status status="PASS" start="2025-09-25T12:37:00.575159" elapsed="0.000196"/>
</kw>
<kw name="Log To Console" owner="BuiltIn">
<arg>Name: ${name}</arg>
<doc>Logs the given message to the console.</doc>
<status status="PASS" start="2025-09-25T12:37:00.575464" elapsed="0.000232"/>
</kw>
<kw name="Set Variable" owner="BuiltIn">
<msg time="2025-09-25T12:37:00.576074" level="INFO">${spent_locator} = (//table//tbody//tr)[1]/td[5]</msg>
<var>${spent_locator}</var>
<arg>${current_row_locator}/td[5]</arg>
<doc>Returns the given values which can then be assigned to a variables.</doc>
<status status="PASS" start="2025-09-25T12:37:00.575866" elapsed="0.000265"/>
</kw>
<kw name="Get Text" owner="SeleniumLibrary">
<msg time="2025-09-25T12:37:00.586156" level="INFO">${spent_text} = $0.00</msg>
<var>${spent_text}</var>
<arg>${spent_locator}</arg>
<doc>Returns the text value of the element identified by ``locator``.</doc>
<status status="PASS" start="2025-09-25T12:37:00.576219" elapsed="0.010038"/>
</kw>
<kw name="Evaluate" owner="BuiltIn">
<msg time="2025-09-25T12:37:00.586606" level="INFO">${spent_text} = 0.00</msg>
<var>${spent_text}</var>
<arg>"""${spent_text}""".replace("$","").replace(",","").strip()</arg>
<doc>Evaluates the given expression in Python and returns the result.</doc>
<status status="PASS" start="2025-09-25T12:37:00.586389" elapsed="0.000263"/>
</kw>
<kw name="Evaluate" owner="BuiltIn">
<msg time="2025-09-25T12:37:00.586855" level="INFO">${spent} = 0</msg>
<var>${spent}</var>
<arg>int(${spent_text}) if ${spent_text} else 0</arg>
<doc>Evaluates the given expression in Python and returns the result.</doc>
<status status="PASS" start="2025-09-25T12:37:00.586725" elapsed="0.000173"/>
</kw>
<kw name="Log To Console" owner="BuiltIn">
<arg>Total spent: $${spent}</arg>
<doc>Logs the given message to the console.</doc>
<status status="PASS" start="2025-09-25T12:37:00.586965" elapsed="0.000107"/>
</kw>
<if>
<branch type="IF" condition="${spent} &gt; 0">
<kw name="Create Dictionary" owner="BuiltIn">
<var>${user}</var>
<arg>name=${name}</arg>
<arg>spent=${spent}</arg>
<doc>Creates and returns a dictionary based on the given ``items``.</doc>
<status status="NOT RUN" start="2025-09-25T12:37:00.587269" elapsed="0.000043"/>
</kw>
<kw name="Append To List" owner="Collections">
<arg>${users_with_spent}</arg>
<arg>${user}</arg>
<doc>Adds ``values`` to the end of ``list``.</doc>
<status status="NOT RUN" start="2025-09-25T12:37:00.587385" elapsed="0.000040"/>
</kw>
<kw name="Evaluate" owner="BuiltIn">
<var>${total_spent}</var>
<arg>${total_spent} + ${spent}</arg>
<doc>Evaluates the given expression in Python and returns the result.</doc>
<status status="NOT RUN" start="2025-09-25T12:37:00.587488" elapsed="0.000034"/>
</kw>
<status status="NOT RUN" start="2025-09-25T12:37:00.587149" elapsed="0.000410"/>
</branch>
<status status="PASS" start="2025-09-25T12:37:00.587129" elapsed="0.000479"/>
</if>
<var name="${i}">1</var>
<status status="PASS" start="2025-09-25T12:37:00.559808" elapsed="0.027816"/>
</iter>
<iter>
<kw name="Set Variable" owner="BuiltIn">
<msg time="2025-09-25T12:37:00.587912" level="INFO">${current_row_locator} = (//table//tbody//tr)[2]</msg>
<var>${current_row_locator}</var>
<arg>(${table_row})[${i}]</arg>
<doc>Returns the given values which can then be assigned to a variables.</doc>
<status status="PASS" start="2025-09-25T12:37:00.587809" elapsed="0.000145"/>
</kw>
<kw name="Set Variable" owner="BuiltIn">
<msg time="2025-09-25T12:37:00.588103" level="INFO">${name_locator} = (//table//tbody//tr)[2]/td[2]//a/div</msg>
<var>${name_locator}</var>
<arg>${current_row_locator}/td[2]//a/div</arg>
<doc>Returns the given values which can then be assigned to a variables.</doc>
<status status="PASS" start="2025-09-25T12:37:00.588020" elapsed="0.000119"/>
</kw>
<kw name="Get Text" owner="SeleniumLibrary">
<msg time="2025-09-25T12:37:00.600018" level="INFO">${raw_name} = Ludwig Brekke</msg>
<var>${raw_name}</var>
<arg>${name_locator}</arg>
<doc>Returns the text value of the element identified by ``locator``.</doc>
<status status="PASS" start="2025-09-25T12:37:00.588204" elapsed="0.011912"/>
</kw>
<kw name="Evaluate" owner="BuiltIn">
<msg time="2025-09-25T12:37:00.600407" level="INFO">${name} = Brekke</msg>
<var>${name}</var>
<arg>" ".join("""${raw_name}""".split()[1:])</arg>
<doc>Evaluates the given expression in Python and returns the result.</doc>
<status status="PASS" start="2025-09-25T12:37:00.600236" elapsed="0.000214"/>
</kw>
<kw name="Log To Console" owner="BuiltIn">
<arg>\n====== User ${i} ======</arg>
<doc>Logs the given message to the console.</doc>
<status status="PASS" start="2025-09-25T12:37:00.600521" elapsed="0.000120"/>
</kw>
<kw name="Log To Console" owner="BuiltIn">
<arg>Name: ${name}</arg>
<doc>Logs the given message to the console.</doc>
<status status="PASS" start="2025-09-25T12:37:00.600710" elapsed="0.000090"/>
</kw>
<kw name="Set Variable" owner="BuiltIn">
<msg time="2025-09-25T12:37:00.600955" level="INFO">${spent_locator} = (//table//tbody//tr)[2]/td[5]</msg>
<var>${spent_locator}</var>
<arg>${current_row_locator}/td[5]</arg>
<doc>Returns the given values which can then be assigned to a variables.</doc>
<status status="PASS" start="2025-09-25T12:37:00.600869" elapsed="0.000127"/>
</kw>
<kw name="Get Text" owner="SeleniumLibrary">
<msg time="2025-09-25T12:37:00.648824" level="INFO">${spent_text} = $570.62</msg>
<var>${spent_text}</var>
<arg>${spent_locator}</arg>
<doc>Returns the text value of the element identified by ``locator``.</doc>
<status status="PASS" start="2025-09-25T12:37:00.601063" elapsed="0.047903"/>
</kw>
<kw name="Evaluate" owner="BuiltIn">
<msg time="2025-09-25T12:37:00.649373" level="INFO">${spent_text} = 570.62</msg>
<var>${spent_text}</var>
<arg>"""${spent_text}""".replace("$","").replace(",","").strip()</arg>
<doc>Evaluates the given expression in Python and returns the result.</doc>
<status status="PASS" start="2025-09-25T12:37:00.649118" elapsed="0.000311"/>
</kw>
<kw name="Evaluate" owner="BuiltIn">
<msg time="2025-09-25T12:37:00.649814" level="INFO">${spent} = 570</msg>
<var>${spent}</var>
<arg>int(${spent_text}) if ${spent_text} else 0</arg>
<doc>Evaluates the given expression in Python and returns the result.</doc>
<status status="PASS" start="2025-09-25T12:37:00.649515" elapsed="0.000471"/>
</kw>
<kw name="Log To Console" owner="BuiltIn">
<arg>Total spent: $${spent}</arg>
<doc>Logs the given message to the console.</doc>
<status status="PASS" start="2025-09-25T12:37:00.650075" elapsed="0.000135"/>
</kw>
<if>
<branch type="IF" condition="${spent} &gt; 0">
<kw name="Create Dictionary" owner="BuiltIn">
<msg time="2025-09-25T12:37:00.651397" level="INFO">${user} = {'name': 'Brekke', 'spent': 570}</msg>
<var>${user}</var>
<arg>name=${name}</arg>
<arg>spent=${spent}</arg>
<doc>Creates and returns a dictionary based on the given ``items``.</doc>
<status status="PASS" start="2025-09-25T12:37:00.651132" elapsed="0.000352"/>
</kw>
<kw name="Append To List" owner="Collections">
<arg>${users_with_spent}</arg>
<arg>${user}</arg>
<doc>Adds ``values`` to the end of ``list``.</doc>
<status status="PASS" start="2025-09-25T12:37:00.651583" elapsed="0.000187"/>
</kw>
<kw name="Evaluate" owner="BuiltIn">
<msg time="2025-09-25T12:37:00.651992" level="INFO">${total_spent} = 570</msg>
<var>${total_spent}</var>
<arg>${total_spent} + ${spent}</arg>
<doc>Evaluates the given expression in Python and returns the result.</doc>
<status status="PASS" start="2025-09-25T12:37:00.651856" elapsed="0.000185"/>
</kw>
<status status="PASS" start="2025-09-25T12:37:00.650934" elapsed="0.001235"/>
</branch>
<status status="PASS" start="2025-09-25T12:37:00.650909" elapsed="0.001316"/>
</if>
<var name="${i}">2</var>
<status status="PASS" start="2025-09-25T12:37:00.587742" elapsed="0.064500"/>
</iter>
<iter>
<kw name="Set Variable" owner="BuiltIn">
<msg time="2025-09-25T12:37:00.652570" level="INFO">${current_row_locator} = (//table//tbody//tr)[3]</msg>
<var>${current_row_locator}</var>
<arg>(${table_row})[${i}]</arg>
<doc>Returns the given values which can then be assigned to a variables.</doc>
<status status="PASS" start="2025-09-25T12:37:00.652461" elapsed="0.000159"/>
</kw>
<kw name="Set Variable" owner="BuiltIn">
<msg time="2025-09-25T12:37:00.652783" level="INFO">${name_locator} = (//table//tbody//tr)[3]/td[2]//a/div</msg>
<var>${name_locator}</var>
<arg>${current_row_locator}/td[2]//a/div</arg>
<doc>Returns the given values which can then be assigned to a variables.</doc>
<status status="PASS" start="2025-09-25T12:37:00.652692" elapsed="0.000131"/>
</kw>
<kw name="Get Text" owner="SeleniumLibrary">
<msg time="2025-09-25T12:37:00.666870" level="INFO">${raw_name} = Bertram Spencer</msg>
<var>${raw_name}</var>
<arg>${name_locator}</arg>
<doc>Returns the text value of the element identified by ``locator``.</doc>
<status status="PASS" start="2025-09-25T12:37:00.652898" elapsed="0.014075"/>
</kw>
<kw name="Evaluate" owner="BuiltIn">
<msg time="2025-09-25T12:37:00.667281" level="INFO">${name} = Spencer</msg>
<var>${name}</var>
<arg>" ".join("""${raw_name}""".split()[1:])</arg>
<doc>Evaluates the given expression in Python and returns the result.</doc>
<status status="PASS" start="2025-09-25T12:37:00.667097" elapsed="0.000230"/>
</kw>
<kw name="Log To Console" owner="BuiltIn">
<arg>\n====== User ${i} ======</arg>
<doc>Logs the given message to the console.</doc>
<status status="PASS" start="2025-09-25T12:37:00.667400" elapsed="0.000121"/>
</kw>
<kw name="Log To Console" owner="BuiltIn">
<arg>Name: ${name}</arg>
<doc>Logs the given message to the console.</doc>
<status status="PASS" start="2025-09-25T12:37:00.667595" elapsed="0.000135"/>
</kw>
<kw name="Set Variable" owner="BuiltIn">
<msg time="2025-09-25T12:37:00.667951" level="INFO">${spent_locator} = (//table//tbody//tr)[3]/td[5]</msg>
<var>${spent_locator}</var>
<arg>${current_row_locator}/td[5]</arg>
<doc>Returns the given values which can then be assigned to a variables.</doc>
<status status="PASS" start="2025-09-25T12:37:00.667830" elapsed="0.000173"/>
</kw>
<kw name="Get Text" owner="SeleniumLibrary">
<msg time="2025-09-25T12:37:00.678863" level="INFO">${spent_text} = $0.00</msg>
<var>${spent_text}</var>
<arg>${spent_locator}</arg>
<doc>Returns the text value of the element identified by ``locator``.</doc>
<status status="PASS" start="2025-09-25T12:37:00.668084" elapsed="0.010877"/>
</kw>
<kw name="Evaluate" owner="BuiltIn">
<msg time="2025-09-25T12:37:00.679292" level="INFO">${spent_text} = 0.00</msg>
<var>${spent_text}</var>
<arg>"""${spent_text}""".replace("$","").replace(",","").strip()</arg>
<doc>Evaluates the given expression in Python and returns the result.</doc>
<status status="PASS" start="2025-09-25T12:37:00.679092" elapsed="0.000241"/>
</kw>
<kw name="Evaluate" owner="BuiltIn">
<msg time="2025-09-25T12:37:00.679546" level="INFO">${spent} = 0</msg>
<var>${spent}</var>
<arg>int(${spent_text}) if ${spent_text} else 0</arg>
<doc>Evaluates the given expression in Python and returns the result.</doc>
<status status="PASS" start="2025-09-25T12:37:00.679419" elapsed="0.000165"/>
</kw>
<kw name="Log To Console" owner="BuiltIn">
<arg>Total spent: $${spent}</arg>
<doc>Logs the given message to the console.</doc>
<status status="PASS" start="2025-09-25T12:37:00.679652" elapsed="0.000110"/>
</kw>
<if>
<branch type="IF" condition="${spent} &gt; 0">
<kw name="Create Dictionary" owner="BuiltIn">
<var>${user}</var>
<arg>name=${name}</arg>
<arg>spent=${spent}</arg>
<doc>Creates and returns a dictionary based on the given ``items``.</doc>
<status status="NOT RUN" start="2025-09-25T12:37:00.679942" elapsed="0.000038"/>
</kw>
<kw name="Append To List" owner="Collections">
<arg>${users_with_spent}</arg>
<arg>${user}</arg>
<doc>Adds ``values`` to the end of ``list``.</doc>
<status status="NOT RUN" start="2025-09-25T12:37:00.680044" elapsed="0.000034"/>
</kw>
<kw name="Evaluate" owner="BuiltIn">
<var>${total_spent}</var>
<arg>${total_spent} + ${spent}</arg>
<doc>Evaluates the given expression in Python and returns the result.</doc>
<status status="NOT RUN" start="2025-09-25T12:37:00.680136" elapsed="0.000032"/>
</kw>
<status status="NOT RUN" start="2025-09-25T12:37:00.679832" elapsed="0.000463"/>
</branch>
<status status="PASS" start="2025-09-25T12:37:00.679816" elapsed="0.000521"/>
</if>
<var name="${i}">3</var>
<status status="PASS" start="2025-09-25T12:37:00.652381" elapsed="0.027970"/>
</iter>
<iter>
<kw name="Set Variable" owner="BuiltIn">
<msg time="2025-09-25T12:37:00.680647" level="INFO">${current_row_locator} = (//table//tbody//tr)[4]</msg>
<var>${current_row_locator}</var>
<arg>(${table_row})[${i}]</arg>
<doc>Returns the given values which can then be assigned to a variables.</doc>
<status status="PASS" start="2025-09-25T12:37:00.680540" elapsed="0.000154"/>
</kw>
<kw name="Set Variable" owner="BuiltIn">
<msg time="2025-09-25T12:37:00.680847" level="INFO">${name_locator} = (//table//tbody//tr)[4]/td[2]//a/div</msg>
<var>${name_locator}</var>
<arg>${current_row_locator}/td[2]//a/div</arg>
<doc>Returns the given values which can then be assigned to a variables.</doc>
<status status="PASS" start="2025-09-25T12:37:00.680759" elapsed="0.000127"/>
</kw>
<kw name="Get Text" owner="SeleniumLibrary">
<msg time="2025-09-25T12:37:00.692609" level="INFO">${raw_name} = Elza Mayer</msg>
<var>${raw_name}</var>
<arg>${name_locator}</arg>
<doc>Returns the text value of the element identified by ``locator``.</doc>
<status status="PASS" start="2025-09-25T12:37:00.680953" elapsed="0.011784"/>
</kw>
<kw name="Evaluate" owner="BuiltIn">
<msg time="2025-09-25T12:37:00.693173" level="INFO">${name} = Mayer</msg>
<var>${name}</var>
<arg>" ".join("""${raw_name}""".split()[1:])</arg>
<doc>Evaluates the given expression in Python and returns the result.</doc>
<status status="PASS" start="2025-09-25T12:37:00.692915" elapsed="0.000308"/>
</kw>
<kw name="Log To Console" owner="BuiltIn">
<arg>\n====== User ${i} ======</arg>
<doc>Logs the given message to the console.</doc>
<status status="PASS" start="2025-09-25T12:37:00.693298" elapsed="0.000141"/>
</kw>
<kw name="Log To Console" owner="BuiltIn">
<arg>Name: ${name}</arg>
<doc>Logs the given message to the console.</doc>
<status status="PASS" start="2025-09-25T12:37:00.693511" elapsed="0.000277"/>
</kw>
<kw name="Set Variable" owner="BuiltIn">
<msg time="2025-09-25T12:37:00.694034" level="INFO">${spent_locator} = (//table//tbody//tr)[4]/td[5]</msg>
<var>${spent_locator}</var>
<arg>${current_row_locator}/td[5]</arg>
<doc>Returns the given values which can then be assigned to a variables.</doc>
<status status="PASS" start="2025-09-25T12:37:00.693899" elapsed="0.000188"/>
</kw>
<kw name="Get Text" owner="SeleniumLibrary">
<msg time="2025-09-25T12:37:00.704640" level="INFO">${spent_text} = $0.00</msg>
<var>${spent_text}</var>
<arg>${spent_locator}</arg>
<doc>Returns the text value of the element identified by ``locator``.</doc>
<status status="PASS" start="2025-09-25T12:37:00.694174" elapsed="0.010560"/>
</kw>
<kw name="Evaluate" owner="BuiltIn">
<msg time="2025-09-25T12:37:00.705058" level="INFO">${spent_text} = 0.00</msg>
<var>${spent_text}</var>
<arg>"""${spent_text}""".replace("$","").replace(",","").strip()</arg>
<doc>Evaluates the given expression in Python and returns the result.</doc>
<status status="PASS" start="2025-09-25T12:37:00.704859" elapsed="0.000243"/>
</kw>
<kw name="Evaluate" owner="BuiltIn">
<msg time="2025-09-25T12:37:00.705398" level="INFO">${spent} = 0</msg>
<var>${spent}</var>
<arg>int(${spent_text}) if ${spent_text} else 0</arg>
<doc>Evaluates the given expression in Python and returns the result.</doc>
<status status="PASS" start="2025-09-25T12:37:00.705237" elapsed="0.000202"/>
</kw>
<kw name="Log To Console" owner="BuiltIn">
<arg>Total spent: $${spent}</arg>
<doc>Logs the given message to the console.</doc>
<status status="PASS" start="2025-09-25T12:37:00.705621" elapsed="0.000116"/>
</kw>
<if>
<branch type="IF" condition="${spent} &gt; 0">
<kw name="Create Dictionary" owner="BuiltIn">
<var>${user}</var>
<arg>name=${name}</arg>
<arg>spent=${spent}</arg>
<doc>Creates and returns a dictionary based on the given ``items``.</doc>
<status status="NOT RUN" start="2025-09-25T12:37:00.705926" elapsed="0.000040"/>
</kw>
<kw name="Append To List" owner="Collections">
<arg>${users_with_spent}</arg>
<arg>${user}</arg>
<doc>Adds ``values`` to the end of ``list``.</doc>
<status status="NOT RUN" start="2025-09-25T12:37:00.706033" elapsed="0.000036"/>
</kw>
<kw name="Evaluate" owner="BuiltIn">
<var>${total_spent}</var>
<arg>${total_spent} + ${spent}</arg>
<doc>Evaluates the given expression in Python and returns the result.</doc>
<status status="NOT RUN" start="2025-09-25T12:37:00.706131" elapsed="0.000033"/>
</kw>
<status status="NOT RUN" start="2025-09-25T12:37:00.705809" elapsed="0.000391"/>
</branch>
<status status="PASS" start="2025-09-25T12:37:00.705793" elapsed="0.000447"/>
</if>
<var name="${i}">4</var>
<status status="PASS" start="2025-09-25T12:37:00.680470" elapsed="0.025784"/>
</iter>
<iter>
<kw name="Set Variable" owner="BuiltIn">
<msg time="2025-09-25T12:37:00.721862" level="INFO">${current_row_locator} = (//table//tbody//tr)[5]</msg>
<var>${current_row_locator}</var>
<arg>(${table_row})[${i}]</arg>
<doc>Returns the given values which can then be assigned to a variables.</doc>
<status status="PASS" start="2025-09-25T12:37:00.706866" elapsed="0.016182"/>
</kw>
<kw name="Set Variable" owner="BuiltIn">
<msg time="2025-09-25T12:37:00.723872" level="INFO">${name_locator} = (//table//tbody//tr)[5]/td[2]//a/div</msg>
<var>${name_locator}</var>
<arg>${current_row_locator}/td[2]//a/div</arg>
<doc>Returns the given values which can then be assigned to a variables.</doc>
<status status="PASS" start="2025-09-25T12:37:00.723227" elapsed="0.000830"/>
</kw>
<kw name="Get Text" owner="SeleniumLibrary">
<msg time="2025-09-25T12:37:00.751127" level="INFO">${raw_name} = Rudolph Hoeger</msg>
<var>${raw_name}</var>
<arg>${name_locator}</arg>
<doc>Returns the text value of the element identified by ``locator``.</doc>
<status status="PASS" start="2025-09-25T12:37:00.724345" elapsed="0.026895"/>
</kw>
<kw name="Evaluate" owner="BuiltIn">
<msg time="2025-09-25T12:37:00.751537" level="INFO">${name} = Hoeger</msg>
<var>${name}</var>
<arg>" ".join("""${raw_name}""".split()[1:])</arg>
<doc>Evaluates the given expression in Python and returns the result.</doc>
<status status="PASS" start="2025-09-25T12:37:00.751364" elapsed="0.000217"/>
</kw>
<kw name="Log To Console" owner="BuiltIn">
<arg>\n====== User ${i} ======</arg>
<doc>Logs the given message to the console.</doc>
<status status="PASS" start="2025-09-25T12:37:00.751651" elapsed="0.000123"/>
</kw>
<kw name="Log To Console" owner="BuiltIn">
<arg>Name: ${name}</arg>
<doc>Logs the given message to the console.</doc>
<status status="PASS" start="2025-09-25T12:37:00.751844" elapsed="0.000087"/>
</kw>
<kw name="Set Variable" owner="BuiltIn">
<msg time="2025-09-25T12:37:00.752086" level="INFO">${spent_locator} = (//table//tbody//tr)[5]/td[5]</msg>
<var>${spent_locator}</var>
<arg>${current_row_locator}/td[5]</arg>
<doc>Returns the given values which can then be assigned to a variables.</doc>
<status status="PASS" start="2025-09-25T12:37:00.752000" elapsed="0.000125"/>
</kw>
<kw name="Get Text" owner="SeleniumLibrary">
<msg time="2025-09-25T12:37:00.762076" level="INFO">${spent_text} = $0.00</msg>
<var>${spent_text}</var>
<arg>${spent_locator}</arg>
<doc>Returns the text value of the element identified by ``locator``.</doc>
<status status="PASS" start="2025-09-25T12:37:00.752192" elapsed="0.010017"/>
</kw>
<kw name="Evaluate" owner="BuiltIn">
<msg time="2025-09-25T12:37:00.762539" level="INFO">${spent_text} = 0.00</msg>
<var>${spent_text}</var>
<arg>"""${spent_text}""".replace("$","").replace(",","").strip()</arg>
<doc>Evaluates the given expression in Python and returns the result.</doc>
<status status="PASS" start="2025-09-25T12:37:00.762336" elapsed="0.000244"/>
</kw>
<kw name="Evaluate" owner="BuiltIn">
<msg time="2025-09-25T12:37:00.762792" level="INFO">${spent} = 0</msg>
<var>${spent}</var>
<arg>int(${spent_text}) if ${spent_text} else 0</arg>
<doc>Evaluates the given expression in Python and returns the result.</doc>
<status status="PASS" start="2025-09-25T12:37:00.762651" elapsed="0.000178"/>
</kw>
<kw name="Log To Console" owner="BuiltIn">
<arg>Total spent: $${spent}</arg>
<doc>Logs the given message to the console.</doc>
<status status="PASS" start="2025-09-25T12:37:00.762896" elapsed="0.000101"/>
</kw>
<if>
<branch type="IF" condition="${spent} &gt; 0">
<kw name="Create Dictionary" owner="BuiltIn">
<var>${user}</var>
<arg>name=${name}</arg>
<arg>spent=${spent}</arg>
<doc>Creates and returns a dictionary based on the given ``items``.</doc>
<status status="NOT RUN" start="2025-09-25T12:37:00.763175" elapsed="0.000038"/>
</kw>
<kw name="Append To List" owner="Collections">
<arg>${users_with_spent}</arg>
<arg>${user}</arg>
<doc>Adds ``values`` to the end of ``list``.</doc>
<status status="NOT RUN" start="2025-09-25T12:37:00.763278" elapsed="0.000033"/>
</kw>
<kw name="Evaluate" owner="BuiltIn">
<var>${total_spent}</var>
<arg>${total_spent} + ${spent}</arg>
<doc>Evaluates the given expression in Python and returns the result.</doc>
<status status="NOT RUN" start="2025-09-25T12:37:00.763369" elapsed="0.000031"/>
</kw>
<status status="NOT RUN" start="2025-09-25T12:37:00.763066" elapsed="0.000368"/>
</branch>
<status status="PASS" start="2025-09-25T12:37:00.763051" elapsed="0.000419"/>
</if>
<var name="${i}">5</var>
<status status="PASS" start="2025-09-25T12:37:00.706599" elapsed="0.056884"/>
</iter>
<iter>
<kw name="Set Variable" owner="BuiltIn">
<msg time="2025-09-25T12:37:00.763754" level="INFO">${current_row_locator} = (//table//tbody//tr)[6]</msg>
<var>${current_row_locator}</var>
<arg>(${table_row})[${i}]</arg>
<doc>Returns the given values which can then be assigned to a variables.</doc>
<status status="PASS" start="2025-09-25T12:37:00.763657" elapsed="0.000138"/>
</kw>
<kw name="Set Variable" owner="BuiltIn">
<msg time="2025-09-25T12:37:00.763938" level="INFO">${name_locator} = (//table//tbody//tr)[6]/td[2]//a/div</msg>
<var>${name_locator}</var>
<arg>${current_row_locator}/td[2]//a/div</arg>
<doc>Returns the given values which can then be assigned to a variables.</doc>
<status status="PASS" start="2025-09-25T12:37:00.763855" elapsed="0.000120"/>
</kw>
<kw name="Get Text" owner="SeleniumLibrary">
<msg time="2025-09-25T12:37:00.774800" level="INFO">${raw_name} = Florencio Bernhard</msg>
<var>${raw_name}</var>
<arg>${name_locator}</arg>
<doc>Returns the text value of the element identified by ``locator``.</doc>
<status status="PASS" start="2025-09-25T12:37:00.764037" elapsed="0.010860"/>
</kw>
<kw name="Evaluate" owner="BuiltIn">
<msg time="2025-09-25T12:37:00.775192" level="INFO">${name} = Bernhard</msg>
<var>${name}</var>
<arg>" ".join("""${raw_name}""".split()[1:])</arg>
<doc>Evaluates the given expression in Python and returns the result.</doc>
<status status="PASS" start="2025-09-25T12:37:00.775018" elapsed="0.000217"/>
</kw>
<kw name="Log To Console" owner="BuiltIn">
<arg>\n====== User ${i} ======</arg>
<doc>Logs the given message to the console.</doc>
<status status="PASS" start="2025-09-25T12:37:00.775304" elapsed="0.000120"/>
</kw>
<kw name="Log To Console" owner="BuiltIn">
<arg>Name: ${name}</arg>
<doc>Logs the given message to the console.</doc>
<status status="PASS" start="2025-09-25T12:37:00.775494" elapsed="0.000136"/>
</kw>
<kw name="Set Variable" owner="BuiltIn">
<msg time="2025-09-25T12:37:00.775830" level="INFO">${spent_locator} = (//table//tbody//tr)[6]/td[5]</msg>
<var>${spent_locator}</var>
<arg>${current_row_locator}/td[5]</arg>
<doc>Returns the given values which can then be assigned to a variables.</doc>
<status status="PASS" start="2025-09-25T12:37:00.775725" elapsed="0.000153"/>
</kw>
<kw name="Get Text" owner="SeleniumLibrary">
<msg time="2025-09-25T12:37:00.785680" level="INFO">${spent_text} = $0.00</msg>
<var>${spent_text}</var>
<arg>${spent_locator}</arg>
<doc>Returns the text value of the element identified by ``locator``.</doc>
<status status="PASS" start="2025-09-25T12:37:00.776080" elapsed="0.009693"/>
</kw>
<kw name="Evaluate" owner="BuiltIn">
<msg time="2025-09-25T12:37:00.786084" level="INFO">${spent_text} = 0.00</msg>
<var>${spent_text}</var>
<arg>"""${spent_text}""".replace("$","").replace(",","").strip()</arg>
<doc>Evaluates the given expression in Python and returns the result.</doc>
<status status="PASS" start="2025-09-25T12:37:00.785892" elapsed="0.000234"/>
</kw>
<kw name="Evaluate" owner="BuiltIn">
<msg time="2025-09-25T12:37:00.786321" level="INFO">${spent} = 0</msg>
<var>${spent}</var>
<arg>int(${spent_text}) if ${spent_text} else 0</arg>
<doc>Evaluates the given expression in Python and returns the result.</doc>
<status status="PASS" start="2025-09-25T12:37:00.786197" elapsed="0.000246"/>
</kw>
<kw name="Log To Console" owner="BuiltIn">
<arg>Total spent: $${spent}</arg>
<doc>Logs the given message to the console.</doc>
<status status="PASS" start="2025-09-25T12:37:00.786512" elapsed="0.000109"/>
</kw>
<if>
<branch type="IF" condition="${spent} &gt; 0">
<kw name="Create Dictionary" owner="BuiltIn">
<var>${user}</var>
<arg>name=${name}</arg>
<arg>spent=${spent}</arg>
<doc>Creates and returns a dictionary based on the given ``items``.</doc>
<status status="NOT RUN" start="2025-09-25T12:37:00.786795" elapsed="0.000037"/>
</kw>
<kw name="Append To List" owner="Collections">
<arg>${users_with_spent}</arg>
<arg>${user}</arg>
<doc>Adds ``values`` to the end of ``list``.</doc>
<status status="NOT RUN" start="2025-09-25T12:37:00.786900" elapsed="0.000032"/>
</kw>
<kw name="Evaluate" owner="BuiltIn">
<var>${total_spent}</var>
<arg>${total_spent} + ${spent}</arg>
<doc>Evaluates the given expression in Python and returns the result.</doc>
<status status="NOT RUN" start="2025-09-25T12:37:00.786993" elapsed="0.000036"/>
</kw>
<status status="NOT RUN" start="2025-09-25T12:37:00.786688" elapsed="0.000377"/>
</branch>
<status status="PASS" start="2025-09-25T12:37:00.786674" elapsed="0.000430"/>
</if>
<var name="${i}">6</var>
<status status="PASS" start="2025-09-25T12:37:00.763593" elapsed="0.023525"/>
</iter>
<iter>
<kw name="Set Variable" owner="BuiltIn">
<msg time="2025-09-25T12:37:00.787393" level="INFO">${current_row_locator} = (//table//tbody//tr)[7]</msg>
<var>${current_row_locator}</var>
<arg>(${table_row})[${i}]</arg>
<doc>Returns the given values which can then be assigned to a variables.</doc>
<status status="PASS" start="2025-09-25T12:37:00.787293" elapsed="0.000155"/>
</kw>
<kw name="Set Variable" owner="BuiltIn">
<msg time="2025-09-25T12:37:00.787590" level="INFO">${name_locator} = (//table//tbody//tr)[7]/td[2]//a/div</msg>
<var>${name_locator}</var>
<arg>${current_row_locator}/td[2]//a/div</arg>
<doc>Returns the given values which can then be assigned to a variables.</doc>
<status status="PASS" start="2025-09-25T12:37:00.787509" elapsed="0.000119"/>
</kw>
<kw name="Get Text" owner="SeleniumLibrary">
<msg time="2025-09-25T12:37:00.798409" level="INFO">${raw_name} = Ethel Zemlak</msg>
<var>${raw_name}</var>
<arg>${name_locator}</arg>
<doc>Returns the text value of the element identified by ``locator``.</doc>
<status status="PASS" start="2025-09-25T12:37:00.787691" elapsed="0.010812"/>
</kw>
<kw name="Evaluate" owner="BuiltIn">
<msg time="2025-09-25T12:37:00.798793" level="INFO">${name} = Zemlak</msg>
<var>${name}</var>
<arg>" ".join("""${raw_name}""".split()[1:])</arg>
<doc>Evaluates the given expression in Python and returns the result.</doc>
<status status="PASS" start="2025-09-25T12:37:00.798623" elapsed="0.000213"/>
</kw>
<kw name="Log To Console" owner="BuiltIn">
<arg>\n====== User ${i} ======</arg>
<doc>Logs the given message to the console.</doc>
<status status="PASS" start="2025-09-25T12:37:00.798906" elapsed="0.000120"/>
</kw>
<kw name="Log To Console" owner="BuiltIn">
<arg>Name: ${name}</arg>
<doc>Logs the given message to the console.</doc>
<status status="PASS" start="2025-09-25T12:37:00.799096" elapsed="0.000087"/>
</kw>
<kw name="Set Variable" owner="BuiltIn">
<msg time="2025-09-25T12:37:00.799427" level="INFO">${spent_locator} = (//table//tbody//tr)[7]/td[5]</msg>
<var>${spent_locator}</var>
<arg>${current_row_locator}/td[5]</arg>
<doc>Returns the given values which can then be assigned to a variables.</doc>
<status status="PASS" start="2025-09-25T12:37:00.799302" elapsed="0.000173"/>
</kw>
<kw name="Get Text" owner="SeleniumLibrary">
<msg time="2025-09-25T12:37:00.835316" level="INFO">${spent_text} = $0.00</msg>
<var>${spent_text}</var>
<arg>${spent_locator}</arg>
<doc>Returns the text value of the element identified by ``locator``.</doc>
<status status="PASS" start="2025-09-25T12:37:00.799551" elapsed="0.035879"/>
</kw>
<kw name="Evaluate" owner="BuiltIn">
<msg time="2025-09-25T12:37:00.835819" level="INFO">${spent_text} = 0.00</msg>
<var>${spent_text}</var>
<arg>"""${spent_text}""".replace("$","").replace(",","").strip()</arg>
<doc>Evaluates the given expression in Python and returns the result.</doc>
<status status="PASS" start="2025-09-25T12:37:00.835574" elapsed="0.000294"/>
</kw>
<kw name="Evaluate" owner="BuiltIn">
<msg time="2025-09-25T12:37:00.836088" level="INFO">${spent} = 0</msg>
<var>${spent}</var>
<arg>int(${spent_text}) if ${spent_text} else 0</arg>
<doc>Evaluates the given expression in Python and returns the result.</doc>
<status status="PASS" start="2025-09-25T12:37:00.835950" elapsed="0.000179"/>
</kw>
<kw name="Log To Console" owner="BuiltIn">
<arg>Total spent: $${spent}</arg>
<doc>Logs the given message to the console.</doc>
<status status="PASS" start="2025-09-25T12:37:00.836204" elapsed="0.000122"/>
</kw>
<if>
<branch type="IF" condition="${spent} &gt; 0">
<kw name="Create Dictionary" owner="BuiltIn">
<var>${user}</var>
<arg>name=${name}</arg>
<arg>spent=${spent}</arg>
<doc>Creates and returns a dictionary based on the given ``items``.</doc>
<status status="NOT RUN" start="2025-09-25T12:37:00.836649" elapsed="0.000042"/>
</kw>
<kw name="Append To List" owner="Collections">
<arg>${users_with_spent}</arg>
<arg>${user}</arg>
<doc>Adds ``values`` to the end of ``list``.</doc>
<status status="NOT RUN" start="2025-09-25T12:37:00.836760" elapsed="0.000035"/>
</kw>
<kw name="Evaluate" owner="BuiltIn">
<var>${total_spent}</var>
<arg>${total_spent} + ${spent}</arg>
<doc>Evaluates the given expression in Python and returns the result.</doc>
<status status="NOT RUN" start="2025-09-25T12:37:00.836861" elapsed="0.000035"/>
</kw>
<status status="NOT RUN" start="2025-09-25T12:37:00.836399" elapsed="0.000535"/>
</branch>
<status status="PASS" start="2025-09-25T12:37:00.836382" elapsed="0.000592"/>
</if>
<var name="${i}">7</var>
<status status="PASS" start="2025-09-25T12:37:00.787232" elapsed="0.049758"/>
</iter>
<iter>
<kw name="Set Variable" owner="BuiltIn">
<msg time="2025-09-25T12:37:00.837305" level="INFO">${current_row_locator} = (//table//tbody//tr)[8]</msg>
<var>${current_row_locator}</var>
<arg>(${table_row})[${i}]</arg>
<doc>Returns the given values which can then be assigned to a variables.</doc>
<status status="PASS" start="2025-09-25T12:37:00.837190" elapsed="0.000172"/>
</kw>
<kw name="Set Variable" owner="BuiltIn">
<msg time="2025-09-25T12:37:00.838194" level="INFO">${name_locator} = (//table//tbody//tr)[8]/td[2]//a/div</msg>
<var>${name_locator}</var>
<arg>${current_row_locator}/td[2]//a/div</arg>
<doc>Returns the given values which can then be assigned to a variables.</doc>
<status status="PASS" start="2025-09-25T12:37:00.837685" elapsed="0.001061"/>
</kw>
<kw name="Get Text" owner="SeleniumLibrary">
<msg time="2025-09-25T12:37:00.852486" level="INFO">${raw_name} = Lyric Nader</msg>
<var>${raw_name}</var>
<arg>${name_locator}</arg>
<doc>Returns the text value of the element identified by ``locator``.</doc>
<status status="PASS" start="2025-09-25T12:37:00.839141" elapsed="0.013444"/>
</kw>
<kw name="Evaluate" owner="BuiltIn">
<msg time="2025-09-25T12:37:00.853037" level="INFO">${name} = Nader</msg>
<var>${name}</var>
<arg>" ".join("""${raw_name}""".split()[1:])</arg>
<doc>Evaluates the given expression in Python and returns the result.</doc>
<status status="PASS" start="2025-09-25T12:37:00.852823" elapsed="0.000270"/>
</kw>
<kw name="Log To Console" owner="BuiltIn">
<arg>\n====== User ${i} ======</arg>
<doc>Logs the given message to the console.</doc>
<status status="PASS" start="2025-09-25T12:37:00.853182" elapsed="0.000262"/>
</kw>
<kw name="Log To Console" owner="BuiltIn">
<arg>Name: ${name}</arg>
<doc>Logs the given message to the console.</doc>
<status status="PASS" start="2025-09-25T12:37:00.853615" elapsed="0.000165"/>
</kw>
<kw name="Set Variable" owner="BuiltIn">
<msg time="2025-09-25T12:37:00.854002" level="INFO">${spent_locator} = (//table//tbody//tr)[8]/td[5]</msg>
<var>${spent_locator}</var>
<arg>${current_row_locator}/td[5]</arg>
<doc>Returns the given values which can then be assigned to a variables.</doc>
<status status="PASS" start="2025-09-25T12:37:00.853876" elapsed="0.000191"/>
</kw>
<kw name="Get Text" owner="SeleniumLibrary">
<msg time="2025-09-25T12:37:00.864521" level="INFO">${spent_text} = $0.00</msg>
<var>${spent_text}</var>
<arg>${spent_locator}</arg>
<doc>Returns the text value of the element identified by ``locator``.</doc>
<status status="PASS" start="2025-09-25T12:37:00.854152" elapsed="0.010458"/>
</kw>
<kw name="Evaluate" owner="BuiltIn">
<msg time="2025-09-25T12:37:00.864924" level="INFO">${spent_text} = 0.00</msg>
<var>${spent_text}</var>
<arg>"""${spent_text}""".replace("$","").replace(",","").strip()</arg>
<doc>Evaluates the given expression in Python and returns the result.</doc>
<status status="PASS" start="2025-09-25T12:37:00.864731" elapsed="0.000235"/>
</kw>
<kw name="Evaluate" owner="BuiltIn">
<msg time="2025-09-25T12:37:00.865164" level="INFO">${spent} = 0</msg>
<var>${spent}</var>
<arg>int(${spent_text}) if ${spent_text} else 0</arg>
<doc>Evaluates the given expression in Python and returns the result.</doc>
<status status="PASS" start="2025-09-25T12:37:00.865039" elapsed="0.000163"/>
</kw>
<kw name="Log To Console" owner="BuiltIn">
<arg>Total spent: $${spent}</arg>
<doc>Logs the given message to the console.</doc>
<status status="PASS" start="2025-09-25T12:37:00.865271" elapsed="0.000101"/>
</kw>
<if>
<branch type="IF" condition="${spent} &gt; 0">
<kw name="Create Dictionary" owner="BuiltIn">
<var>${user}</var>
<arg>name=${name}</arg>
<arg>spent=${spent}</arg>
<doc>Creates and returns a dictionary based on the given ``items``.</doc>
<status status="NOT RUN" start="2025-09-25T12:37:00.865545" elapsed="0.000036"/>
</kw>
<kw name="Append To List" owner="Collections">
<arg>${users_with_spent}</arg>
<arg>${user}</arg>
<doc>Adds ``values`` to the end of ``list``.</doc>
<status status="NOT RUN" start="2025-09-25T12:37:00.865645" elapsed="0.000033"/>
</kw>
<kw name="Evaluate" owner="BuiltIn">
<var>${total_spent}</var>
<arg>${total_spent} + ${spent}</arg>
<doc>Evaluates the given expression in Python and returns the result.</doc>
<status status="NOT RUN" start="2025-09-25T12:37:00.865736" elapsed="0.000032"/>
</kw>
<status status="NOT RUN" start="2025-09-25T12:37:00.865438" elapsed="0.000364"/>
</branch>
<status status="PASS" start="2025-09-25T12:37:00.865424" elapsed="0.000414"/>
</if>
<var name="${i}">8</var>
<status status="PASS" start="2025-09-25T12:37:00.837120" elapsed="0.028731"/>
</iter>
<iter>
<kw name="Set Variable" owner="BuiltIn">
<msg time="2025-09-25T12:37:00.866121" level="INFO">${current_row_locator} = (//table//tbody//tr)[9]</msg>
<var>${current_row_locator}</var>
<arg>(${table_row})[${i}]</arg>
<doc>Returns the given values which can then be assigned to a variables.</doc>
<status status="PASS" start="2025-09-25T12:37:00.866022" elapsed="0.000140"/>
</kw>
<kw name="Set Variable" owner="BuiltIn">
<msg time="2025-09-25T12:37:00.866311" level="INFO">${name_locator} = (//table//tbody//tr)[9]/td[2]//a/div</msg>
<var>${name_locator}</var>
<arg>${current_row_locator}/td[2]//a/div</arg>
<doc>Returns the given values which can then be assigned to a variables.</doc>
<status status="PASS" start="2025-09-25T12:37:00.866226" elapsed="0.000123"/>
</kw>
<kw name="Get Text" owner="SeleniumLibrary">
<msg time="2025-09-25T12:37:00.877922" level="INFO">${raw_name} = Maud Hodkiewicz</msg>
<var>${raw_name}</var>
<arg>${name_locator}</arg>
<doc>Returns the text value of the element identified by ``locator``.</doc>
<status status="PASS" start="2025-09-25T12:37:00.866416" elapsed="0.011600"/>
</kw>
<kw name="Evaluate" owner="BuiltIn">
<msg time="2025-09-25T12:37:00.878309" level="INFO">${name} = Hodkiewicz</msg>
<var>${name}</var>
<arg>" ".join("""${raw_name}""".split()[1:])</arg>
<doc>Evaluates the given expression in Python and returns the result.</doc>
<status status="PASS" start="2025-09-25T12:37:00.878141" elapsed="0.000212"/>
</kw>
<kw name="Log To Console" owner="BuiltIn">
<arg>\n====== User ${i} ======</arg>
<doc>Logs the given message to the console.</doc>
<status status="PASS" start="2025-09-25T12:37:00.878425" elapsed="0.000130"/>
</kw>
<kw name="Log To Console" owner="BuiltIn">
<arg>Name: ${name}</arg>
<doc>Logs the given message to the console.</doc>
<status status="PASS" start="2025-09-25T12:37:00.878625" elapsed="0.000100"/>
</kw>
<kw name="Set Variable" owner="BuiltIn">
<msg time="2025-09-25T12:37:00.878953" level="INFO">${spent_locator} = (//table//tbody//tr)[9]/td[5]</msg>
<var>${spent_locator}</var>
<arg>${current_row_locator}/td[5]</arg>
<doc>Returns the given values which can then be assigned to a variables.</doc>
<status status="PASS" start="2025-09-25T12:37:00.878836" elapsed="0.000166"/>
</kw>
<kw name="Get Text" owner="SeleniumLibrary">
<msg time="2025-09-25T12:37:00.888790" level="INFO">${spent_text} = $0.00</msg>
<var>${spent_text}</var>
<arg>${spent_locator}</arg>
<doc>Returns the text value of the element identified by ``locator``.</doc>
<status status="PASS" start="2025-09-25T12:37:00.879084" elapsed="0.009803"/>
</kw>
<kw name="Evaluate" owner="BuiltIn">
<msg time="2025-09-25T12:37:00.889218" level="INFO">${spent_text} = 0.00</msg>
<var>${spent_text}</var>
<arg>"""${spent_text}""".replace("$","").replace(",","").strip()</arg>
<doc>Evaluates the given expression in Python and returns the result.</doc>
<status status="PASS" start="2025-09-25T12:37:00.889013" elapsed="0.000249"/>
</kw>
<kw name="Evaluate" owner="BuiltIn">
<msg time="2025-09-25T12:37:00.889466" level="INFO">${spent} = 0</msg>
<var>${spent}</var>
<arg>int(${spent_text}) if ${spent_text} else 0</arg>
<doc>Evaluates the given expression in Python and returns the result.</doc>
<status status="PASS" start="2025-09-25T12:37:00.889338" elapsed="0.000169"/>
</kw>
<kw name="Log To Console" owner="BuiltIn">
<arg>Total spent: $${spent}</arg>
<doc>Logs the given message to the console.</doc>
<status status="PASS" start="2025-09-25T12:37:00.889632" elapsed="0.000296"/>
</kw>
<if>
<branch type="IF" condition="${spent} &gt; 0">
<kw name="Create Dictionary" owner="BuiltIn">
<var>${user}</var>
<arg>name=${name}</arg>
<arg>spent=${spent}</arg>
<doc>Creates and returns a dictionary based on the given ``items``.</doc>
<status status="NOT RUN" start="2025-09-25T12:37:00.890173" elapsed="0.000049"/>
</kw>
<kw name="Append To List" owner="Collections">
<arg>${users_with_spent}</arg>
<arg>${user}</arg>
<doc>Adds ``values`` to the end of ``list``.</doc>
<status status="NOT RUN" start="2025-09-25T12:37:00.890355" elapsed="0.000059"/>
</kw>
<kw name="Evaluate" owner="BuiltIn">
<var>${total_spent}</var>
<arg>${total_spent} + ${spent}</arg>
<doc>Evaluates the given expression in Python and returns the result.</doc>
<status status="NOT RUN" start="2025-09-25T12:37:00.890494" elapsed="0.000054"/>
</kw>
<status status="NOT RUN" start="2025-09-25T12:37:00.890011" elapsed="0.000584"/>
</branch>
<status status="PASS" start="2025-09-25T12:37:00.889994" elapsed="0.000643"/>
</if>
<var name="${i}">9</var>
<status status="PASS" start="2025-09-25T12:37:00.865958" elapsed="0.024693"/>
</iter>
<iter>
<kw name="Set Variable" owner="BuiltIn">
<msg time="2025-09-25T12:37:00.891112" level="INFO">${current_row_locator} = (//table//tbody//tr)[10]</msg>
<var>${current_row_locator}</var>
<arg>(${table_row})[${i}]</arg>
<doc>Returns the given values which can then be assigned to a variables.</doc>
<status status="PASS" start="2025-09-25T12:37:00.890927" elapsed="0.000298"/>
</kw>
<kw name="Set Variable" owner="BuiltIn">
<msg time="2025-09-25T12:37:00.891411" level="INFO">${name_locator} = (//table//tbody//tr)[10]/td[2]//a/div</msg>
<var>${name_locator}</var>
<arg>${current_row_locator}/td[2]//a/div</arg>
<doc>Returns the given values which can then be assigned to a variables.</doc>
<status status="PASS" start="2025-09-25T12:37:00.891302" elapsed="0.000153"/>
</kw>
<kw name="Get Text" owner="SeleniumLibrary">
<msg time="2025-09-25T12:37:00.927704" level="INFO">${raw_name} = Rodolfo Jenkins</msg>
<var>${raw_name}</var>
<arg>${name_locator}</arg>
<doc>Returns the text value of the element identified by ``locator``.</doc>
<status status="PASS" start="2025-09-25T12:37:00.891528" elapsed="0.036296"/>
</kw>
<kw name="Evaluate" owner="BuiltIn">
<msg time="2025-09-25T12:37:00.928178" level="INFO">${name} = Jenkins</msg>
<var>${name}</var>
<arg>" ".join("""${raw_name}""".split()[1:])</arg>
<doc>Evaluates the given expression in Python and returns the result.</doc>
<status status="PASS" start="2025-09-25T12:37:00.927978" elapsed="0.000250"/>
</kw>
<kw name="Log To Console" owner="BuiltIn">
<arg>\n====== User ${i} ======</arg>
<doc>Logs the given message to the console.</doc>
<status status="PASS" start="2025-09-25T12:37:00.928306" elapsed="0.000349"/>
</kw>
<kw name="Log To Console" owner="BuiltIn">
<arg>Name: ${name}</arg>
<doc>Logs the given message to the console.</doc>
<status status="PASS" start="2025-09-25T12:37:00.931643" elapsed="0.000681"/>
</kw>
<kw name="Set Variable" owner="BuiltIn">
<msg time="2025-09-25T12:37:00.932681" level="INFO">${spent_locator} = (//table//tbody//tr)[10]/td[5]</msg>
<var>${spent_locator}</var>
<arg>${current_row_locator}/td[5]</arg>
<doc>Returns the given values which can then be assigned to a variables.</doc>
<status status="PASS" start="2025-09-25T12:37:00.932556" elapsed="0.000192"/>
</kw>
<kw name="Get Text" owner="SeleniumLibrary">
<msg time="2025-09-25T12:37:00.945287" level="INFO">${spent_text} = $0.00</msg>
<var>${spent_text}</var>
<arg>${spent_locator}</arg>
<doc>Returns the text value of the element identified by ``locator``.</doc>
<status status="PASS" start="2025-09-25T12:37:00.932833" elapsed="0.012560"/>
</kw>
<kw name="Evaluate" owner="BuiltIn">
<msg time="2025-09-25T12:37:00.945734" level="INFO">${spent_text} = 0.00</msg>
<var>${spent_text}</var>
<arg>"""${spent_text}""".replace("$","").replace(",","").strip()</arg>
<doc>Evaluates the given expression in Python and returns the result.</doc>
<status status="PASS" start="2025-09-25T12:37:00.945531" elapsed="0.000245"/>
</kw>
<kw name="Evaluate" owner="BuiltIn">
<msg time="2025-09-25T12:37:00.945974" level="INFO">${spent} = 0</msg>
<var>${spent}</var>
<arg>int(${spent_text}) if ${spent_text} else 0</arg>
<doc>Evaluates the given expression in Python and returns the result.</doc>
<status status="PASS" start="2025-09-25T12:37:00.945849" elapsed="0.000162"/>
</kw>
<kw name="Log To Console" owner="BuiltIn">
<arg>Total spent: $${spent}</arg>
<doc>Logs the given message to the console.</doc>
<status status="PASS" start="2025-09-25T12:37:00.946092" elapsed="0.000100"/>
</kw>
<if>
<branch type="IF" condition="${spent} &gt; 0">
<kw name="Create Dictionary" owner="BuiltIn">
<var>${user}</var>
<arg>name=${name}</arg>
<arg>spent=${spent}</arg>
<doc>Creates and returns a dictionary based on the given ``items``.</doc>
<status status="NOT RUN" start="2025-09-25T12:37:00.946362" elapsed="0.000038"/>
</kw>
<kw name="Append To List" owner="Collections">
<arg>${users_with_spent}</arg>
<arg>${user}</arg>
<doc>Adds ``values`` to the end of ``list``.</doc>
<status status="NOT RUN" start="2025-09-25T12:37:00.946466" elapsed="0.000031"/>
</kw>
<kw name="Evaluate" owner="BuiltIn">
<var>${total_spent}</var>
<arg>${total_spent} + ${spent}</arg>
<doc>Evaluates the given expression in Python and returns the result.</doc>
<status status="NOT RUN" start="2025-09-25T12:37:00.946562" elapsed="0.000033"/>
</kw>
<status status="NOT RUN" start="2025-09-25T12:37:00.946259" elapsed="0.000371"/>
</branch>
<status status="PASS" start="2025-09-25T12:37:00.946245" elapsed="0.000420"/>
</if>
<var name="${i}">10</var>
<status status="PASS" start="2025-09-25T12:37:00.890848" elapsed="0.055829"/>
</iter>
<iter>
<kw name="Set Variable" owner="BuiltIn">
<msg time="2025-09-25T12:37:00.946953" level="INFO">${current_row_locator} = (//table//tbody//tr)[11]</msg>
<var>${current_row_locator}</var>
<arg>(${table_row})[${i}]</arg>
<doc>Returns the given values which can then be assigned to a variables.</doc>
<status status="PASS" start="2025-09-25T12:37:00.946853" elapsed="0.000142"/>
</kw>
<kw name="Set Variable" owner="BuiltIn">
<msg time="2025-09-25T12:37:00.947149" level="INFO">${name_locator} = (//table//tbody//tr)[11]/td[2]//a/div</msg>
<var>${name_locator}</var>
<arg>${current_row_locator}/td[2]//a/div</arg>
<doc>Returns the given values which can then be assigned to a variables.</doc>
<status status="PASS" start="2025-09-25T12:37:00.947058" elapsed="0.000130"/>
</kw>
<kw name="Get Text" owner="SeleniumLibrary">
<msg time="2025-09-25T12:37:00.957937" level="INFO">${raw_name} = Virgil Marks</msg>
<var>${raw_name}</var>
<arg>${name_locator}</arg>
<doc>Returns the text value of the element identified by ``locator``.</doc>
<status status="PASS" start="2025-09-25T12:37:00.947253" elapsed="0.010779"/>
</kw>
<kw name="Evaluate" owner="BuiltIn">
<msg time="2025-09-25T12:37:00.958324" level="INFO">${name} = Marks</msg>
<var>${name}</var>
<arg>" ".join("""${raw_name}""".split()[1:])</arg>
<doc>Evaluates the given expression in Python and returns the result.</doc>
<status status="PASS" start="2025-09-25T12:37:00.958151" elapsed="0.000216"/>
</kw>
<kw name="Log To Console" owner="BuiltIn">
<arg>\n====== User ${i} ======</arg>
<doc>Logs the given message to the console.</doc>
<status status="PASS" start="2025-09-25T12:37:00.958437" elapsed="0.000120"/>
</kw>
<kw name="Log To Console" owner="BuiltIn">
<arg>Name: ${name}</arg>
<doc>Logs the given message to the console.</doc>
<status status="PASS" start="2025-09-25T12:37:00.958629" elapsed="0.000094"/>
</kw>
<kw name="Set Variable" owner="BuiltIn">
<msg time="2025-09-25T12:37:00.958884" level="INFO">${spent_locator} = (//table//tbody//tr)[11]/td[5]</msg>
<var>${spent_locator}</var>
<arg>${current_row_locator}/td[5]</arg>
<doc>Returns the given values which can then be assigned to a variables.</doc>
<status status="PASS" start="2025-09-25T12:37:00.958795" elapsed="0.000129"/>
</kw>
<kw name="Get Text" owner="SeleniumLibrary">
<msg time="2025-09-25T12:37:00.968863" level="INFO">${spent_text} = $200.93</msg>
<var>${spent_text}</var>
<arg>${spent_locator}</arg>
<doc>Returns the text value of the element identified by ``locator``.</doc>
<status status="PASS" start="2025-09-25T12:37:00.958991" elapsed="0.009970"/>
</kw>
<kw name="Evaluate" owner="BuiltIn">
<msg time="2025-09-25T12:37:00.969277" level="INFO">${spent_text} = 200.93</msg>
<var>${spent_text}</var>
<arg>"""${spent_text}""".replace("$","").replace(",","").strip()</arg>
<doc>Evaluates the given expression in Python and returns the result.</doc>
<status status="PASS" start="2025-09-25T12:37:00.969087" elapsed="0.000235"/>
</kw>
<kw name="Evaluate" owner="BuiltIn">
<msg time="2025-09-25T12:37:00.969519" level="INFO">${spent} = 200</msg>
<var>${spent}</var>
<arg>int(${spent_text}) if ${spent_text} else 0</arg>
<doc>Evaluates the given expression in Python and returns the result.</doc>
<status status="PASS" start="2025-09-25T12:37:00.969393" elapsed="0.000165"/>
</kw>
<kw name="Log To Console" owner="BuiltIn">
<arg>Total spent: $${spent}</arg>
<doc>Logs the given message to the console.</doc>
<status status="PASS" start="2025-09-25T12:37:00.969624" elapsed="0.000106"/>
</kw>
<if>
<branch type="IF" condition="${spent} &gt; 0">
<kw name="Create Dictionary" owner="BuiltIn">
<msg time="2025-09-25T12:37:00.970338" level="INFO">${user} = {'name': 'Marks', 'spent': 200}</msg>
<var>${user}</var>
<arg>name=${name}</arg>
<arg>spent=${spent}</arg>
<doc>Creates and returns a dictionary based on the given ``items``.</doc>
<status status="PASS" start="2025-09-25T12:37:00.970072" elapsed="0.000323"/>
</kw>
<kw name="Append To List" owner="Collections">
<arg>${users_with_spent}</arg>
<arg>${user}</arg>
<doc>Adds ``values`` to the end of ``list``.</doc>
<status status="PASS" start="2025-09-25T12:37:00.970498" elapsed="0.000106"/>
</kw>
<kw name="Evaluate" owner="BuiltIn">
<msg time="2025-09-25T12:37:00.970796" level="INFO">${total_spent} = 770</msg>
<var>${total_spent}</var>
<arg>${total_spent} + ${spent}</arg>
<doc>Evaluates the given expression in Python and returns the result.</doc>
<status status="PASS" start="2025-09-25T12:37:00.970677" elapsed="0.000213"/>
</kw>
<status status="PASS" start="2025-09-25T12:37:00.969795" elapsed="0.001142"/>
</branch>
<status status="PASS" start="2025-09-25T12:37:00.969781" elapsed="0.001200"/>
</if>
<var name="${i}">11</var>
<status status="PASS" start="2025-09-25T12:37:00.946789" elapsed="0.024207"/>
</iter>
<iter>
<kw name="Set Variable" owner="BuiltIn">
<msg time="2025-09-25T12:37:00.971378" level="INFO">${current_row_locator} = (//table//tbody//tr)[12]</msg>
<var>${current_row_locator}</var>
<arg>(${table_row})[${i}]</arg>
<doc>Returns the given values which can then be assigned to a variables.</doc>
<status status="PASS" start="2025-09-25T12:37:00.971255" elapsed="0.000173"/>
</kw>
<kw name="Set Variable" owner="BuiltIn">
<msg time="2025-09-25T12:37:00.971599" level="INFO">${name_locator} = (//table//tbody//tr)[12]/td[2]//a/div</msg>
<var>${name_locator}</var>
<arg>${current_row_locator}/td[2]//a/div</arg>
<doc>Returns the given values which can then be assigned to a variables.</doc>
<status status="PASS" start="2025-09-25T12:37:00.971504" elapsed="0.000136"/>
</kw>
<kw name="Get Text" owner="SeleniumLibrary">
<msg time="2025-09-25T12:37:00.982678" level="INFO">${raw_name} = Consuelo Berge</msg>
<var>${raw_name}</var>
<arg>${name_locator}</arg>
<doc>Returns the text value of the element identified by ``locator``.</doc>
<status status="PASS" start="2025-09-25T12:37:00.971712" elapsed="0.011062"/>
</kw>
<kw name="Evaluate" owner="BuiltIn">
<msg time="2025-09-25T12:37:00.983104" level="INFO">${name} = Berge</msg>
<var>${name}</var>
<arg>" ".join("""${raw_name}""".split()[1:])</arg>
<doc>Evaluates the given expression in Python and returns the result.</doc>
<status status="PASS" start="2025-09-25T12:37:00.982909" elapsed="0.000241"/>
</kw>
<kw name="Log To Console" owner="BuiltIn">
<arg>\n====== User ${i} ======</arg>
<doc>Logs the given message to the console.</doc>
<status status="PASS" start="2025-09-25T12:37:00.983222" elapsed="0.000124"/>
</kw>
<kw name="Log To Console" owner="BuiltIn">
<arg>Name: ${name}</arg>
<doc>Logs the given message to the console.</doc>
<status status="PASS" start="2025-09-25T12:37:00.983417" elapsed="0.000091"/>
</kw>
<kw name="Set Variable" owner="BuiltIn">
<msg time="2025-09-25T12:37:00.983669" level="INFO">${spent_locator} = (//table//tbody//tr)[12]/td[5]</msg>
<var>${spent_locator}</var>
<arg>${current_row_locator}/td[5]</arg>
<doc>Returns the given values which can then be assigned to a variables.</doc>
<status status="PASS" start="2025-09-25T12:37:00.983578" elapsed="0.000144"/>
</kw>
<kw name="Get Text" owner="SeleniumLibrary">
<msg time="2025-09-25T12:37:01.028939" level="INFO">${spent_text} = $0.00</msg>
<var>${spent_text}</var>
<arg>${spent_locator}</arg>
<doc>Returns the text value of the element identified by ``locator``.</doc>
<status status="PASS" start="2025-09-25T12:37:00.983792" elapsed="0.045291"/>
</kw>
<kw name="Evaluate" owner="BuiltIn">
<msg time="2025-09-25T12:37:01.029517" level="INFO">${spent_text} = 0.00</msg>
<var>${spent_text}</var>
<arg>"""${spent_text}""".replace("$","").replace(",","").strip()</arg>
<doc>Evaluates the given expression in Python and returns the result.</doc>
<status status="PASS" start="2025-09-25T12:37:01.029231" elapsed="0.000354"/>
</kw>
<kw name="Evaluate" owner="BuiltIn">
<msg time="2025-09-25T12:37:01.029877" level="INFO">${spent} = 0</msg>
<var>${spent}</var>
<arg>int(${spent_text}) if ${spent_text} else 0</arg>
<doc>Evaluates the given expression in Python and returns the result.</doc>
<status status="PASS" start="2025-09-25T12:37:01.029683" elapsed="0.000240"/>
</kw>
<kw name="Log To Console" owner="BuiltIn">
<arg>Total spent: $${spent}</arg>
<doc>Logs the given message to the console.</doc>
<status status="PASS" start="2025-09-25T12:37:01.030001" elapsed="0.000158"/>
</kw>
<if>
<branch type="IF" condition="${spent} &gt; 0">
<kw name="Create Dictionary" owner="BuiltIn">
<var>${user}</var>
<arg>name=${name}</arg>
<arg>spent=${spent}</arg>
<doc>Creates and returns a dictionary based on the given ``items``.</doc>
<status status="NOT RUN" start="2025-09-25T12:37:01.030358" elapsed="0.000132"/>
</kw>
<kw name="Append To List" owner="Collections">
<arg>${users_with_spent}</arg>
<arg>${user}</arg>
<doc>Adds ``values`` to the end of ``list``.</doc>
<status status="NOT RUN" start="2025-09-25T12:37:01.030805" elapsed="0.000133"/>
</kw>
<kw name="Evaluate" owner="BuiltIn">
<var>${total_spent}</var>
<arg>${total_spent} + ${spent}</arg>
<doc>Evaluates the given expression in Python and returns the result.</doc>
<status status="NOT RUN" start="2025-09-25T12:37:01.031309" elapsed="0.000073"/>
</kw>
<status status="NOT RUN" start="2025-09-25T12:37:01.030235" elapsed="0.001247"/>
</branch>
<status status="PASS" start="2025-09-25T12:37:01.030218" elapsed="0.001315"/>
</if>
<var name="${i}">12</var>
<status status="PASS" start="2025-09-25T12:37:00.971167" elapsed="0.060384"/>
</iter>
<iter>
<kw name="Set Variable" owner="BuiltIn">
<msg time="2025-09-25T12:37:01.031984" level="INFO">${current_row_locator} = (//table//tbody//tr)[13]</msg>
<var>${current_row_locator}</var>
<arg>(${table_row})[${i}]</arg>
<doc>Returns the given values which can then be assigned to a variables.</doc>
<status status="PASS" start="2025-09-25T12:37:01.031797" elapsed="0.000263"/>
</kw>
<kw name="Set Variable" owner="BuiltIn">
<msg time="2025-09-25T12:37:01.032268" level="INFO">${name_locator} = (//table//tbody//tr)[13]/td[2]//a/div</msg>
<var>${name_locator}</var>
<arg>${current_row_locator}/td[2]//a/div</arg>
<doc>Returns the given values which can then be assigned to a variables.</doc>
<status status="PASS" start="2025-09-25T12:37:01.032153" elapsed="0.000193"/>
</kw>
<kw name="Get Text" owner="SeleniumLibrary">
<msg time="2025-09-25T12:37:01.045064" level="INFO">${raw_name} = Krista Mayer</msg>
<var>${raw_name}</var>
<arg>${name_locator}</arg>
<doc>Returns the text value of the element identified by ``locator``.</doc>
<status status="PASS" start="2025-09-25T12:37:01.032442" elapsed="0.012722"/>
</kw>
<kw name="Evaluate" owner="BuiltIn">
<msg time="2025-09-25T12:37:01.045477" level="INFO">${name} = Mayer</msg>
<var>${name}</var>
<arg>" ".join("""${raw_name}""".split()[1:])</arg>
<doc>Evaluates the given expression in Python and returns the result.</doc>
<status status="PASS" start="2025-09-25T12:37:01.045295" elapsed="0.000227"/>
</kw>
<kw name="Log To Console" owner="BuiltIn">
<arg>\n====== User ${i} ======</arg>
<doc>Logs the given message to the console.</doc>
<status status="PASS" start="2025-09-25T12:37:01.045599" elapsed="0.000128"/>
</kw>
<kw name="Log To Console" owner="BuiltIn">
<arg>Name: ${name}</arg>
<doc>Logs the given message to the console.</doc>
<status status="PASS" start="2025-09-25T12:37:01.045799" elapsed="0.000138"/>
</kw>
<kw name="Set Variable" owner="BuiltIn">
<msg time="2025-09-25T12:37:01.046189" level="INFO">${spent_locator} = (//table//tbody//tr)[13]/td[5]</msg>
<var>${spent_locator}</var>
<arg>${current_row_locator}/td[5]</arg>
<doc>Returns the given values which can then be assigned to a variables.</doc>
<status status="PASS" start="2025-09-25T12:37:01.046040" elapsed="0.000209"/>
</kw>
<kw name="Get Text" owner="SeleniumLibrary">
<msg time="2025-09-25T12:37:01.057473" level="INFO">${spent_text} = $573.94</msg>
<var>${spent_text}</var>
<arg>${spent_locator}</arg>
<doc>Returns the text value of the element identified by ``locator``.</doc>
<status status="PASS" start="2025-09-25T12:37:01.046346" elapsed="0.011331"/>
</kw>
<kw name="Evaluate" owner="BuiltIn">
<msg time="2025-09-25T12:37:01.058068" level="INFO">${spent_text} = 573.94</msg>
<var>${spent_text}</var>
<arg>"""${spent_text}""".replace("$","").replace(",","").strip()</arg>
<doc>Evaluates the given expression in Python and returns the result.</doc>
<status status="PASS" start="2025-09-25T12:37:01.057828" elapsed="0.000297"/>
</kw>
<kw name="Evaluate" owner="BuiltIn">
<msg time="2025-09-25T12:37:01.058354" level="INFO">${spent} = 573</msg>
<var>${spent}</var>
<arg>int(${spent_text}) if ${spent_text} else 0</arg>
<doc>Evaluates the given expression in Python and returns the result.</doc>
<status status="PASS" start="2025-09-25T12:37:01.058212" elapsed="0.000188"/>
</kw>
<kw name="Log To Console" owner="BuiltIn">
<arg>Total spent: $${spent}</arg>
<doc>Logs the given message to the console.</doc>
<status status="PASS" start="2025-09-25T12:37:01.058476" elapsed="0.000168"/>
</kw>
<if>
<branch type="IF" condition="${spent} &gt; 0">
<kw name="Create Dictionary" owner="BuiltIn">
<msg time="2025-09-25T12:37:01.059074" level="INFO">${user} = {'name': 'Mayer', 'spent': 573}</msg>
<var>${user}</var>
<arg>name=${name}</arg>
<arg>spent=${spent}</arg>
<doc>Creates and returns a dictionary based on the given ``items``.</doc>
<status status="PASS" start="2025-09-25T12:37:01.058899" elapsed="0.000227"/>
</kw>
<kw name="Append To List" owner="Collections">
<arg>${users_with_spent}</arg>
<arg>${user}</arg>
<doc>Adds ``values`` to the end of ``list``.</doc>
<status status="PASS" start="2025-09-25T12:37:01.059205" elapsed="0.000096"/>
</kw>
<kw name="Evaluate" owner="BuiltIn">
<msg time="2025-09-25T12:37:01.059487" level="INFO">${total_spent} = 1343</msg>
<var>${total_spent}</var>
<arg>${total_spent} + ${spent}</arg>
<doc>Evaluates the given expression in Python and returns the result.</doc>
<status status="PASS" start="2025-09-25T12:37:01.059371" elapsed="0.000159"/>
</kw>
<status status="PASS" start="2025-09-25T12:37:01.058724" elapsed="0.000854"/>
</branch>
<status status="PASS" start="2025-09-25T12:37:01.058709" elapsed="0.000909"/>
</if>
<var name="${i}">13</var>
<status status="PASS" start="2025-09-25T12:37:01.031696" elapsed="0.027936"/>
</iter>
<iter>
<kw name="Set Variable" owner="BuiltIn">
<msg time="2025-09-25T12:37:01.059915" level="INFO">${current_row_locator} = (//table//tbody//tr)[14]</msg>
<var>${current_row_locator}</var>
<arg>(${table_row})[${i}]</arg>
<doc>Returns the given values which can then be assigned to a variables.</doc>
<status status="PASS" start="2025-09-25T12:37:01.059816" elapsed="0.000143"/>
</kw>
<kw name="Set Variable" owner="BuiltIn">
<msg time="2025-09-25T12:37:01.060106" level="INFO">${name_locator} = (//table//tbody//tr)[14]/td[2]//a/div</msg>
<var>${name_locator}</var>
<arg>${current_row_locator}/td[2]//a/div</arg>
<doc>Returns the given values which can then be assigned to a variables.</doc>
<status status="PASS" start="2025-09-25T12:37:01.060022" elapsed="0.000120"/>
</kw>
<kw name="Get Text" owner="SeleniumLibrary">
<msg time="2025-09-25T12:37:01.070955" level="INFO">${raw_name} = Zechariah Trantow</msg>
<var>${raw_name}</var>
<arg>${name_locator}</arg>
<doc>Returns the text value of the element identified by ``locator``.</doc>
<status status="PASS" start="2025-09-25T12:37:01.060205" elapsed="0.010850"/>
</kw>
<kw name="Evaluate" owner="BuiltIn">
<msg time="2025-09-25T12:37:01.071354" level="INFO">${name} = Trantow</msg>
<var>${name}</var>
<arg>" ".join("""${raw_name}""".split()[1:])</arg>
<doc>Evaluates the given expression in Python and returns the result.</doc>
<status status="PASS" start="2025-09-25T12:37:01.071174" elapsed="0.000228"/>
</kw>
<kw name="Log To Console" owner="BuiltIn">
<arg>\n====== User ${i} ======</arg>
<doc>Logs the given message to the console.</doc>
<status status="PASS" start="2025-09-25T12:37:01.071477" elapsed="0.000249"/>
</kw>
<kw name="Log To Console" owner="BuiltIn">
<arg>Name: ${name}</arg>
<doc>Logs the given message to the console.</doc>
<status status="PASS" start="2025-09-25T12:37:01.071802" elapsed="0.000393"/>
</kw>
<kw name="Set Variable" owner="BuiltIn">
<msg time="2025-09-25T12:37:01.072422" level="INFO">${spent_locator} = (//table//tbody//tr)[14]/td[5]</msg>
<var>${spent_locator}</var>
<arg>${current_row_locator}/td[5]</arg>
<doc>Returns the given values which can then be assigned to a variables.</doc>
<status status="PASS" start="2025-09-25T12:37:01.072316" elapsed="0.000157"/>
</kw>
<kw name="Get Text" owner="SeleniumLibrary">
<msg time="2025-09-25T12:37:01.110069" level="INFO">${spent_text} = $212.95</msg>
<var>${spent_text}</var>
<arg>${spent_locator}</arg>
<doc>Returns the text value of the element identified by ``locator``.</doc>
<status status="PASS" start="2025-09-25T12:37:01.072548" elapsed="0.037632"/>
</kw>
<kw name="Evaluate" owner="BuiltIn">
<msg time="2025-09-25T12:37:01.110557" level="INFO">${spent_text} = 212.95</msg>
<var>${spent_text}</var>
<arg>"""${spent_text}""".replace("$","").replace(",","").strip()</arg>
<doc>Evaluates the given expression in Python and returns the result.</doc>
<status status="PASS" start="2025-09-25T12:37:01.110325" elapsed="0.000290"/>
</kw>
<kw name="Evaluate" owner="BuiltIn">
<msg time="2025-09-25T12:37:01.110838" level="INFO">${spent} = 212</msg>
<var>${spent}</var>
<arg>int(${spent_text}) if ${spent_text} else 0</arg>
<doc>Evaluates the given expression in Python and returns the result.</doc>
<status status="PASS" start="2025-09-25T12:37:01.110699" elapsed="0.000180"/>
</kw>
<kw name="Log To Console" owner="BuiltIn">
<arg>Total spent: $${spent}</arg>
<doc>Logs the given message to the console.</doc>
<status status="PASS" start="2025-09-25T12:37:01.110953" elapsed="0.000115"/>
</kw>
<if>
<branch type="IF" condition="${spent} &gt; 0">
<kw name="Create Dictionary" owner="BuiltIn">
<msg time="2025-09-25T12:37:01.111529" level="INFO">${user} = {'name': 'Trantow', 'spent': 212}</msg>
<var>${user}</var>
<arg>name=${name}</arg>
<arg>spent=${spent}</arg>
<doc>Creates and returns a dictionary based on the given ``items``.</doc>
<status status="PASS" start="2025-09-25T12:37:01.111370" elapsed="0.000210"/>
</kw>
<kw name="Append To List" owner="Collections">
<arg>${users_with_spent}</arg>
<arg>${user}</arg>
<doc>Adds ``values`` to the end of ``list``.</doc>
<status status="PASS" start="2025-09-25T12:37:01.111654" elapsed="0.000096"/>
</kw>
<kw name="Evaluate" owner="BuiltIn">
<msg time="2025-09-25T12:37:01.111958" level="INFO">${total_spent} = 1555</msg>
<var>${total_spent}</var>
<arg>${total_spent} + ${spent}</arg>
<doc>Evaluates the given expression in Python and returns the result.</doc>
<status status="PASS" start="2025-09-25T12:37:01.111832" elapsed="0.000171"/>
</kw>
<status status="PASS" start="2025-09-25T12:37:01.111138" elapsed="0.000906"/>
</branch>
<status status="PASS" start="2025-09-25T12:37:01.111123" elapsed="0.000967"/>
</if>
<var name="${i}">14</var>
<status status="PASS" start="2025-09-25T12:37:01.059748" elapsed="0.052357"/>
</iter>
<iter>
<kw name="Set Variable" owner="BuiltIn">
<msg time="2025-09-25T12:37:01.112407" level="INFO">${current_row_locator} = (//table//tbody//tr)[15]</msg>
<var>${current_row_locator}</var>
<arg>(${table_row})[${i}]</arg>
<doc>Returns the given values which can then be assigned to a variables.</doc>
<status status="PASS" start="2025-09-25T12:37:01.112299" elapsed="0.000151"/>
</kw>
<kw name="Set Variable" owner="BuiltIn">
<msg time="2025-09-25T12:37:01.112606" level="INFO">${name_locator} = (//table//tbody//tr)[15]/td[2]//a/div</msg>
<var>${name_locator}</var>
<arg>${current_row_locator}/td[2]//a/div</arg>
<doc>Returns the given values which can then be assigned to a variables.</doc>
<status status="PASS" start="2025-09-25T12:37:01.112519" elapsed="0.000127"/>
</kw>
<kw name="Get Text" owner="SeleniumLibrary">
<msg time="2025-09-25T12:37:01.128222" level="INFO">${raw_name} = Bonnie Runolfsdottir</msg>
<var>${raw_name}</var>
<arg>${name_locator}</arg>
<doc>Returns the text value of the element identified by ``locator``.</doc>
<status status="PASS" start="2025-09-25T12:37:01.112716" elapsed="0.015604"/>
</kw>
<kw name="Evaluate" owner="BuiltIn">
<msg time="2025-09-25T12:37:01.128774" level="INFO">${name} = Runolfsdottir</msg>
<var>${name}</var>
<arg>" ".join("""${raw_name}""".split()[1:])</arg>
<doc>Evaluates the given expression in Python and returns the result.</doc>
<status status="PASS" start="2025-09-25T12:37:01.128562" elapsed="0.000265"/>
</kw>
<kw name="Log To Console" owner="BuiltIn">
<arg>\n====== User ${i} ======</arg>
<doc>Logs the given message to the console.</doc>
<status status="PASS" start="2025-09-25T12:37:01.128910" elapsed="0.000200"/>
</kw>
<kw name="Log To Console" owner="BuiltIn">
<arg>Name: ${name}</arg>
<doc>Logs the given message to the console.</doc>
<status status="PASS" start="2025-09-25T12:37:01.129401" elapsed="0.000138"/>
</kw>
<kw name="Set Variable" owner="BuiltIn">
<msg time="2025-09-25T12:37:01.129769" level="INFO">${spent_locator} = (//table//tbody//tr)[15]/td[5]</msg>
<var>${spent_locator}</var>
<arg>${current_row_locator}/td[5]</arg>
<doc>Returns the given values which can then be assigned to a variables.</doc>
<status status="PASS" start="2025-09-25T12:37:01.129660" elapsed="0.000157"/>
</kw>
<kw name="Get Text" owner="SeleniumLibrary">
<msg time="2025-09-25T12:37:01.139529" level="INFO">${spent_text} = $0.00</msg>
<var>${spent_text}</var>
<arg>${spent_locator}</arg>
<doc>Returns the text value of the element identified by ``locator``.</doc>
<status status="PASS" start="2025-09-25T12:37:01.129891" elapsed="0.009767"/>
</kw>
<kw name="Evaluate" owner="BuiltIn">
<msg time="2025-09-25T12:37:01.140135" level="INFO">${spent_text} = 0.00</msg>
<var>${spent_text}</var>
<arg>"""${spent_text}""".replace("$","").replace(",","").strip()</arg>
<doc>Evaluates the given expression in Python and returns the result.</doc>
<status status="PASS" start="2025-09-25T12:37:01.139872" elapsed="0.000313"/>
</kw>
<kw name="Evaluate" owner="BuiltIn">
<msg time="2025-09-25T12:37:01.140459" level="INFO">${spent} = 0</msg>
<var>${spent}</var>
<arg>int(${spent_text}) if ${spent_text} else 0</arg>
<doc>Evaluates the given expression in Python and returns the result.</doc>
<status status="PASS" start="2025-09-25T12:37:01.140290" elapsed="0.000225"/>
</kw>
<kw name="Log To Console" owner="BuiltIn">
<arg>Total spent: $${spent}</arg>
<doc>Logs the given message to the console.</doc>
<status status="PASS" start="2025-09-25T12:37:01.140635" elapsed="0.000150"/>
</kw>
<if>
<branch type="IF" condition="${spent} &gt; 0">
<kw name="Create Dictionary" owner="BuiltIn">
<var>${user}</var>
<arg>name=${name}</arg>
<arg>spent=${spent}</arg>
<doc>Creates and returns a dictionary based on the given ``items``.</doc>
<status status="NOT RUN" start="2025-09-25T12:37:01.140984" elapsed="0.000038"/>
</kw>
<kw name="Append To List" owner="Collections">
<arg>${users_with_spent}</arg>
<arg>${user}</arg>
<doc>Adds ``values`` to the end of ``list``.</doc>
<status status="NOT RUN" start="2025-09-25T12:37:01.141086" elapsed="0.000033"/>
</kw>
<kw name="Evaluate" owner="BuiltIn">
<var>${total_spent}</var>
<arg>${total_spent} + ${spent}</arg>
<doc>Evaluates the given expression in Python and returns the result.</doc>
<status status="NOT RUN" start="2025-09-25T12:37:01.141177" elapsed="0.000032"/>
</kw>
<status status="NOT RUN" start="2025-09-25T12:37:01.140863" elapsed="0.000378"/>
</branch>
<status status="PASS" start="2025-09-25T12:37:01.140847" elapsed="0.000431"/>
</if>
<var name="${i}">15</var>
<status status="PASS" start="2025-09-25T12:37:01.112231" elapsed="0.029060"/>
</iter>
<iter>
<kw name="Set Variable" owner="BuiltIn">
<msg time="2025-09-25T12:37:01.141575" level="INFO">${current_row_locator} = (//table//tbody//tr)[16]</msg>
<var>${current_row_locator}</var>
<arg>(${table_row})[${i}]</arg>
<doc>Returns the given values which can then be assigned to a variables.</doc>
<status status="PASS" start="2025-09-25T12:37:01.141472" elapsed="0.000148"/>
</kw>
<kw name="Set Variable" owner="BuiltIn">
<msg time="2025-09-25T12:37:01.141767" level="INFO">${name_locator} = (//table//tbody//tr)[16]/td[2]//a/div</msg>
<var>${name_locator}</var>
<arg>${current_row_locator}/td[2]//a/div</arg>
<doc>Returns the given values which can then be assigned to a variables.</doc>
<status status="PASS" start="2025-09-25T12:37:01.141682" elapsed="0.000123"/>
</kw>
<kw name="Get Text" owner="SeleniumLibrary">
<msg time="2025-09-25T12:37:01.152800" level="INFO">${raw_name} = Katharina Kling</msg>
<var>${raw_name}</var>
<arg>${name_locator}</arg>
<doc>Returns the text value of the element identified by ``locator``.</doc>
<status status="PASS" start="2025-09-25T12:37:01.141879" elapsed="0.011019"/>
</kw>
<kw name="Evaluate" owner="BuiltIn">
<msg time="2025-09-25T12:37:01.153200" level="INFO">${name} = Kling</msg>
<var>${name}</var>
<arg>" ".join("""${raw_name}""".split()[1:])</arg>
<doc>Evaluates the given expression in Python and returns the result.</doc>
<status status="PASS" start="2025-09-25T12:37:01.153021" elapsed="0.000222"/>
</kw>
<kw name="Log To Console" owner="BuiltIn">
<arg>\n====== User ${i} ======</arg>
<doc>Logs the given message to the console.</doc>
<status status="PASS" start="2025-09-25T12:37:01.153313" elapsed="0.000125"/>
</kw>
<kw name="Log To Console" owner="BuiltIn">
<arg>Name: ${name}</arg>
<doc>Logs the given message to the console.</doc>
<status status="PASS" start="2025-09-25T12:37:01.153507" elapsed="0.000090"/>
</kw>
<kw name="Set Variable" owner="BuiltIn">
<msg time="2025-09-25T12:37:01.153752" level="INFO">${spent_locator} = (//table//tbody//tr)[16]/td[5]</msg>
<var>${spent_locator}</var>
<arg>${current_row_locator}/td[5]</arg>
<doc>Returns the given values which can then be assigned to a variables.</doc>
<status status="PASS" start="2025-09-25T12:37:01.153665" elapsed="0.000135"/>
</kw>
<kw name="Get Text" owner="SeleniumLibrary">
[...]
<var>${raw_name}</var>
<arg>${name_locator}</arg>
<doc>Returns the text value of the element identified by ``locator``.</doc>
<status status="PASS" start="2025-09-25T12:37:01.401725" elapsed="0.013385"/>
</kw>
<kw name="Evaluate" owner="BuiltIn">
<msg time="2025-09-25T12:37:01.415403" level="INFO">${name} = Trantow</msg>
<var>${name}</var>
<arg>" ".join("""${raw_name}""".split()[1:])</arg>
<doc>Evaluates the given expression in Python and returns the result.</doc>
<status status="PASS" start="2025-09-25T12:37:01.415232" elapsed="0.000211"/>
</kw>
<kw name="Log To Console" owner="BuiltIn">
<arg>\n====== User ${i} ======</arg>
<doc>Logs the given message to the console.</doc>
<status status="PASS" start="2025-09-25T12:37:01.415516" elapsed="0.000119"/>
</kw>
<kw name="Log To Console" owner="BuiltIn">
<arg>Name: ${name}</arg>
<doc>Logs the given message to the console.</doc>
<status status="PASS" start="2025-09-25T12:37:01.415707" elapsed="0.000091"/>
</kw>
<kw name="Set Variable" owner="BuiltIn">
<msg time="2025-09-25T12:37:01.415955" level="INFO">${spent_locator} = (//table//tbody//tr)[23]/td[5]</msg>
<var>${spent_locator}</var>
<arg>${current_row_locator}/td[5]</arg>
<doc>Returns the given values which can then be assigned to a variables.</doc>
<status status="PASS" start="2025-09-25T12:37:01.415868" elapsed="0.000126"/>
</kw>
<kw name="Get Text" owner="SeleniumLibrary">
<msg time="2025-09-25T12:37:01.426364" level="INFO">${spent_text} = $811.76</msg>
<var>${spent_text}</var>
<arg>${spent_locator}</arg>
<doc>Returns the text value of the element identified by ``locator``.</doc>
<status status="PASS" start="2025-09-25T12:37:01.416059" elapsed="0.010402"/>
</kw>
<kw name="Evaluate" owner="BuiltIn">
<msg time="2025-09-25T12:37:01.426778" level="INFO">${spent_text} = 811.76</msg>
<var>${spent_text}</var>
<arg>"""${spent_text}""".replace("$","").replace(",","").strip()</arg>
<doc>Evaluates the given expression in Python and returns the result.</doc>
<status status="PASS" start="2025-09-25T12:37:01.426583" elapsed="0.000238"/>
</kw>
<kw name="Evaluate" owner="BuiltIn">
<msg time="2025-09-25T12:37:01.427015" level="INFO">${spent} = 811</msg>
<var>${spent}</var>
<arg>int(${spent_text}) if ${spent_text} else 0</arg>
<doc>Evaluates the given expression in Python and returns the result.</doc>
<status status="PASS" start="2025-09-25T12:37:01.426893" elapsed="0.000162"/>
</kw>
<kw name="Log To Console" owner="BuiltIn">
<arg>Total spent: $${spent}</arg>
<doc>Logs the given message to the console.</doc>
<status status="PASS" start="2025-09-25T12:37:01.427122" elapsed="0.000109"/>
</kw>
<if>
<branch type="IF" condition="${spent} &gt; 0">
<kw name="Create Dictionary" owner="BuiltIn">
<msg time="2025-09-25T12:37:01.427538" level="INFO">${user} = {'name': 'Trantow', 'spent': 811}</msg>
<var>${user}</var>
<arg>name=${name}</arg>
<arg>spent=${spent}</arg>
<doc>Creates and returns a dictionary based on the given ``items``.</doc>
<status status="PASS" start="2025-09-25T12:37:01.427401" elapsed="0.000179"/>
</kw>
<kw name="Append To List" owner="Collections">
<arg>${users_with_spent}</arg>
<arg>${user}</arg>
<doc>Adds ``values`` to the end of ``list``.</doc>
<status status="PASS" start="2025-09-25T12:37:01.427645" elapsed="0.000087"/>
</kw>
<kw name="Evaluate" owner="BuiltIn">
<msg time="2025-09-25T12:37:01.428100" level="INFO">${total_spent} = 4733</msg>
<var>${total_spent}</var>
<arg>${total_spent} + ${spent}</arg>
<doc>Evaluates the given expression in Python and returns the result.</doc>
<status status="PASS" start="2025-09-25T12:37:01.427797" elapsed="0.000359"/>
</kw>
<status status="PASS" start="2025-09-25T12:37:01.427295" elapsed="0.000912"/>
</branch>
<status status="PASS" start="2025-09-25T12:37:01.427280" elapsed="0.000972"/>
</if>
<var name="${i}">23</var>
<status status="PASS" start="2025-09-25T12:37:01.401225" elapsed="0.027043"/>
</iter>
<iter>
<kw name="Set Variable" owner="BuiltIn">
<msg time="2025-09-25T12:37:01.428654" level="INFO">${current_row_locator} = (//table//tbody//tr)[24]</msg>
<var>${current_row_locator}</var>
<arg>(${table_row})[${i}]</arg>
<doc>Returns the given values which can then be assigned to a variables.</doc>
<status status="PASS" start="2025-09-25T12:37:01.428517" elapsed="0.000357"/>
</kw>
<kw name="Set Variable" owner="BuiltIn">
<msg time="2025-09-25T12:37:01.429262" level="INFO">${name_locator} = (//table//tbody//tr)[24]/td[2]//a/div</msg>
<var>${name_locator}</var>
<arg>${current_row_locator}/td[2]//a/div</arg>
<doc>Returns the given values which can then be assigned to a variables.</doc>
<status status="PASS" start="2025-09-25T12:37:01.429133" elapsed="0.000180"/>
</kw>
<kw name="Get Text" owner="SeleniumLibrary">
<msg time="2025-09-25T12:37:01.440505" level="INFO">${raw_name} = D
Dahlia O'Connell</msg>
<var>${raw_name}</var>
<arg>${name_locator}</arg>
<doc>Returns the text value of the element identified by ``locator``.</doc>
<status status="PASS" start="2025-09-25T12:37:01.429387" elapsed="0.011219"/>
</kw>
<kw name="Evaluate" owner="BuiltIn">
<msg time="2025-09-25T12:37:01.440910" level="INFO">${name} = Dahlia O'Connell</msg>
<var>${name}</var>
<arg>" ".join("""${raw_name}""".split()[1:])</arg>
<doc>Evaluates the given expression in Python and returns the result.</doc>
<status status="PASS" start="2025-09-25T12:37:01.440729" elapsed="0.000226"/>
</kw>
<kw name="Log To Console" owner="BuiltIn">
<arg>\n====== User ${i} ======</arg>
<doc>Logs the given message to the console.</doc>
<status status="PASS" start="2025-09-25T12:37:01.441027" elapsed="0.000125"/>
</kw>
<kw name="Log To Console" owner="BuiltIn">
<arg>Name: ${name}</arg>
<doc>Logs the given message to the console.</doc>
<status status="PASS" start="2025-09-25T12:37:01.441224" elapsed="0.000091"/>
</kw>
<kw name="Set Variable" owner="BuiltIn">
<msg time="2025-09-25T12:37:01.441477" level="INFO">${spent_locator} = (//table//tbody//tr)[24]/td[5]</msg>
<var>${spent_locator}</var>
<arg>${current_row_locator}/td[5]</arg>
<doc>Returns the given values which can then be assigned to a variables.</doc>
<status status="PASS" start="2025-09-25T12:37:01.441388" elapsed="0.000129"/>
</kw>
<kw name="Get Text" owner="SeleniumLibrary">
<msg time="2025-09-25T12:37:01.451273" level="INFO">${spent_text} = $0.00</msg>
<var>${spent_text}</var>
<arg>${spent_locator}</arg>
<doc>Returns the text value of the element identified by ``locator``.</doc>
<status status="PASS" start="2025-09-25T12:37:01.441584" elapsed="0.009792"/>
</kw>
<kw name="Evaluate" owner="BuiltIn">
<msg time="2025-09-25T12:37:01.451697" level="INFO">${spent_text} = 0.00</msg>
<var>${spent_text}</var>
<arg>"""${spent_text}""".replace("$","").replace(",","").strip()</arg>
<doc>Evaluates the given expression in Python and returns the result.</doc>
<status status="PASS" start="2025-09-25T12:37:01.451500" elapsed="0.000238"/>
</kw>
<kw name="Evaluate" owner="BuiltIn">
<msg time="2025-09-25T12:37:01.451945" level="INFO">${spent} = 0</msg>
<var>${spent}</var>
<arg>int(${spent_text}) if ${spent_text} else 0</arg>
<doc>Evaluates the given expression in Python and returns the result.</doc>
<status status="PASS" start="2025-09-25T12:37:01.451821" elapsed="0.000161"/>
</kw>
<kw name="Log To Console" owner="BuiltIn">
<arg>Total spent: $${spent}</arg>
<doc>Logs the given message to the console.</doc>
<status status="PASS" start="2025-09-25T12:37:01.452050" elapsed="0.000101"/>
</kw>
<if>
<branch type="IF" condition="${spent} &gt; 0">
<kw name="Create Dictionary" owner="BuiltIn">
<var>${user}</var>
<arg>name=${name}</arg>
<arg>spent=${spent}</arg>
<doc>Creates and returns a dictionary based on the given ``items``.</doc>
<status status="NOT RUN" start="2025-09-25T12:37:01.452320" elapsed="0.000036"/>
</kw>
<kw name="Append To List" owner="Collections">
<arg>${users_with_spent}</arg>
<arg>${user}</arg>
<doc>Adds ``values`` to the end of ``list``.</doc>
<status status="NOT RUN" start="2025-09-25T12:37:01.452418" elapsed="0.000031"/>
</kw>
<kw name="Evaluate" owner="BuiltIn">
<var>${total_spent}</var>
<arg>${total_spent} + ${spent}</arg>
<doc>Evaluates the given expression in Python and returns the result.</doc>
<status status="NOT RUN" start="2025-09-25T12:37:01.452508" elapsed="0.000032"/>
</kw>
<status status="NOT RUN" start="2025-09-25T12:37:01.452216" elapsed="0.000357"/>
</branch>
<status status="PASS" start="2025-09-25T12:37:01.452203" elapsed="0.000406"/>
</if>
<var name="${i}">24</var>
<status status="PASS" start="2025-09-25T12:37:01.428405" elapsed="0.024217"/>
</iter>
<iter>
<kw name="Set Variable" owner="BuiltIn">
<msg time="2025-09-25T12:37:01.452892" level="INFO">${current_row_locator} = (//table//tbody//tr)[25]</msg>
<var>${current_row_locator}</var>
<arg>(${table_row})[${i}]</arg>
<doc>Returns the given values which can then be assigned to a variables.</doc>
<status status="PASS" start="2025-09-25T12:37:01.452795" elapsed="0.000138"/>
</kw>
<kw name="Set Variable" owner="BuiltIn">
<msg time="2025-09-25T12:37:01.453093" level="INFO">${name_locator} = (//table//tbody//tr)[25]/td[2]//a/div</msg>
<var>${name_locator}</var>
<arg>${current_row_locator}/td[2]//a/div</arg>
<doc>Returns the given values which can then be assigned to a variables.</doc>
<status status="PASS" start="2025-09-25T12:37:01.452994" elapsed="0.000136"/>
</kw>
<kw name="Get Text" owner="SeleniumLibrary">
<msg time="2025-09-25T12:37:01.489525" level="INFO">${raw_name} = Montana Gislason</msg>
<var>${raw_name}</var>
<arg>${name_locator}</arg>
<doc>Returns the text value of the element identified by ``locator``.</doc>
<status status="PASS" start="2025-09-25T12:37:01.453193" elapsed="0.036444"/>
</kw>
<kw name="Evaluate" owner="BuiltIn">
<msg time="2025-09-25T12:37:01.490054" level="INFO">${name} = Gislason</msg>
<var>${name}</var>
<arg>" ".join("""${raw_name}""".split()[1:])</arg>
<doc>Evaluates the given expression in Python and returns the result.</doc>
<status status="PASS" start="2025-09-25T12:37:01.489826" elapsed="0.000292"/>
</kw>
<kw name="Log To Console" owner="BuiltIn">
<arg>\n====== User ${i} ======</arg>
<doc>Logs the given message to the console.</doc>
<status status="PASS" start="2025-09-25T12:37:01.490206" elapsed="0.000151"/>
</kw>
<kw name="Log To Console" owner="BuiltIn">
<arg>Name: ${name}</arg>
<doc>Logs the given message to the console.</doc>
<status status="PASS" start="2025-09-25T12:37:01.490432" elapsed="0.000092"/>
</kw>
<kw name="Set Variable" owner="BuiltIn">
<msg time="2025-09-25T12:37:01.490685" level="INFO">${spent_locator} = (//table//tbody//tr)[25]/td[5]</msg>
<var>${spent_locator}</var>
<arg>${current_row_locator}/td[5]</arg>
<doc>Returns the given values which can then be assigned to a variables.</doc>
<status status="PASS" start="2025-09-25T12:37:01.490594" elapsed="0.000136"/>
</kw>
<kw name="Get Text" owner="SeleniumLibrary">
<msg time="2025-09-25T12:37:01.507552" level="INFO">${spent_text} = $717.91</msg>
<var>${spent_text}</var>
<arg>${spent_locator}</arg>
<doc>Returns the text value of the element identified by ``locator``.</doc>
<status status="PASS" start="2025-09-25T12:37:01.491869" elapsed="0.015782"/>
</kw>
<kw name="Evaluate" owner="BuiltIn">
<msg time="2025-09-25T12:37:01.507967" level="INFO">${spent_text} = 717.91</msg>
<var>${spent_text}</var>
<arg>"""${spent_text}""".replace("$","").replace(",","").strip()</arg>
<doc>Evaluates the given expression in Python and returns the result.</doc>
<status status="PASS" start="2025-09-25T12:37:01.507773" elapsed="0.000238"/>
</kw>
<kw name="Evaluate" owner="BuiltIn">
<msg time="2025-09-25T12:37:01.508334" level="INFO">${spent} = 717</msg>
<var>${spent}</var>
<arg>int(${spent_text}) if ${spent_text} else 0</arg>
<doc>Evaluates the given expression in Python and returns the result.</doc>
<status status="PASS" start="2025-09-25T12:37:01.508193" elapsed="0.000184"/>
</kw>
<kw name="Log To Console" owner="BuiltIn">
<arg>Total spent: $${spent}</arg>
<doc>Logs the given message to the console.</doc>
<status status="PASS" start="2025-09-25T12:37:01.508449" elapsed="0.000108"/>
</kw>
<if>
<branch type="IF" condition="${spent} &gt; 0">
<kw name="Create Dictionary" owner="BuiltIn">
<msg time="2025-09-25T12:37:01.508977" level="INFO">${user} = {'name': 'Gislason', 'spent': 717}</msg>
<var>${user}</var>
<arg>name=${name}</arg>
<arg>spent=${spent}</arg>
<doc>Creates and returns a dictionary based on the given ``items``.</doc>
<status status="PASS" start="2025-09-25T12:37:01.508807" elapsed="0.000248"/>
</kw>
<kw name="Append To List" owner="Collections">
<arg>${users_with_spent}</arg>
<arg>${user}</arg>
<doc>Adds ``values`` to the end of ``list``.</doc>
<status status="PASS" start="2025-09-25T12:37:01.509153" elapsed="0.000114"/>
</kw>
<kw name="Evaluate" owner="BuiltIn">
<msg time="2025-09-25T12:37:01.509467" level="INFO">${total_spent} = 5450</msg>
<var>${total_spent}</var>
<arg>${total_spent} + ${spent}</arg>
<doc>Evaluates the given expression in Python and returns the result.</doc>
<status status="PASS" start="2025-09-25T12:37:01.509344" elapsed="0.000169"/>
</kw>
<status status="PASS" start="2025-09-25T12:37:01.508650" elapsed="0.000903"/>
</branch>
<status status="PASS" start="2025-09-25T12:37:01.508628" elapsed="0.000966"/>
</if>
<var name="${i}">25</var>
<status status="PASS" start="2025-09-25T12:37:01.452731" elapsed="0.056876"/>
</iter>
<var>${i}</var>
<value>1</value>
<value>${row_count}+1</value>
<status status="PASS" start="2025-09-25T12:37:00.559542" elapsed="0.950109"/>
</for>
<kw name="Log To Console" owner="BuiltIn">
<arg>\n--- Users with Spending ---</arg>
<doc>Logs the given message to the console.</doc>
<status status="PASS" start="2025-09-25T12:37:01.509734" elapsed="0.000098"/>
</kw>
<for flavor="IN">
<iter>
<kw name="Log To Console" owner="BuiltIn">
<arg>${user['name']}: $${user['spent']}</arg>
<doc>Logs the given message to the console.</doc>
<status status="PASS" start="2025-09-25T12:37:01.510046" elapsed="0.000581"/>
</kw>
<var name="${user}">{'name': 'Brekke', 'spent': 570}</var>
<status status="PASS" start="2025-09-25T12:37:01.509977" elapsed="0.000696"/>
</iter>
<iter>
<kw name="Log To Console" owner="BuiltIn">
<arg>${user['name']}: $${user['spent']}</arg>
<doc>Logs the given message to the console.</doc>
<status status="PASS" start="2025-09-25T12:37:01.510799" elapsed="0.000451"/>
</kw>
<var name="${user}">{'name': 'Marks', 'spent': 200}</var>
<status status="PASS" start="2025-09-25T12:37:01.510740" elapsed="0.000552"/>
</iter>
<iter>
<kw name="Log To Console" owner="BuiltIn">
<arg>${user['name']}: $${user['spent']}</arg>
<doc>Logs the given message to the console.</doc>
<status status="PASS" start="2025-09-25T12:37:01.511414" elapsed="0.000442"/>
</kw>
<var name="${user}">{'name': 'Mayer', 'spent': 573}</var>
<status status="PASS" start="2025-09-25T12:37:01.511356" elapsed="0.000542"/>
</iter>
<iter>
<kw name="Log To Console" owner="BuiltIn">
<arg>${user['name']}: $${user['spent']}</arg>
<doc>Logs the given message to the console.</doc>
<status status="PASS" start="2025-09-25T12:37:01.512019" elapsed="0.000424"/>
</kw>
<var name="${user}">{'name': 'Trantow', 'spent': 212}</var>
<status status="PASS" start="2025-09-25T12:37:01.511963" elapsed="0.000606"/>
</iter>
<iter>
<kw name="Log To Console" owner="BuiltIn">
<arg>${user['name']}: $${user['spent']}</arg>
<doc>Logs the given message to the console.</doc>
<status status="PASS" start="2025-09-25T12:37:01.512689" elapsed="0.000453"/>
</kw>
<var name="${user}">{'name': 'Kling', 'spent': 102}</var>
<status status="PASS" start="2025-09-25T12:37:01.512631" elapsed="0.000552"/>
</iter>
<iter>
<kw name="Log To Console" owner="BuiltIn">
<arg>${user['name']}: $${user['spent']}</arg>
<doc>Logs the given message to the console.</doc>
<status status="PASS" start="2025-09-25T12:37:01.513298" elapsed="0.000430"/>
</kw>
<var name="${user}">{'name': 'Beatty', 'spent': 1124}</var>
<status status="PASS" start="2025-09-25T12:37:01.513242" elapsed="0.000526"/>
</iter>
<iter>
<kw name="Log To Console" owner="BuiltIn">
<arg>${user['name']}: $${user['spent']}</arg>
<doc>Logs the given message to the console.</doc>
<status status="PASS" start="2025-09-25T12:37:01.513888" elapsed="0.000434"/>
</kw>
<var name="${user}">{'name': 'Kohler', 'spent': 221}</var>
<status status="PASS" start="2025-09-25T12:37:01.513829" elapsed="0.000534"/>
</iter>
<iter>
<kw name="Log To Console" owner="BuiltIn">
<arg>${user['name']}: $${user['spent']}</arg>
<doc>Logs the given message to the console.</doc>
<status status="PASS" start="2025-09-25T12:37:01.514477" elapsed="0.000417"/>
</kw>
<var name="${user}">{'name': 'Veum', 'spent': 920}</var>
<status status="PASS" start="2025-09-25T12:37:01.514423" elapsed="0.000512"/>
</iter>
<iter>
<kw name="Log To Console" owner="BuiltIn">
<arg>${user['name']}: $${user['spent']}</arg>
<doc>Logs the given message to the console.</doc>
<status status="PASS" start="2025-09-25T12:37:01.515049" elapsed="0.000419"/>
</kw>
<var name="${user}">{'name': 'Trantow', 'spent': 811}</var>
<status status="PASS" start="2025-09-25T12:37:01.514993" elapsed="0.000515"/>
</iter>
<iter>
<kw name="Log To Console" owner="BuiltIn">
<arg>${user['name']}: $${user['spent']}</arg>
<doc>Logs the given message to the console.</doc>
<status status="PASS" start="2025-09-25T12:37:01.515619" elapsed="0.000414"/>
</kw>
<var name="${user}">{'name': 'Gislason', 'spent': 717}</var>
<status status="PASS" start="2025-09-25T12:37:01.515566" elapsed="0.000507"/>
</iter>
<var>${user}</var>
<value>@{users_with_spent}</value>
<status status="PASS" start="2025-09-25T12:37:01.509885" elapsed="0.006225"/>
</for>
<kw name="Log To Console" owner="BuiltIn">
<arg>\n=========================</arg>
<doc>Logs the given message to the console.</doc>
<status status="PASS" start="2025-09-25T12:37:01.516183" elapsed="0.000084"/>
</kw>
<kw name="Log To Console" owner="BuiltIn">
<arg>Total Customer Spending: $${total_spent}</arg>
<doc>Logs the given message to the console.</doc>
<status status="PASS" start="2025-09-25T12:37:01.516331" elapsed="0.000081"/>
</kw>
<kw name="Log To Console" owner="BuiltIn">
<arg>=========================</arg>
<doc>Logs the given message to the console.</doc>
<status status="PASS" start="2025-09-25T12:37:01.516476" elapsed="0.000071"/>
</kw>
<if>
<branch type="IF" condition="${total_spent} &lt; ${MIN_TOTAL_SPENDING}">
<kw name="Log To Console" owner="BuiltIn">
<arg>FAIL: Total spending ($${total_spent}) is below minimum threshold ($${MIN_TOTAL_SPENDING})</arg>
<doc>Logs the given message to the console.</doc>
<status status="NOT RUN" start="2025-09-25T12:37:01.516698" elapsed="0.000033"/>
</kw>
<kw name="Fail" owner="BuiltIn">
<arg>Total spending below minimum threshold</arg>
<doc>Fails the test with the given message and optionally alters its tags.</doc>
<status status="NOT RUN" start="2025-09-25T12:37:01.516796" elapsed="0.000033"/>
</kw>
<status status="NOT RUN" start="2025-09-25T12:37:01.516598" elapsed="0.000262"/>
</branch>
<branch type="ELSE">
<kw name="Log To Console" owner="BuiltIn">
<arg>PASS: Total spending ($${total_spent}) meets minimum threshold ($${MIN_TOTAL_SPENDING})</arg>
<doc>Logs the given message to the console.</doc>
<status status="PASS" start="2025-09-25T12:37:01.516950" elapsed="0.000088"/>
</kw>
<status status="PASS" start="2025-09-25T12:37:01.516892" elapsed="0.000187"/>
</branch>
<status status="PASS" start="2025-09-25T12:37:01.516589" elapsed="0.000524"/>
</if>
<status status="PASS" start="2025-09-25T12:36:59.955008" elapsed="1.562133"/>
</kw>
<status status="PASS" start="2025-09-25T12:36:57.481970" elapsed="4.035270"/>
</test>
<status status="PASS" start="2025-09-25T12:36:57.357544" elapsed="4.159981"/>
</suite>
<statistics>
<total>
<stat pass="1" fail="0" skip="0">All Tests</stat>
</total>
<tag>
</tag>
<suite>
<stat pass="1" fail="0" skip="0" id="s1" name="Activity1">Activity1</stat>
</suite>
</statistics>
<errors>
</errors>
</robot>
